{"/home/bisagn/Documents/Document Development/Testing Suite 2/server.js": {"path":"/home/bisagn/Documents/Document Development/Testing Suite 2/server.js","statementMap":{"0":{"start":{"line":2,"column":0},"end":{"line":2,"column":27}},"1":{"start":{"line":3,"column":16},"end":{"line":3,"column":34}},"2":{"start":{"line":4,"column":15},"end":{"line":4,"column":34}},"3":{"start":{"line":5,"column":12},"end":{"line":5,"column":35}},"4":{"start":{"line":6,"column":21},"end":{"line":6,"column":45}},"5":{"start":{"line":7,"column":13},"end":{"line":7,"column":28}},"6":{"start":{"line":8,"column":15},"end":{"line":8,"column":32}},"7":{"start":{"line":9,"column":18},"end":{"line":9,"column":47}},"8":{"start":{"line":10,"column":20},"end":{"line":10,"column":42}},"9":{"start":{"line":11,"column":35},"end":{"line":11,"column":63}},"10":{"start":{"line":12,"column":23},"end":{"line":12,"column":38}},"11":{"start":{"line":13,"column":14},"end":{"line":13,"column":30}},"12":{"start":{"line":14,"column":11},"end":{"line":14,"column":24}},"13":{"start":{"line":15,"column":13},"end":{"line":15,"column":28}},"14":{"start":{"line":16,"column":16},"end":{"line":16,"column":34}},"15":{"start":{"line":19,"column":15},"end":{"line":30,"column":2}},"16":{"start":{"line":32,"column":12},"end":{"line":32,"column":21}},"17":{"start":{"line":33,"column":13},"end":{"line":33,"column":37}},"18":{"start":{"line":36,"column":0},"end":{"line":47,"column":4}},"19":{"start":{"line":50,"column":19},"end":{"line":56,"column":2}},"20":{"start":{"line":57,"column":0},"end":{"line":57,"column":29}},"21":{"start":{"line":59,"column":20},"end":{"line":64,"column":2}},"22":{"start":{"line":67,"column":24},"end":{"line":67,"column":70}},"23":{"start":{"line":69,"column":2},"end":{"line":69,"column":60}},"24":{"start":{"line":69,"column":30},"end":{"line":69,"column":60}},"25":{"start":{"line":70,"column":2},"end":{"line":77,"column":3}},"26":{"start":{"line":71,"column":4},"end":{"line":74,"column":5}},"27":{"start":{"line":72,"column":16},"end":{"line":72,"column":63}},"28":{"start":{"line":73,"column":6},"end":{"line":73,"column":40}},"29":{"start":{"line":73,"column":31},"end":{"line":73,"column":40}},"30":{"start":{"line":76,"column":4},"end":{"line":76,"column":74}},"31":{"start":{"line":80,"column":17},"end":{"line":80,"column":34}},"32":{"start":{"line":81,"column":17},"end":{"line":81,"column":55}},"33":{"start":{"line":82,"column":2},"end":{"line":88,"column":3}},"34":{"start":{"line":83,"column":4},"end":{"line":83,"column":69}},"35":{"start":{"line":84,"column":4},"end":{"line":84,"column":63}},"36":{"start":{"line":85,"column":4},"end":{"line":85,"column":44}},"37":{"start":{"line":87,"column":4},"end":{"line":87,"column":74}},"38":{"start":{"line":89,"column":2},"end":{"line":89,"column":16}},"39":{"start":{"line":91,"column":19},"end":{"line":91,"column":33}},"40":{"start":{"line":92,"column":19},"end":{"line":92,"column":23}},"41":{"start":{"line":93,"column":32},"end":{"line":93,"column":34}},"42":{"start":{"line":94,"column":30},"end":{"line":94,"column":65}},"43":{"start":{"line":97,"column":22},"end":{"line":97,"column":86}},"44":{"start":{"line":98,"column":23},"end":{"line":98,"column":89}},"45":{"start":{"line":99,"column":18},"end":{"line":99,"column":79}},"46":{"start":{"line":100,"column":22},"end":{"line":100,"column":31}},"47":{"start":{"line":103,"column":17},"end":{"line":103,"column":45}},"48":{"start":{"line":104,"column":19},"end":{"line":104,"column":52}},"49":{"start":{"line":105,"column":20},"end":{"line":105,"column":50}},"50":{"start":{"line":106,"column":22},"end":{"line":106,"column":58}},"51":{"start":{"line":107,"column":17},"end":{"line":107,"column":45}},"52":{"start":{"line":110,"column":0},"end":{"line":114,"column":3}},"53":{"start":{"line":111,"column":2},"end":{"line":113,"column":3}},"54":{"start":{"line":112,"column":4},"end":{"line":112,"column":56}},"55":{"start":{"line":117,"column":18},"end":{"line":117,"column":27}},"56":{"start":{"line":120,"column":2},"end":{"line":130,"column":5}},"57":{"start":{"line":121,"column":22},"end":{"line":128,"column":5}},"58":{"start":{"line":122,"column":6},"end":{"line":127,"column":7}},"59":{"start":{"line":123,"column":8},"end":{"line":123,"column":38}},"60":{"start":{"line":124,"column":8},"end":{"line":124,"column":18}},"61":{"start":{"line":126,"column":8},"end":{"line":126,"column":34}},"62":{"start":{"line":129,"column":4},"end":{"line":129,"column":16}},"63":{"start":{"line":134,"column":2},"end":{"line":134,"column":29}},"64":{"start":{"line":139,"column":2},"end":{"line":149,"column":3}},"65":{"start":{"line":140,"column":4},"end":{"line":140,"column":32}},"66":{"start":{"line":141,"column":4},"end":{"line":146,"column":5}},"67":{"start":{"line":142,"column":19},"end":{"line":142,"column":52}},"68":{"start":{"line":143,"column":21},"end":{"line":143,"column":37}},"69":{"start":{"line":144,"column":6},"end":{"line":144,"column":28}},"70":{"start":{"line":145,"column":6},"end":{"line":145,"column":20}},"71":{"start":{"line":148,"column":4},"end":{"line":148,"column":64}},"72":{"start":{"line":150,"column":2},"end":{"line":150,"column":24}},"73":{"start":{"line":151,"column":2},"end":{"line":151,"column":64}},"74":{"start":{"line":155,"column":2},"end":{"line":174,"column":3}},"75":{"start":{"line":156,"column":4},"end":{"line":156,"column":32}},"76":{"start":{"line":158,"column":4},"end":{"line":162,"column":5}},"77":{"start":{"line":159,"column":6},"end":{"line":159,"column":28}},"78":{"start":{"line":160,"column":6},"end":{"line":160,"column":62}},"79":{"start":{"line":161,"column":6},"end":{"line":161,"column":19}},"80":{"start":{"line":165,"column":21},"end":{"line":165,"column":38}},"81":{"start":{"line":166,"column":4},"end":{"line":166,"column":79}},"82":{"start":{"line":167,"column":4},"end":{"line":167,"column":38}},"83":{"start":{"line":168,"column":4},"end":{"line":168,"column":26}},"84":{"start":{"line":169,"column":4},"end":{"line":169,"column":16}},"85":{"start":{"line":171,"column":4},"end":{"line":171,"column":65}},"86":{"start":{"line":172,"column":4},"end":{"line":172,"column":26}},"87":{"start":{"line":173,"column":4},"end":{"line":173,"column":17}},"88":{"start":{"line":178,"column":2},"end":{"line":178,"column":46}},"89":{"start":{"line":178,"column":33},"end":{"line":178,"column":46}},"90":{"start":{"line":179,"column":2},"end":{"line":179,"column":43}},"91":{"start":{"line":183,"column":2},"end":{"line":183,"column":109}},"92":{"start":{"line":188,"column":14},"end":{"line":188,"column":44}},"93":{"start":{"line":189,"column":2},"end":{"line":189,"column":40}},"94":{"start":{"line":189,"column":29},"end":{"line":189,"column":40}},"95":{"start":{"line":191,"column":2},"end":{"line":209,"column":3}},"96":{"start":{"line":192,"column":20},"end":{"line":192,"column":28}},"97":{"start":{"line":193,"column":23},"end":{"line":193,"column":54}},"98":{"start":{"line":194,"column":4},"end":{"line":206,"column":7}},"99":{"start":{"line":207,"column":4},"end":{"line":207,"column":39}},"100":{"start":{"line":208,"column":4},"end":{"line":208,"column":68}},"101":{"start":{"line":210,"column":2},"end":{"line":210,"column":15}},"102":{"start":{"line":214,"column":16},"end":{"line":214,"column":46}},"103":{"start":{"line":215,"column":2},"end":{"line":215,"column":43}},"104":{"start":{"line":219,"column":2},"end":{"line":219,"column":42}},"105":{"start":{"line":219,"column":29},"end":{"line":219,"column":42}},"106":{"start":{"line":220,"column":2},"end":{"line":220,"column":38}},"107":{"start":{"line":224,"column":19},"end":{"line":224,"column":52}},"108":{"start":{"line":225,"column":2},"end":{"line":225,"column":49}},"109":{"start":{"line":229,"column":2},"end":{"line":229,"column":45}},"110":{"start":{"line":229,"column":32},"end":{"line":229,"column":45}},"111":{"start":{"line":230,"column":2},"end":{"line":230,"column":44}},"112":{"start":{"line":234,"column":14},"end":{"line":234,"column":24}},"113":{"start":{"line":235,"column":17},"end":{"line":235,"column":36}},"114":{"start":{"line":236,"column":2},"end":{"line":240,"column":5}},"115":{"start":{"line":237,"column":22},"end":{"line":237,"column":43}},"116":{"start":{"line":238,"column":25},"end":{"line":238,"column":64}},"117":{"start":{"line":239,"column":4},"end":{"line":239,"column":73}},"118":{"start":{"line":241,"column":2},"end":{"line":241,"column":31}},"119":{"start":{"line":242,"column":2},"end":{"line":242,"column":18}},"120":{"start":{"line":246,"column":2},"end":{"line":246,"column":50}},"121":{"start":{"line":250,"column":2},"end":{"line":250,"column":49}},"122":{"start":{"line":254,"column":2},"end":{"line":254,"column":50}},"123":{"start":{"line":258,"column":0},"end":{"line":258,"column":12}},"124":{"start":{"line":261,"column":0},"end":{"line":261,"column":23}},"125":{"start":{"line":262,"column":0},"end":{"line":267,"column":4}},"126":{"start":{"line":268,"column":0},"end":{"line":268,"column":41}},"127":{"start":{"line":269,"column":0},"end":{"line":269,"column":63}},"128":{"start":{"line":270,"column":0},"end":{"line":270,"column":24}},"129":{"start":{"line":271,"column":0},"end":{"line":274,"column":4}},"130":{"start":{"line":278,"column":14},"end":{"line":278,"column":34}},"131":{"start":{"line":279,"column":2},"end":{"line":284,"column":3}},"132":{"start":{"line":280,"column":23},"end":{"line":280,"column":48}},"133":{"start":{"line":281,"column":4},"end":{"line":283,"column":5}},"134":{"start":{"line":282,"column":6},"end":{"line":282,"column":34}},"135":{"start":{"line":286,"column":2},"end":{"line":288,"column":3}},"136":{"start":{"line":287,"column":4},"end":{"line":287,"column":73}},"137":{"start":{"line":290,"column":2},"end":{"line":333,"column":3}},"138":{"start":{"line":291,"column":20},"end":{"line":291,"column":49}},"139":{"start":{"line":292,"column":4},"end":{"line":294,"column":5}},"140":{"start":{"line":293,"column":6},"end":{"line":293,"column":73}},"141":{"start":{"line":297,"column":18},"end":{"line":297,"column":28}},"142":{"start":{"line":298,"column":17},"end":{"line":298,"column":57}},"143":{"start":{"line":298,"column":33},"end":{"line":298,"column":56}},"144":{"start":{"line":299,"column":4},"end":{"line":301,"column":5}},"145":{"start":{"line":300,"column":6},"end":{"line":300,"column":72}},"146":{"start":{"line":302,"column":4},"end":{"line":304,"column":5}},"147":{"start":{"line":303,"column":6},"end":{"line":303,"column":82}},"148":{"start":{"line":307,"column":21},"end":{"line":307,"column":43}},"149":{"start":{"line":308,"column":20},"end":{"line":308,"column":97}},"150":{"start":{"line":308,"column":39},"end":{"line":308,"column":96}},"151":{"start":{"line":309,"column":4},"end":{"line":311,"column":5}},"152":{"start":{"line":310,"column":6},"end":{"line":310,"column":107}},"153":{"start":{"line":314,"column":16},"end":{"line":314,"column":26}},"154":{"start":{"line":315,"column":25},"end":{"line":315,"column":76}},"155":{"start":{"line":316,"column":4},"end":{"line":320,"column":5}},"156":{"start":{"line":317,"column":24},"end":{"line":317,"column":79}},"157":{"start":{"line":317,"column":45},"end":{"line":317,"column":78}},"158":{"start":{"line":318,"column":6},"end":{"line":318,"column":30}},"159":{"start":{"line":319,"column":6},"end":{"line":319,"column":75}},"160":{"start":{"line":323,"column":4},"end":{"line":323,"column":45}},"161":{"start":{"line":324,"column":4},"end":{"line":324,"column":27}},"162":{"start":{"line":326,"column":4},"end":{"line":326,"column":20}},"163":{"start":{"line":327,"column":4},"end":{"line":327,"column":25}},"164":{"start":{"line":328,"column":4},"end":{"line":328,"column":38}},"165":{"start":{"line":329,"column":4},"end":{"line":329,"column":11}},"166":{"start":{"line":331,"column":4},"end":{"line":331,"column":67}},"167":{"start":{"line":332,"column":4},"end":{"line":332,"column":80}},"168":{"start":{"line":337,"column":2},"end":{"line":339,"column":3}},"169":{"start":{"line":338,"column":4},"end":{"line":338,"column":79}},"170":{"start":{"line":340,"column":2},"end":{"line":340,"column":9}},"171":{"start":{"line":345,"column":36},"end":{"line":345,"column":44}},"172":{"start":{"line":346,"column":17},"end":{"line":346,"column":19}},"173":{"start":{"line":348,"column":2},"end":{"line":350,"column":3}},"174":{"start":{"line":349,"column":4},"end":{"line":349,"column":48}},"175":{"start":{"line":351,"column":2},"end":{"line":353,"column":3}},"176":{"start":{"line":352,"column":4},"end":{"line":352,"column":43}},"177":{"start":{"line":354,"column":2},"end":{"line":356,"column":3}},"178":{"start":{"line":355,"column":4},"end":{"line":355,"column":53}},"179":{"start":{"line":359,"column":24},"end":{"line":359,"column":68}},"180":{"start":{"line":360,"column":2},"end":{"line":362,"column":3}},"181":{"start":{"line":361,"column":4},"end":{"line":361,"column":42}},"182":{"start":{"line":364,"column":2},"end":{"line":366,"column":3}},"183":{"start":{"line":365,"column":4},"end":{"line":365,"column":71}},"184":{"start":{"line":368,"column":2},"end":{"line":368,"column":9}},"185":{"start":{"line":374,"column":0},"end":{"line":415,"column":3}},"186":{"start":{"line":375,"column":2},"end":{"line":414,"column":3}},"187":{"start":{"line":376,"column":38},"end":{"line":376,"column":46}},"188":{"start":{"line":377,"column":27},"end":{"line":377,"column":53}},"189":{"start":{"line":378,"column":26},"end":{"line":378,"column":45}},"190":{"start":{"line":380,"column":18},"end":{"line":380,"column":34}},"191":{"start":{"line":381,"column":19},"end":{"line":381,"column":62}},"192":{"start":{"line":381,"column":35},"end":{"line":381,"column":61}},"193":{"start":{"line":382,"column":4},"end":{"line":384,"column":5}},"194":{"start":{"line":383,"column":6},"end":{"line":383,"column":82}},"195":{"start":{"line":386,"column":23},"end":{"line":386,"column":54}},"196":{"start":{"line":387,"column":20},"end":{"line":399,"column":5}},"197":{"start":{"line":398,"column":50},"end":{"line":398,"column":54}},"198":{"start":{"line":401,"column":4},"end":{"line":401,"column":24}},"199":{"start":{"line":402,"column":4},"end":{"line":402,"column":27}},"200":{"start":{"line":404,"column":4},"end":{"line":404,"column":82}},"201":{"start":{"line":406,"column":4},"end":{"line":410,"column":7}},"202":{"start":{"line":412,"column":4},"end":{"line":412,"column":58}},"203":{"start":{"line":413,"column":4},"end":{"line":413,"column":61}},"204":{"start":{"line":418,"column":0},"end":{"line":519,"column":3}},"205":{"start":{"line":419,"column":2},"end":{"line":518,"column":3}},"206":{"start":{"line":420,"column":42},"end":{"line":420,"column":50}},"207":{"start":{"line":422,"column":4},"end":{"line":424,"column":5}},"208":{"start":{"line":423,"column":6},"end":{"line":423,"column":85}},"209":{"start":{"line":426,"column":18},"end":{"line":426,"column":34}},"210":{"start":{"line":427,"column":27},"end":{"line":427,"column":53}},"211":{"start":{"line":428,"column":17},"end":{"line":428,"column":60}},"212":{"start":{"line":428,"column":33},"end":{"line":428,"column":59}},"213":{"start":{"line":430,"column":4},"end":{"line":433,"column":5}},"214":{"start":{"line":432,"column":6},"end":{"line":432,"column":77}},"215":{"start":{"line":435,"column":18},"end":{"line":435,"column":63}},"216":{"start":{"line":436,"column":4},"end":{"line":438,"column":5}},"217":{"start":{"line":437,"column":6},"end":{"line":437,"column":77}},"218":{"start":{"line":440,"column":4},"end":{"line":442,"column":5}},"219":{"start":{"line":441,"column":6},"end":{"line":441,"column":90}},"220":{"start":{"line":443,"column":4},"end":{"line":445,"column":5}},"221":{"start":{"line":444,"column":6},"end":{"line":444,"column":83}},"222":{"start":{"line":446,"column":4},"end":{"line":448,"column":5}},"223":{"start":{"line":447,"column":6},"end":{"line":447,"column":93}},"224":{"start":{"line":451,"column":4},"end":{"line":451,"column":46}},"225":{"start":{"line":452,"column":4},"end":{"line":452,"column":27}},"226":{"start":{"line":455,"column":16},"end":{"line":455,"column":26}},"227":{"start":{"line":456,"column":19},"end":{"line":456,"column":47}},"228":{"start":{"line":457,"column":4},"end":{"line":457,"column":58}},"229":{"start":{"line":457,"column":36},"end":{"line":457,"column":56}},"230":{"start":{"line":459,"column":22},"end":{"line":459,"column":30}},"231":{"start":{"line":460,"column":24},"end":{"line":460,"column":53}},"232":{"start":{"line":461,"column":18},"end":{"line":465,"column":5}},"233":{"start":{"line":468,"column":4},"end":{"line":476,"column":7}},"234":{"start":{"line":479,"column":25},"end":{"line":479,"column":67}},"235":{"start":{"line":479,"column":46},"end":{"line":479,"column":66}},"236":{"start":{"line":480,"column":4},"end":{"line":482,"column":5}},"237":{"start":{"line":481,"column":6},"end":{"line":481,"column":107}},"238":{"start":{"line":481,"column":38},"end":{"line":481,"column":105}},"239":{"start":{"line":485,"column":4},"end":{"line":487,"column":5}},"240":{"start":{"line":486,"column":6},"end":{"line":486,"column":38}},"241":{"start":{"line":489,"column":4},"end":{"line":489,"column":33}},"242":{"start":{"line":492,"column":4},"end":{"line":498,"column":7}},"243":{"start":{"line":500,"column":4},"end":{"line":500,"column":74}},"244":{"start":{"line":502,"column":4},"end":{"line":514,"column":7}},"245":{"start":{"line":516,"column":4},"end":{"line":516,"column":55}},"246":{"start":{"line":517,"column":4},"end":{"line":517,"column":61}},"247":{"start":{"line":522,"column":0},"end":{"line":547,"column":3}},"248":{"start":{"line":523,"column":14},"end":{"line":523,"column":34}},"249":{"start":{"line":524,"column":2},"end":{"line":529,"column":3}},"250":{"start":{"line":525,"column":23},"end":{"line":525,"column":48}},"251":{"start":{"line":526,"column":4},"end":{"line":528,"column":5}},"252":{"start":{"line":527,"column":6},"end":{"line":527,"column":34}},"253":{"start":{"line":531,"column":2},"end":{"line":543,"column":3}},"254":{"start":{"line":532,"column":4},"end":{"line":542,"column":5}},"255":{"start":{"line":533,"column":22},"end":{"line":533,"column":51}},"256":{"start":{"line":534,"column":6},"end":{"line":539,"column":7}},"257":{"start":{"line":535,"column":8},"end":{"line":538,"column":11}},"258":{"start":{"line":536,"column":28},"end":{"line":536,"column":83}},"259":{"start":{"line":536,"column":49},"end":{"line":536,"column":82}},"260":{"start":{"line":537,"column":10},"end":{"line":537,"column":34}},"261":{"start":{"line":545,"column":2},"end":{"line":545,"column":45}},"262":{"start":{"line":546,"column":2},"end":{"line":546,"column":44}},"263":{"start":{"line":550,"column":0},"end":{"line":560,"column":3}},"264":{"start":{"line":551,"column":12},"end":{"line":551,"column":20}},"265":{"start":{"line":552,"column":2},"end":{"line":559,"column":5}},"266":{"start":{"line":563,"column":0},"end":{"line":604,"column":3}},"267":{"start":{"line":564,"column":2},"end":{"line":603,"column":3}},"268":{"start":{"line":565,"column":51},"end":{"line":565,"column":59}},"269":{"start":{"line":566,"column":18},"end":{"line":566,"column":34}},"270":{"start":{"line":567,"column":17},"end":{"line":567,"column":53}},"271":{"start":{"line":567,"column":33},"end":{"line":567,"column":52}},"272":{"start":{"line":568,"column":4},"end":{"line":568,"column":81}},"273":{"start":{"line":568,"column":15},"end":{"line":568,"column":81}},"274":{"start":{"line":570,"column":4},"end":{"line":577,"column":5}},"275":{"start":{"line":571,"column":28},"end":{"line":571,"column":47}},"276":{"start":{"line":572,"column":6},"end":{"line":574,"column":7}},"277":{"start":{"line":573,"column":8},"end":{"line":573,"column":88}},"278":{"start":{"line":575,"column":6},"end":{"line":575,"column":32}},"279":{"start":{"line":576,"column":6},"end":{"line":576,"column":97}},"280":{"start":{"line":576,"column":56},"end":{"line":576,"column":60}},"281":{"start":{"line":579,"column":4},"end":{"line":591,"column":5}},"282":{"start":{"line":580,"column":6},"end":{"line":582,"column":7}},"283":{"start":{"line":581,"column":8},"end":{"line":581,"column":85}},"284":{"start":{"line":583,"column":20},"end":{"line":583,"column":72}},"285":{"start":{"line":584,"column":6},"end":{"line":586,"column":7}},"286":{"start":{"line":585,"column":8},"end":{"line":585,"column":86}},"287":{"start":{"line":587,"column":6},"end":{"line":589,"column":7}},"288":{"start":{"line":588,"column":8},"end":{"line":588,"column":97}},"289":{"start":{"line":590,"column":6},"end":{"line":590,"column":57}},"290":{"start":{"line":593,"column":4},"end":{"line":593,"column":27}},"291":{"start":{"line":594,"column":4},"end":{"line":594,"column":56}},"292":{"start":{"line":596,"column":4},"end":{"line":599,"column":7}},"293":{"start":{"line":601,"column":4},"end":{"line":601,"column":64}},"294":{"start":{"line":602,"column":4},"end":{"line":602,"column":61}},"295":{"start":{"line":609,"column":0},"end":{"line":623,"column":3}},"296":{"start":{"line":610,"column":2},"end":{"line":622,"column":3}},"297":{"start":{"line":611,"column":18},"end":{"line":617,"column":7}},"298":{"start":{"line":611,"column":47},"end":{"line":617,"column":5}},"299":{"start":{"line":618,"column":4},"end":{"line":618,"column":34}},"300":{"start":{"line":620,"column":4},"end":{"line":620,"column":59}},"301":{"start":{"line":621,"column":4},"end":{"line":621,"column":61}},"302":{"start":{"line":626,"column":0},"end":{"line":640,"column":3}},"303":{"start":{"line":627,"column":2},"end":{"line":639,"column":3}},"304":{"start":{"line":628,"column":18},"end":{"line":628,"column":34}},"305":{"start":{"line":629,"column":20},"end":{"line":634,"column":9}},"306":{"start":{"line":630,"column":19},"end":{"line":630,"column":41}},"307":{"start":{"line":631,"column":17},"end":{"line":634,"column":7}},"308":{"start":{"line":635,"column":4},"end":{"line":635,"column":66}},"309":{"start":{"line":637,"column":4},"end":{"line":637,"column":67}},"310":{"start":{"line":638,"column":4},"end":{"line":638,"column":61}},"311":{"start":{"line":643,"column":0},"end":{"line":661,"column":3}},"312":{"start":{"line":644,"column":2},"end":{"line":660,"column":3}},"313":{"start":{"line":645,"column":18},"end":{"line":645,"column":34}},"314":{"start":{"line":646,"column":17},"end":{"line":646,"column":56}},"315":{"start":{"line":646,"column":33},"end":{"line":646,"column":55}},"316":{"start":{"line":647,"column":4},"end":{"line":647,"column":81}},"317":{"start":{"line":647,"column":15},"end":{"line":647,"column":81}},"318":{"start":{"line":648,"column":4},"end":{"line":648,"column":91}},"319":{"start":{"line":648,"column":36},"end":{"line":648,"column":91}},"320":{"start":{"line":650,"column":4},"end":{"line":650,"column":29}},"321":{"start":{"line":651,"column":4},"end":{"line":651,"column":36}},"322":{"start":{"line":652,"column":4},"end":{"line":652,"column":47}},"323":{"start":{"line":653,"column":4},"end":{"line":653,"column":27}},"324":{"start":{"line":655,"column":4},"end":{"line":655,"column":81}},"325":{"start":{"line":656,"column":4},"end":{"line":656,"column":57}},"326":{"start":{"line":658,"column":4},"end":{"line":658,"column":62}},"327":{"start":{"line":659,"column":4},"end":{"line":659,"column":61}},"328":{"start":{"line":664,"column":0},"end":{"line":679,"column":3}},"329":{"start":{"line":665,"column":2},"end":{"line":678,"column":3}},"330":{"start":{"line":666,"column":18},"end":{"line":666,"column":34}},"331":{"start":{"line":667,"column":17},"end":{"line":667,"column":56}},"332":{"start":{"line":667,"column":33},"end":{"line":667,"column":55}},"333":{"start":{"line":668,"column":4},"end":{"line":668,"column":81}},"334":{"start":{"line":668,"column":15},"end":{"line":668,"column":81}},"335":{"start":{"line":670,"column":4},"end":{"line":670,"column":29}},"336":{"start":{"line":671,"column":4},"end":{"line":671,"column":27}},"337":{"start":{"line":673,"column":4},"end":{"line":673,"column":81}},"338":{"start":{"line":674,"column":4},"end":{"line":674,"column":57}},"339":{"start":{"line":676,"column":4},"end":{"line":676,"column":61}},"340":{"start":{"line":677,"column":4},"end":{"line":677,"column":61}},"341":{"start":{"line":682,"column":0},"end":{"line":703,"column":3}},"342":{"start":{"line":683,"column":2},"end":{"line":702,"column":3}},"343":{"start":{"line":684,"column":18},"end":{"line":684,"column":34}},"344":{"start":{"line":685,"column":17},"end":{"line":685,"column":56}},"345":{"start":{"line":685,"column":33},"end":{"line":685,"column":55}},"346":{"start":{"line":686,"column":4},"end":{"line":686,"column":81}},"347":{"start":{"line":686,"column":15},"end":{"line":686,"column":81}},"348":{"start":{"line":687,"column":4},"end":{"line":687,"column":107}},"349":{"start":{"line":687,"column":32},"end":{"line":687,"column":107}},"350":{"start":{"line":689,"column":4},"end":{"line":689,"column":30}},"351":{"start":{"line":690,"column":4},"end":{"line":690,"column":27}},"352":{"start":{"line":693,"column":19},"end":{"line":693,"column":38}},"353":{"start":{"line":694,"column":4},"end":{"line":694,"column":58}},"354":{"start":{"line":694,"column":36},"end":{"line":694,"column":56}},"355":{"start":{"line":695,"column":4},"end":{"line":695,"column":33}},"356":{"start":{"line":697,"column":4},"end":{"line":697,"column":82}},"357":{"start":{"line":698,"column":4},"end":{"line":698,"column":58}},"358":{"start":{"line":700,"column":4},"end":{"line":700,"column":62}},"359":{"start":{"line":701,"column":4},"end":{"line":701,"column":61}},"360":{"start":{"line":706,"column":0},"end":{"line":721,"column":3}},"361":{"start":{"line":707,"column":2},"end":{"line":720,"column":3}},"362":{"start":{"line":708,"column":18},"end":{"line":708,"column":34}},"363":{"start":{"line":709,"column":17},"end":{"line":709,"column":56}},"364":{"start":{"line":709,"column":33},"end":{"line":709,"column":55}},"365":{"start":{"line":710,"column":4},"end":{"line":710,"column":81}},"366":{"start":{"line":710,"column":15},"end":{"line":710,"column":81}},"367":{"start":{"line":712,"column":4},"end":{"line":712,"column":29}},"368":{"start":{"line":713,"column":4},"end":{"line":713,"column":27}},"369":{"start":{"line":715,"column":4},"end":{"line":715,"column":82}},"370":{"start":{"line":716,"column":4},"end":{"line":716,"column":58}},"371":{"start":{"line":718,"column":4},"end":{"line":718,"column":63}},"372":{"start":{"line":719,"column":4},"end":{"line":719,"column":61}},"373":{"start":{"line":724,"column":0},"end":{"line":751,"column":3}},"374":{"start":{"line":725,"column":2},"end":{"line":750,"column":3}},"375":{"start":{"line":726,"column":21},"end":{"line":726,"column":29}},"376":{"start":{"line":727,"column":4},"end":{"line":729,"column":5}},"377":{"start":{"line":728,"column":6},"end":{"line":728,"column":70}},"378":{"start":{"line":730,"column":18},"end":{"line":730,"column":34}},"379":{"start":{"line":731,"column":17},"end":{"line":731,"column":56}},"380":{"start":{"line":731,"column":33},"end":{"line":731,"column":55}},"381":{"start":{"line":732,"column":4},"end":{"line":732,"column":81}},"382":{"start":{"line":732,"column":15},"end":{"line":732,"column":81}},"383":{"start":{"line":735,"column":4},"end":{"line":740,"column":5}},"384":{"start":{"line":736,"column":23},"end":{"line":736,"column":89}},"385":{"start":{"line":736,"column":41},"end":{"line":736,"column":88}},"386":{"start":{"line":737,"column":6},"end":{"line":739,"column":7}},"387":{"start":{"line":738,"column":8},"end":{"line":738,"column":86}},"388":{"start":{"line":742,"column":4},"end":{"line":742,"column":21}},"389":{"start":{"line":743,"column":4},"end":{"line":743,"column":27}},"390":{"start":{"line":745,"column":4},"end":{"line":745,"column":100}},"391":{"start":{"line":746,"column":4},"end":{"line":746,"column":63}},"392":{"start":{"line":748,"column":4},"end":{"line":748,"column":61}},"393":{"start":{"line":749,"column":4},"end":{"line":749,"column":61}},"394":{"start":{"line":754,"column":0},"end":{"line":779,"column":3}},"395":{"start":{"line":755,"column":2},"end":{"line":778,"column":3}},"396":{"start":{"line":756,"column":16},"end":{"line":756,"column":32}},"397":{"start":{"line":757,"column":17},"end":{"line":757,"column":56}},"398":{"start":{"line":757,"column":33},"end":{"line":757,"column":55}},"399":{"start":{"line":758,"column":4},"end":{"line":758,"column":81}},"400":{"start":{"line":758,"column":15},"end":{"line":758,"column":81}},"401":{"start":{"line":759,"column":4},"end":{"line":759,"column":106}},"402":{"start":{"line":759,"column":32},"end":{"line":759,"column":106}},"403":{"start":{"line":761,"column":4},"end":{"line":761,"column":54}},"404":{"start":{"line":761,"column":30},"end":{"line":761,"column":52}},"405":{"start":{"line":762,"column":4},"end":{"line":762,"column":27}},"406":{"start":{"line":765,"column":21},"end":{"line":765,"column":51}},"407":{"start":{"line":766,"column":4},"end":{"line":766,"column":57}},"408":{"start":{"line":766,"column":33},"end":{"line":766,"column":57}},"409":{"start":{"line":769,"column":19},"end":{"line":769,"column":38}},"410":{"start":{"line":770,"column":4},"end":{"line":770,"column":58}},"411":{"start":{"line":770,"column":36},"end":{"line":770,"column":56}},"412":{"start":{"line":771,"column":4},"end":{"line":771,"column":33}},"413":{"start":{"line":773,"column":4},"end":{"line":773,"column":80}},"414":{"start":{"line":774,"column":4},"end":{"line":774,"column":56}},"415":{"start":{"line":776,"column":4},"end":{"line":776,"column":61}},"416":{"start":{"line":777,"column":4},"end":{"line":777,"column":61}},"417":{"start":{"line":784,"column":0},"end":{"line":792,"column":3}},"418":{"start":{"line":785,"column":2},"end":{"line":791,"column":3}},"419":{"start":{"line":786,"column":17},"end":{"line":786,"column":46}},"420":{"start":{"line":787,"column":4},"end":{"line":787,"column":39}},"421":{"start":{"line":789,"column":4},"end":{"line":789,"column":58}},"422":{"start":{"line":790,"column":4},"end":{"line":790,"column":61}},"423":{"start":{"line":795,"column":0},"end":{"line":817,"column":3}},"424":{"start":{"line":796,"column":2},"end":{"line":816,"column":3}},"425":{"start":{"line":797,"column":17},"end":{"line":797,"column":30}},"426":{"start":{"line":798,"column":4},"end":{"line":800,"column":5}},"427":{"start":{"line":799,"column":6},"end":{"line":799,"column":74}},"428":{"start":{"line":803,"column":24},"end":{"line":803,"column":180}},"429":{"start":{"line":804,"column":21},"end":{"line":804,"column":38}},"430":{"start":{"line":805,"column":24},"end":{"line":805,"column":74}},"431":{"start":{"line":805,"column":47},"end":{"line":805,"column":73}},"432":{"start":{"line":806,"column":4},"end":{"line":808,"column":5}},"433":{"start":{"line":807,"column":6},"end":{"line":807,"column":80}},"434":{"start":{"line":810,"column":4},"end":{"line":810,"column":50}},"435":{"start":{"line":811,"column":4},"end":{"line":811,"column":41}},"436":{"start":{"line":812,"column":4},"end":{"line":812,"column":46}},"437":{"start":{"line":814,"column":4},"end":{"line":814,"column":59}},"438":{"start":{"line":815,"column":4},"end":{"line":815,"column":61}},"439":{"start":{"line":820,"column":0},"end":{"line":848,"column":3}},"440":{"start":{"line":821,"column":2},"end":{"line":847,"column":3}},"441":{"start":{"line":822,"column":19},"end":{"line":822,"column":38}},"442":{"start":{"line":823,"column":16},"end":{"line":823,"column":26}},"443":{"start":{"line":825,"column":4},"end":{"line":825,"column":65}},"444":{"start":{"line":825,"column":36},"end":{"line":825,"column":63}},"445":{"start":{"line":826,"column":4},"end":{"line":826,"column":33}},"446":{"start":{"line":828,"column":4},"end":{"line":830,"column":5}},"447":{"start":{"line":829,"column":6},"end":{"line":829,"column":63}},"448":{"start":{"line":829,"column":38},"end":{"line":829,"column":61}},"449":{"start":{"line":833,"column":4},"end":{"line":841,"column":8}},"450":{"start":{"line":833,"column":34},"end":{"line":841,"column":5}},"451":{"start":{"line":843,"column":4},"end":{"line":843,"column":37}},"452":{"start":{"line":845,"column":4},"end":{"line":845,"column":62}},"453":{"start":{"line":846,"column":4},"end":{"line":846,"column":61}},"454":{"start":{"line":851,"column":0},"end":{"line":860,"column":3}},"455":{"start":{"line":852,"column":2},"end":{"line":859,"column":5}},"456":{"start":{"line":863,"column":0},"end":{"line":866,"column":3}},"457":{"start":{"line":864,"column":2},"end":{"line":864,"column":73}},"458":{"start":{"line":865,"column":2},"end":{"line":865,"column":68}},"459":{"start":{"line":869,"column":0},"end":{"line":871,"column":3}},"460":{"start":{"line":870,"column":2},"end":{"line":870,"column":61}},"461":{"start":{"line":874,"column":0},"end":{"line":914,"column":1}},"462":{"start":{"line":875,"column":23},"end":{"line":878,"column":3}},"463":{"start":{"line":879,"column":2},"end":{"line":895,"column":5}},"464":{"start":{"line":880,"column":4},"end":{"line":880,"column":58}},"465":{"start":{"line":881,"column":4},"end":{"line":881,"column":20}},"466":{"start":{"line":882,"column":4},"end":{"line":882,"column":60}},"467":{"start":{"line":883,"column":4},"end":{"line":883,"column":60}},"468":{"start":{"line":884,"column":4},"end":{"line":884,"column":60}},"469":{"start":{"line":885,"column":4},"end":{"line":885,"column":60}},"470":{"start":{"line":886,"column":4},"end":{"line":886,"column":64}},"471":{"start":{"line":887,"column":4},"end":{"line":887,"column":60}},"472":{"start":{"line":888,"column":4},"end":{"line":888,"column":60}},"473":{"start":{"line":889,"column":4},"end":{"line":889,"column":60}},"474":{"start":{"line":890,"column":4},"end":{"line":890,"column":60}},"475":{"start":{"line":891,"column":4},"end":{"line":891,"column":60}},"476":{"start":{"line":892,"column":4},"end":{"line":892,"column":61}},"477":{"start":{"line":893,"column":4},"end":{"line":893,"column":60}},"478":{"start":{"line":894,"column":4},"end":{"line":894,"column":20}},"479":{"start":{"line":897,"column":2},"end":{"line":913,"column":5}},"480":{"start":{"line":898,"column":4},"end":{"line":898,"column":57}},"481":{"start":{"line":899,"column":4},"end":{"line":899,"column":20}},"482":{"start":{"line":900,"column":4},"end":{"line":900,"column":60}},"483":{"start":{"line":901,"column":4},"end":{"line":901,"column":60}},"484":{"start":{"line":902,"column":4},"end":{"line":902,"column":60}},"485":{"start":{"line":903,"column":4},"end":{"line":903,"column":60}},"486":{"start":{"line":904,"column":4},"end":{"line":904,"column":64}},"487":{"start":{"line":905,"column":4},"end":{"line":905,"column":60}},"488":{"start":{"line":906,"column":4},"end":{"line":906,"column":60}},"489":{"start":{"line":907,"column":4},"end":{"line":907,"column":60}},"490":{"start":{"line":908,"column":4},"end":{"line":908,"column":60}},"491":{"start":{"line":909,"column":4},"end":{"line":909,"column":60}},"492":{"start":{"line":910,"column":4},"end":{"line":910,"column":61}},"493":{"start":{"line":911,"column":4},"end":{"line":911,"column":60}},"494":{"start":{"line":912,"column":4},"end":{"line":912,"column":20}},"495":{"start":{"line":917,"column":0},"end":{"line":920,"column":3}},"496":{"start":{"line":918,"column":2},"end":{"line":918,"column":60}},"497":{"start":{"line":919,"column":2},"end":{"line":919,"column":18}},"498":{"start":{"line":922,"column":0},"end":{"line":925,"column":3}},"499":{"start":{"line":923,"column":2},"end":{"line":923,"column":59}},"500":{"start":{"line":924,"column":2},"end":{"line":924,"column":18}}},"fnMap":{"0":{"name":"getJwtSecret","decl":{"start":{"line":68,"column":9},"end":{"line":68,"column":21}},"loc":{"start":{"line":68,"column":24},"end":{"line":90,"column":1}},"line":68},"1":{"name":"(anonymous_1)","decl":{"start":{"line":110,"column":42},"end":{"line":110,"column":43}},"loc":{"start":{"line":110,"column":49},"end":{"line":114,"column":1}},"line":110},"2":{"name":"acquireLock","decl":{"start":{"line":119,"column":15},"end":{"line":119,"column":26}},"loc":{"start":{"line":119,"column":37},"end":{"line":131,"column":1}},"line":119},"3":{"name":"(anonymous_3)","decl":{"start":{"line":120,"column":21},"end":{"line":120,"column":22}},"loc":{"start":{"line":120,"column":34},"end":{"line":130,"column":3}},"line":120},"4":{"name":"(anonymous_4)","decl":{"start":{"line":121,"column":22},"end":{"line":121,"column":23}},"loc":{"start":{"line":121,"column":28},"end":{"line":128,"column":5}},"line":121},"5":{"name":"releaseLock","decl":{"start":{"line":133,"column":9},"end":{"line":133,"column":20}},"loc":{"start":{"line":133,"column":31},"end":{"line":135,"column":1}},"line":133},"6":{"name":"readJSON","decl":{"start":{"line":138,"column":15},"end":{"line":138,"column":23}},"loc":{"start":{"line":138,"column":44},"end":{"line":152,"column":1}},"line":138},"7":{"name":"writeJSON","decl":{"start":{"line":154,"column":15},"end":{"line":154,"column":24}},"loc":{"start":{"line":154,"column":41},"end":{"line":175,"column":1}},"line":154},"8":{"name":"sanitizeInput","decl":{"start":{"line":177,"column":9},"end":{"line":177,"column":22}},"loc":{"start":{"line":177,"column":30},"end":{"line":180,"column":1}},"line":177},"9":{"name":"isValidEmail","decl":{"start":{"line":182,"column":9},"end":{"line":182,"column":21}},"loc":{"start":{"line":182,"column":29},"end":{"line":184,"column":1}},"line":182},"10":{"name":"initUsers","decl":{"start":{"line":187,"column":15},"end":{"line":187,"column":24}},"loc":{"start":{"line":187,"column":27},"end":{"line":211,"column":1}},"line":187},"11":{"name":"getUsers","decl":{"start":{"line":213,"column":15},"end":{"line":213,"column":23}},"loc":{"start":{"line":213,"column":26},"end":{"line":216,"column":1}},"line":213},"12":{"name":"saveUsers","decl":{"start":{"line":218,"column":15},"end":{"line":218,"column":24}},"loc":{"start":{"line":218,"column":32},"end":{"line":221,"column":1}},"line":218},"13":{"name":"getSessions","decl":{"start":{"line":223,"column":15},"end":{"line":223,"column":26}},"loc":{"start":{"line":223,"column":29},"end":{"line":226,"column":1}},"line":223},"14":{"name":"saveSessions","decl":{"start":{"line":228,"column":15},"end":{"line":228,"column":27}},"loc":{"start":{"line":228,"column":38},"end":{"line":231,"column":1}},"line":228},"15":{"name":"cleanExpiredSessions","decl":{"start":{"line":233,"column":15},"end":{"line":233,"column":35}},"loc":{"start":{"line":233,"column":38},"end":{"line":243,"column":1}},"line":233},"16":{"name":"(anonymous_16)","decl":{"start":{"line":236,"column":29},"end":{"line":236,"column":30}},"loc":{"start":{"line":236,"column":34},"end":{"line":240,"column":3}},"line":236},"17":{"name":"getUserDataFile","decl":{"start":{"line":245,"column":9},"end":{"line":245,"column":24}},"loc":{"start":{"line":245,"column":33},"end":{"line":247,"column":1}},"line":245},"18":{"name":"getUserData","decl":{"start":{"line":249,"column":15},"end":{"line":249,"column":26}},"loc":{"start":{"line":249,"column":35},"end":{"line":251,"column":1}},"line":249},"19":{"name":"saveUserData","decl":{"start":{"line":253,"column":15},"end":{"line":253,"column":27}},"loc":{"start":{"line":253,"column":42},"end":{"line":255,"column":1}},"line":253},"20":{"name":"authMiddleware","decl":{"start":{"line":277,"column":9},"end":{"line":277,"column":23}},"loc":{"start":{"line":277,"column":40},"end":{"line":334,"column":1}},"line":277},"21":{"name":"(anonymous_21)","decl":{"start":{"line":298,"column":28},"end":{"line":298,"column":29}},"loc":{"start":{"line":298,"column":33},"end":{"line":298,"column":56}},"line":298},"22":{"name":"(anonymous_22)","decl":{"start":{"line":308,"column":34},"end":{"line":308,"column":35}},"loc":{"start":{"line":308,"column":39},"end":{"line":308,"column":96}},"line":308},"23":{"name":"(anonymous_23)","decl":{"start":{"line":317,"column":40},"end":{"line":317,"column":41}},"loc":{"start":{"line":317,"column":45},"end":{"line":317,"column":78}},"line":317},"24":{"name":"managerOnly","decl":{"start":{"line":336,"column":9},"end":{"line":336,"column":20}},"loc":{"start":{"line":336,"column":37},"end":{"line":341,"column":1}},"line":336},"25":{"name":"validateRegistration","decl":{"start":{"line":344,"column":9},"end":{"line":344,"column":29}},"loc":{"start":{"line":344,"column":46},"end":{"line":369,"column":1}},"line":344},"26":{"name":"(anonymous_26)","decl":{"start":{"line":374,"column":66},"end":{"line":374,"column":67}},"loc":{"start":{"line":374,"column":86},"end":{"line":415,"column":1}},"line":374},"27":{"name":"(anonymous_27)","decl":{"start":{"line":381,"column":30},"end":{"line":381,"column":31}},"loc":{"start":{"line":381,"column":35},"end":{"line":381,"column":61}},"line":381},"28":{"name":"(anonymous_28)","decl":{"start":{"line":398,"column":45},"end":{"line":398,"column":46}},"loc":{"start":{"line":398,"column":50},"end":{"line":398,"column":54}},"line":398},"29":{"name":"(anonymous_29)","decl":{"start":{"line":418,"column":41},"end":{"line":418,"column":42}},"loc":{"start":{"line":418,"column":61},"end":{"line":519,"column":1}},"line":418},"30":{"name":"(anonymous_30)","decl":{"start":{"line":428,"column":28},"end":{"line":428,"column":29}},"loc":{"start":{"line":428,"column":33},"end":{"line":428,"column":59}},"line":428},"31":{"name":"(anonymous_31)","decl":{"start":{"line":457,"column":31},"end":{"line":457,"column":32}},"loc":{"start":{"line":457,"column":36},"end":{"line":457,"column":56}},"line":457},"32":{"name":"(anonymous_32)","decl":{"start":{"line":479,"column":41},"end":{"line":479,"column":42}},"loc":{"start":{"line":479,"column":46},"end":{"line":479,"column":66}},"line":479},"33":{"name":"(anonymous_33)","decl":{"start":{"line":481,"column":33},"end":{"line":481,"column":34}},"loc":{"start":{"line":481,"column":38},"end":{"line":481,"column":105}},"line":481},"34":{"name":"(anonymous_34)","decl":{"start":{"line":522,"column":29},"end":{"line":522,"column":30}},"loc":{"start":{"line":522,"column":43},"end":{"line":547,"column":1}},"line":522},"35":{"name":"(anonymous_35)","decl":{"start":{"line":535,"column":36},"end":{"line":535,"column":37}},"loc":{"start":{"line":535,"column":48},"end":{"line":538,"column":9}},"line":535},"36":{"name":"(anonymous_36)","decl":{"start":{"line":536,"column":44},"end":{"line":536,"column":45}},"loc":{"start":{"line":536,"column":49},"end":{"line":536,"column":82}},"line":536},"37":{"name":"(anonymous_37)","decl":{"start":{"line":550,"column":40},"end":{"line":550,"column":41}},"loc":{"start":{"line":550,"column":54},"end":{"line":560,"column":1}},"line":550},"38":{"name":"(anonymous_38)","decl":{"start":{"line":563,"column":45},"end":{"line":563,"column":46}},"loc":{"start":{"line":563,"column":65},"end":{"line":604,"column":1}},"line":563},"39":{"name":"(anonymous_39)","decl":{"start":{"line":567,"column":28},"end":{"line":567,"column":29}},"loc":{"start":{"line":567,"column":33},"end":{"line":567,"column":52}},"line":567},"40":{"name":"(anonymous_40)","decl":{"start":{"line":576,"column":51},"end":{"line":576,"column":52}},"loc":{"start":{"line":576,"column":56},"end":{"line":576,"column":60}},"line":576},"41":{"name":"(anonymous_41)","decl":{"start":{"line":609,"column":51},"end":{"line":609,"column":52}},"loc":{"start":{"line":609,"column":71},"end":{"line":623,"column":1}},"line":609},"42":{"name":"(anonymous_42)","decl":{"start":{"line":611,"column":41},"end":{"line":611,"column":42}},"loc":{"start":{"line":611,"column":47},"end":{"line":617,"column":5}},"line":611},"43":{"name":"(anonymous_43)","decl":{"start":{"line":626,"column":59},"end":{"line":626,"column":60}},"loc":{"start":{"line":626,"column":79},"end":{"line":640,"column":1}},"line":626},"44":{"name":"(anonymous_44)","decl":{"start":{"line":630,"column":14},"end":{"line":630,"column":15}},"loc":{"start":{"line":630,"column":19},"end":{"line":630,"column":41}},"line":630},"45":{"name":"(anonymous_45)","decl":{"start":{"line":631,"column":11},"end":{"line":631,"column":12}},"loc":{"start":{"line":631,"column":17},"end":{"line":634,"column":7}},"line":631},"46":{"name":"(anonymous_46)","decl":{"start":{"line":643,"column":64},"end":{"line":643,"column":65}},"loc":{"start":{"line":643,"column":84},"end":{"line":661,"column":1}},"line":643},"47":{"name":"(anonymous_47)","decl":{"start":{"line":646,"column":28},"end":{"line":646,"column":29}},"loc":{"start":{"line":646,"column":33},"end":{"line":646,"column":55}},"line":646},"48":{"name":"(anonymous_48)","decl":{"start":{"line":664,"column":63},"end":{"line":664,"column":64}},"loc":{"start":{"line":664,"column":83},"end":{"line":679,"column":1}},"line":664},"49":{"name":"(anonymous_49)","decl":{"start":{"line":667,"column":28},"end":{"line":667,"column":29}},"loc":{"start":{"line":667,"column":33},"end":{"line":667,"column":55}},"line":667},"50":{"name":"(anonymous_50)","decl":{"start":{"line":682,"column":64},"end":{"line":682,"column":65}},"loc":{"start":{"line":682,"column":84},"end":{"line":703,"column":1}},"line":682},"51":{"name":"(anonymous_51)","decl":{"start":{"line":685,"column":28},"end":{"line":685,"column":29}},"loc":{"start":{"line":685,"column":33},"end":{"line":685,"column":55}},"line":685},"52":{"name":"(anonymous_52)","decl":{"start":{"line":694,"column":31},"end":{"line":694,"column":32}},"loc":{"start":{"line":694,"column":36},"end":{"line":694,"column":56}},"line":694},"53":{"name":"(anonymous_53)","decl":{"start":{"line":706,"column":65},"end":{"line":706,"column":66}},"loc":{"start":{"line":706,"column":85},"end":{"line":721,"column":1}},"line":706},"54":{"name":"(anonymous_54)","decl":{"start":{"line":709,"column":28},"end":{"line":709,"column":29}},"loc":{"start":{"line":709,"column":33},"end":{"line":709,"column":55}},"line":709},"55":{"name":"(anonymous_55)","decl":{"start":{"line":724,"column":60},"end":{"line":724,"column":61}},"loc":{"start":{"line":724,"column":80},"end":{"line":751,"column":1}},"line":724},"56":{"name":"(anonymous_56)","decl":{"start":{"line":731,"column":28},"end":{"line":731,"column":29}},"loc":{"start":{"line":731,"column":33},"end":{"line":731,"column":55}},"line":731},"57":{"name":"(anonymous_57)","decl":{"start":{"line":736,"column":36},"end":{"line":736,"column":37}},"loc":{"start":{"line":736,"column":41},"end":{"line":736,"column":88}},"line":736},"58":{"name":"(anonymous_58)","decl":{"start":{"line":754,"column":58},"end":{"line":754,"column":59}},"loc":{"start":{"line":754,"column":78},"end":{"line":779,"column":1}},"line":754},"59":{"name":"(anonymous_59)","decl":{"start":{"line":757,"column":28},"end":{"line":757,"column":29}},"loc":{"start":{"line":757,"column":33},"end":{"line":757,"column":55}},"line":757},"60":{"name":"(anonymous_60)","decl":{"start":{"line":761,"column":25},"end":{"line":761,"column":26}},"loc":{"start":{"line":761,"column":30},"end":{"line":761,"column":52}},"line":761},"61":{"name":"(anonymous_61)","decl":{"start":{"line":770,"column":31},"end":{"line":770,"column":32}},"loc":{"start":{"line":770,"column":36},"end":{"line":770,"column":56}},"line":770},"62":{"name":"(anonymous_62)","decl":{"start":{"line":784,"column":37},"end":{"line":784,"column":38}},"loc":{"start":{"line":784,"column":57},"end":{"line":792,"column":1}},"line":784},"63":{"name":"(anonymous_63)","decl":{"start":{"line":795,"column":37},"end":{"line":795,"column":38}},"loc":{"start":{"line":795,"column":57},"end":{"line":817,"column":1}},"line":795},"64":{"name":"(anonymous_64)","decl":{"start":{"line":805,"column":40},"end":{"line":805,"column":41}},"loc":{"start":{"line":805,"column":47},"end":{"line":805,"column":73}},"line":805},"65":{"name":"(anonymous_65)","decl":{"start":{"line":820,"column":41},"end":{"line":820,"column":42}},"loc":{"start":{"line":820,"column":61},"end":{"line":848,"column":1}},"line":820},"66":{"name":"(anonymous_66)","decl":{"start":{"line":825,"column":31},"end":{"line":825,"column":32}},"loc":{"start":{"line":825,"column":36},"end":{"line":825,"column":63}},"line":825},"67":{"name":"(anonymous_67)","decl":{"start":{"line":829,"column":33},"end":{"line":829,"column":34}},"loc":{"start":{"line":829,"column":38},"end":{"line":829,"column":61}},"line":829},"68":{"name":"(anonymous_68)","decl":{"start":{"line":833,"column":28},"end":{"line":833,"column":29}},"loc":{"start":{"line":833,"column":34},"end":{"line":841,"column":5}},"line":833},"69":{"name":"(anonymous_69)","decl":{"start":{"line":851,"column":23},"end":{"line":851,"column":24}},"loc":{"start":{"line":851,"column":37},"end":{"line":860,"column":1}},"line":851},"70":{"name":"(anonymous_70)","decl":{"start":{"line":863,"column":8},"end":{"line":863,"column":9}},"loc":{"start":{"line":863,"column":33},"end":{"line":866,"column":1}},"line":863},"71":{"name":"(anonymous_71)","decl":{"start":{"line":869,"column":13},"end":{"line":869,"column":14}},"loc":{"start":{"line":869,"column":27},"end":{"line":871,"column":1}},"line":869},"72":{"name":"(anonymous_72)","decl":{"start":{"line":879,"column":53},"end":{"line":879,"column":54}},"loc":{"start":{"line":879,"column":59},"end":{"line":895,"column":3}},"line":879},"73":{"name":"(anonymous_73)","decl":{"start":{"line":897,"column":19},"end":{"line":897,"column":20}},"loc":{"start":{"line":897,"column":25},"end":{"line":913,"column":3}},"line":897},"74":{"name":"(anonymous_74)","decl":{"start":{"line":917,"column":22},"end":{"line":917,"column":23}},"loc":{"start":{"line":917,"column":28},"end":{"line":920,"column":1}},"line":917},"75":{"name":"(anonymous_75)","decl":{"start":{"line":922,"column":21},"end":{"line":922,"column":22}},"loc":{"start":{"line":922,"column":27},"end":{"line":925,"column":1}},"line":922}},"branchMap":{"0":{"loc":{"start":{"line":20,"column":9},"end":{"line":20,"column":40}},"type":"binary-expr","locations":[{"start":{"line":20,"column":9},"end":{"line":20,"column":30}},{"start":{"line":20,"column":34},"end":{"line":20,"column":40}}],"line":20},"1":{"loc":{"start":{"line":33,"column":13},"end":{"line":33,"column":37}},"type":"binary-expr","locations":[{"start":{"line":33,"column":13},"end":{"line":33,"column":29}},{"start":{"line":33,"column":33},"end":{"line":33,"column":37}}],"line":33},"2":{"loc":{"start":{"line":69,"column":2},"end":{"line":69,"column":60}},"type":"if","locations":[{"start":{"line":69,"column":2},"end":{"line":69,"column":60}},{"start":{},"end":{}}],"line":69},"3":{"loc":{"start":{"line":71,"column":4},"end":{"line":74,"column":5}},"type":"if","locations":[{"start":{"line":71,"column":4},"end":{"line":74,"column":5}},{"start":{},"end":{}}],"line":71},"4":{"loc":{"start":{"line":73,"column":6},"end":{"line":73,"column":40}},"type":"if","locations":[{"start":{"line":73,"column":6},"end":{"line":73,"column":40}},{"start":{},"end":{}}],"line":73},"5":{"loc":{"start":{"line":73,"column":10},"end":{"line":73,"column":29}},"type":"binary-expr","locations":[{"start":{"line":73,"column":10},"end":{"line":73,"column":11}},{"start":{"line":73,"column":15},"end":{"line":73,"column":29}}],"line":73},"6":{"loc":{"start":{"line":97,"column":22},"end":{"line":97,"column":86}},"type":"binary-expr","locations":[{"start":{"line":97,"column":22},"end":{"line":97,"column":43}},{"start":{"line":97,"column":47},"end":{"line":97,"column":86}}],"line":97},"7":{"loc":{"start":{"line":98,"column":23},"end":{"line":98,"column":89}},"type":"binary-expr","locations":[{"start":{"line":98,"column":23},"end":{"line":98,"column":45}},{"start":{"line":98,"column":49},"end":{"line":98,"column":89}}],"line":98},"8":{"loc":{"start":{"line":99,"column":18},"end":{"line":99,"column":79}},"type":"binary-expr","locations":[{"start":{"line":99,"column":18},"end":{"line":99,"column":46}},{"start":{"line":99,"column":50},"end":{"line":99,"column":79}}],"line":99},"9":{"loc":{"start":{"line":111,"column":2},"end":{"line":113,"column":3}},"type":"if","locations":[{"start":{"line":111,"column":2},"end":{"line":113,"column":3}},{"start":{},"end":{}}],"line":111},"10":{"loc":{"start":{"line":122,"column":6},"end":{"line":127,"column":7}},"type":"if","locations":[{"start":{"line":122,"column":6},"end":{"line":127,"column":7}},{"start":{"line":125,"column":13},"end":{"line":127,"column":7}}],"line":122},"11":{"loc":{"start":{"line":141,"column":4},"end":{"line":146,"column":5}},"type":"if","locations":[{"start":{"line":141,"column":4},"end":{"line":146,"column":5}},{"start":{},"end":{}}],"line":141},"12":{"loc":{"start":{"line":151,"column":9},"end":{"line":151,"column":63}},"type":"cond-expr","locations":[{"start":{"line":151,"column":42},"end":{"line":151,"column":52}},{"start":{"line":151,"column":55},"end":{"line":151,"column":63}}],"line":151},"13":{"loc":{"start":{"line":158,"column":4},"end":{"line":162,"column":5}},"type":"if","locations":[{"start":{"line":158,"column":4},"end":{"line":162,"column":5}},{"start":{},"end":{}}],"line":158},"14":{"loc":{"start":{"line":158,"column":8},"end":{"line":158,"column":43}},"type":"binary-expr","locations":[{"start":{"line":158,"column":8},"end":{"line":158,"column":26}},{"start":{"line":158,"column":30},"end":{"line":158,"column":43}}],"line":158},"15":{"loc":{"start":{"line":178,"column":2},"end":{"line":178,"column":46}},"type":"if","locations":[{"start":{"line":178,"column":2},"end":{"line":178,"column":46}},{"start":{},"end":{}}],"line":178},"16":{"loc":{"start":{"line":183,"column":9},"end":{"line":183,"column":108}},"type":"binary-expr","locations":[{"start":{"line":183,"column":9},"end":{"line":183,"column":34}},{"start":{"line":183,"column":38},"end":{"line":183,"column":85}},{"start":{"line":183,"column":89},"end":{"line":183,"column":108}}],"line":183},"17":{"loc":{"start":{"line":189,"column":2},"end":{"line":189,"column":40}},"type":"if","locations":[{"start":{"line":189,"column":2},"end":{"line":189,"column":40}},{"start":{},"end":{}}],"line":189},"18":{"loc":{"start":{"line":191,"column":2},"end":{"line":209,"column":3}},"type":"if","locations":[{"start":{"line":191,"column":2},"end":{"line":209,"column":3}},{"start":{},"end":{}}],"line":191},"19":{"loc":{"start":{"line":215,"column":9},"end":{"line":215,"column":42}},"type":"cond-expr","locations":[{"start":{"line":215,"column":32},"end":{"line":215,"column":37}},{"start":{"line":215,"column":40},"end":{"line":215,"column":42}}],"line":215},"20":{"loc":{"start":{"line":219,"column":2},"end":{"line":219,"column":42}},"type":"if","locations":[{"start":{"line":219,"column":2},"end":{"line":219,"column":42}},{"start":{},"end":{}}],"line":219},"21":{"loc":{"start":{"line":225,"column":9},"end":{"line":225,"column":48}},"type":"cond-expr","locations":[{"start":{"line":225,"column":35},"end":{"line":225,"column":43}},{"start":{"line":225,"column":46},"end":{"line":225,"column":48}}],"line":225},"22":{"loc":{"start":{"line":229,"column":2},"end":{"line":229,"column":45}},"type":"if","locations":[{"start":{"line":229,"column":2},"end":{"line":229,"column":45}},{"start":{},"end":{}}],"line":229},"23":{"loc":{"start":{"line":238,"column":34},"end":{"line":238,"column":63}},"type":"binary-expr","locations":[{"start":{"line":238,"column":34},"end":{"line":238,"column":48}},{"start":{"line":238,"column":52},"end":{"line":238,"column":63}}],"line":238},"24":{"loc":{"start":{"line":239,"column":11},"end":{"line":239,"column":72}},"type":"binary-expr","locations":[{"start":{"line":239,"column":11},"end":{"line":239,"column":26}},{"start":{"line":239,"column":30},"end":{"line":239,"column":72}}],"line":239},"25":{"loc":{"start":{"line":263,"column":10},"end":{"line":263,"column":41}},"type":"binary-expr","locations":[{"start":{"line":263,"column":10},"end":{"line":263,"column":33}},{"start":{"line":263,"column":37},"end":{"line":263,"column":41}}],"line":263},"26":{"loc":{"start":{"line":279,"column":2},"end":{"line":284,"column":3}},"type":"if","locations":[{"start":{"line":279,"column":2},"end":{"line":284,"column":3}},{"start":{},"end":{}}],"line":279},"27":{"loc":{"start":{"line":281,"column":4},"end":{"line":283,"column":5}},"type":"if","locations":[{"start":{"line":281,"column":4},"end":{"line":283,"column":5}},{"start":{},"end":{}}],"line":281},"28":{"loc":{"start":{"line":281,"column":8},"end":{"line":281,"column":54}},"type":"binary-expr","locations":[{"start":{"line":281,"column":8},"end":{"line":281,"column":18}},{"start":{"line":281,"column":22},"end":{"line":281,"column":54}}],"line":281},"29":{"loc":{"start":{"line":286,"column":2},"end":{"line":288,"column":3}},"type":"if","locations":[{"start":{"line":286,"column":2},"end":{"line":288,"column":3}},{"start":{},"end":{}}],"line":286},"30":{"loc":{"start":{"line":292,"column":4},"end":{"line":294,"column":5}},"type":"if","locations":[{"start":{"line":292,"column":4},"end":{"line":294,"column":5}},{"start":{},"end":{}}],"line":292},"31":{"loc":{"start":{"line":299,"column":4},"end":{"line":301,"column":5}},"type":"if","locations":[{"start":{"line":299,"column":4},"end":{"line":301,"column":5}},{"start":{},"end":{}}],"line":299},"32":{"loc":{"start":{"line":302,"column":4},"end":{"line":304,"column":5}},"type":"if","locations":[{"start":{"line":302,"column":4},"end":{"line":304,"column":5}},{"start":{},"end":{}}],"line":302},"33":{"loc":{"start":{"line":308,"column":39},"end":{"line":308,"column":96}},"type":"binary-expr","locations":[{"start":{"line":308,"column":39},"end":{"line":308,"column":72}},{"start":{"line":308,"column":76},"end":{"line":308,"column":96}}],"line":308},"34":{"loc":{"start":{"line":309,"column":4},"end":{"line":311,"column":5}},"type":"if","locations":[{"start":{"line":309,"column":4},"end":{"line":311,"column":5}},{"start":{},"end":{}}],"line":309},"35":{"loc":{"start":{"line":315,"column":34},"end":{"line":315,"column":75}},"type":"binary-expr","locations":[{"start":{"line":315,"column":34},"end":{"line":315,"column":54}},{"start":{"line":315,"column":58},"end":{"line":315,"column":75}}],"line":315},"36":{"loc":{"start":{"line":316,"column":4},"end":{"line":320,"column":5}},"type":"if","locations":[{"start":{"line":316,"column":4},"end":{"line":320,"column":5}},{"start":{},"end":{}}],"line":316},"37":{"loc":{"start":{"line":337,"column":2},"end":{"line":339,"column":3}},"type":"if","locations":[{"start":{"line":337,"column":2},"end":{"line":339,"column":3}},{"start":{},"end":{}}],"line":337},"38":{"loc":{"start":{"line":348,"column":2},"end":{"line":350,"column":3}},"type":"if","locations":[{"start":{"line":348,"column":2},"end":{"line":350,"column":3}},{"start":{},"end":{}}],"line":348},"39":{"loc":{"start":{"line":348,"column":6},"end":{"line":348,"column":64}},"type":"binary-expr","locations":[{"start":{"line":348,"column":6},"end":{"line":348,"column":11}},{"start":{"line":348,"column":15},"end":{"line":348,"column":37}},{"start":{"line":348,"column":41},"end":{"line":348,"column":64}}],"line":348},"40":{"loc":{"start":{"line":351,"column":2},"end":{"line":353,"column":3}},"type":"if","locations":[{"start":{"line":351,"column":2},"end":{"line":353,"column":3}},{"start":{},"end":{}}],"line":351},"41":{"loc":{"start":{"line":351,"column":6},"end":{"line":351,"column":36}},"type":"binary-expr","locations":[{"start":{"line":351,"column":6},"end":{"line":351,"column":12}},{"start":{"line":351,"column":16},"end":{"line":351,"column":36}}],"line":351},"42":{"loc":{"start":{"line":354,"column":2},"end":{"line":356,"column":3}},"type":"if","locations":[{"start":{"line":354,"column":2},"end":{"line":356,"column":3}},{"start":{},"end":{}}],"line":354},"43":{"loc":{"start":{"line":354,"column":6},"end":{"line":354,"column":63}},"type":"binary-expr","locations":[{"start":{"line":354,"column":6},"end":{"line":354,"column":15}},{"start":{"line":354,"column":19},"end":{"line":354,"column":38}},{"start":{"line":354,"column":42},"end":{"line":354,"column":63}}],"line":354},"44":{"loc":{"start":{"line":360,"column":2},"end":{"line":362,"column":3}},"type":"if","locations":[{"start":{"line":360,"column":2},"end":{"line":362,"column":3}},{"start":{},"end":{}}],"line":360},"45":{"loc":{"start":{"line":364,"column":2},"end":{"line":366,"column":3}},"type":"if","locations":[{"start":{"line":364,"column":2},"end":{"line":366,"column":3}},{"start":{},"end":{}}],"line":364},"46":{"loc":{"start":{"line":382,"column":4},"end":{"line":384,"column":5}},"type":"if","locations":[{"start":{"line":382,"column":4},"end":{"line":384,"column":5}},{"start":{},"end":{}}],"line":382},"47":{"loc":{"start":{"line":422,"column":4},"end":{"line":424,"column":5}},"type":"if","locations":[{"start":{"line":422,"column":4},"end":{"line":424,"column":5}},{"start":{},"end":{}}],"line":422},"48":{"loc":{"start":{"line":422,"column":8},"end":{"line":422,"column":27}},"type":"binary-expr","locations":[{"start":{"line":422,"column":8},"end":{"line":422,"column":14}},{"start":{"line":422,"column":18},"end":{"line":422,"column":27}}],"line":422},"49":{"loc":{"start":{"line":430,"column":4},"end":{"line":433,"column":5}},"type":"if","locations":[{"start":{"line":430,"column":4},"end":{"line":433,"column":5}},{"start":{},"end":{}}],"line":430},"50":{"loc":{"start":{"line":436,"column":4},"end":{"line":438,"column":5}},"type":"if","locations":[{"start":{"line":436,"column":4},"end":{"line":438,"column":5}},{"start":{},"end":{}}],"line":436},"51":{"loc":{"start":{"line":440,"column":4},"end":{"line":442,"column":5}},"type":"if","locations":[{"start":{"line":440,"column":4},"end":{"line":442,"column":5}},{"start":{},"end":{}}],"line":440},"52":{"loc":{"start":{"line":443,"column":4},"end":{"line":445,"column":5}},"type":"if","locations":[{"start":{"line":443,"column":4},"end":{"line":445,"column":5}},{"start":{},"end":{}}],"line":443},"53":{"loc":{"start":{"line":446,"column":4},"end":{"line":448,"column":5}},"type":"if","locations":[{"start":{"line":446,"column":4},"end":{"line":448,"column":5}},{"start":{},"end":{}}],"line":446},"54":{"loc":{"start":{"line":460,"column":24},"end":{"line":460,"column":53}},"type":"cond-expr","locations":[{"start":{"line":460,"column":35},"end":{"line":460,"column":40}},{"start":{"line":460,"column":43},"end":{"line":460,"column":53}}],"line":460},"55":{"loc":{"start":{"line":472,"column":17},"end":{"line":472,"column":48}},"type":"binary-expr","locations":[{"start":{"line":472,"column":17},"end":{"line":472,"column":42}},{"start":{"line":472,"column":46},"end":{"line":472,"column":48}}],"line":472},"56":{"loc":{"start":{"line":475,"column":40},"end":{"line":475,"column":57}},"type":"cond-expr","locations":[{"start":{"line":475,"column":51},"end":{"line":475,"column":53}},{"start":{"line":475,"column":56},"end":{"line":475,"column":57}}],"line":475},"57":{"loc":{"start":{"line":480,"column":4},"end":{"line":482,"column":5}},"type":"if","locations":[{"start":{"line":480,"column":4},"end":{"line":482,"column":5}},{"start":{},"end":{}}],"line":480},"58":{"loc":{"start":{"line":481,"column":38},"end":{"line":481,"column":105}},"type":"binary-expr","locations":[{"start":{"line":481,"column":38},"end":{"line":481,"column":58}},{"start":{"line":481,"column":62},"end":{"line":481,"column":105}}],"line":481},"59":{"loc":{"start":{"line":485,"column":4},"end":{"line":487,"column":5}},"type":"if","locations":[{"start":{"line":485,"column":4},"end":{"line":487,"column":5}},{"start":{},"end":{}}],"line":485},"60":{"loc":{"start":{"line":496,"column":15},"end":{"line":496,"column":32}},"type":"cond-expr","locations":[{"start":{"line":496,"column":26},"end":{"line":496,"column":28}},{"start":{"line":496,"column":31},"end":{"line":496,"column":32}}],"line":496},"61":{"loc":{"start":{"line":524,"column":2},"end":{"line":529,"column":3}},"type":"if","locations":[{"start":{"line":524,"column":2},"end":{"line":529,"column":3}},{"start":{},"end":{}}],"line":524},"62":{"loc":{"start":{"line":526,"column":4},"end":{"line":528,"column":5}},"type":"if","locations":[{"start":{"line":526,"column":4},"end":{"line":528,"column":5}},{"start":{},"end":{}}],"line":526},"63":{"loc":{"start":{"line":526,"column":8},"end":{"line":526,"column":54}},"type":"binary-expr","locations":[{"start":{"line":526,"column":8},"end":{"line":526,"column":18}},{"start":{"line":526,"column":22},"end":{"line":526,"column":54}}],"line":526},"64":{"loc":{"start":{"line":531,"column":2},"end":{"line":543,"column":3}},"type":"if","locations":[{"start":{"line":531,"column":2},"end":{"line":543,"column":3}},{"start":{},"end":{}}],"line":531},"65":{"loc":{"start":{"line":534,"column":6},"end":{"line":539,"column":7}},"type":"if","locations":[{"start":{"line":534,"column":6},"end":{"line":539,"column":7}},{"start":{},"end":{}}],"line":534},"66":{"loc":{"start":{"line":568,"column":4},"end":{"line":568,"column":81}},"type":"if","locations":[{"start":{"line":568,"column":4},"end":{"line":568,"column":81}},{"start":{},"end":{}}],"line":568},"67":{"loc":{"start":{"line":570,"column":4},"end":{"line":577,"column":5}},"type":"if","locations":[{"start":{"line":570,"column":4},"end":{"line":577,"column":5}},{"start":{},"end":{}}],"line":570},"68":{"loc":{"start":{"line":572,"column":6},"end":{"line":574,"column":7}},"type":"if","locations":[{"start":{"line":572,"column":6},"end":{"line":574,"column":7}},{"start":{},"end":{}}],"line":572},"69":{"loc":{"start":{"line":572,"column":10},"end":{"line":572,"column":63}},"type":"binary-expr","locations":[{"start":{"line":572,"column":10},"end":{"line":572,"column":34}},{"start":{"line":572,"column":38},"end":{"line":572,"column":63}}],"line":572},"70":{"loc":{"start":{"line":579,"column":4},"end":{"line":591,"column":5}},"type":"if","locations":[{"start":{"line":579,"column":4},"end":{"line":591,"column":5}},{"start":{},"end":{}}],"line":579},"71":{"loc":{"start":{"line":580,"column":6},"end":{"line":582,"column":7}},"type":"if","locations":[{"start":{"line":580,"column":6},"end":{"line":582,"column":7}},{"start":{},"end":{}}],"line":580},"72":{"loc":{"start":{"line":584,"column":6},"end":{"line":586,"column":7}},"type":"if","locations":[{"start":{"line":584,"column":6},"end":{"line":586,"column":7}},{"start":{},"end":{}}],"line":584},"73":{"loc":{"start":{"line":587,"column":6},"end":{"line":589,"column":7}},"type":"if","locations":[{"start":{"line":587,"column":6},"end":{"line":589,"column":7}},{"start":{},"end":{}}],"line":587},"74":{"loc":{"start":{"line":587,"column":10},"end":{"line":587,"column":60}},"type":"binary-expr","locations":[{"start":{"line":587,"column":10},"end":{"line":587,"column":32}},{"start":{"line":587,"column":36},"end":{"line":587,"column":60}}],"line":587},"75":{"loc":{"start":{"line":647,"column":4},"end":{"line":647,"column":81}},"type":"if","locations":[{"start":{"line":647,"column":4},"end":{"line":647,"column":81}},{"start":{},"end":{}}],"line":647},"76":{"loc":{"start":{"line":648,"column":4},"end":{"line":648,"column":91}},"type":"if","locations":[{"start":{"line":648,"column":4},"end":{"line":648,"column":91}},{"start":{},"end":{}}],"line":648},"77":{"loc":{"start":{"line":668,"column":4},"end":{"line":668,"column":81}},"type":"if","locations":[{"start":{"line":668,"column":4},"end":{"line":668,"column":81}},{"start":{},"end":{}}],"line":668},"78":{"loc":{"start":{"line":686,"column":4},"end":{"line":686,"column":81}},"type":"if","locations":[{"start":{"line":686,"column":4},"end":{"line":686,"column":81}},{"start":{},"end":{}}],"line":686},"79":{"loc":{"start":{"line":687,"column":4},"end":{"line":687,"column":107}},"type":"if","locations":[{"start":{"line":687,"column":4},"end":{"line":687,"column":107}},{"start":{},"end":{}}],"line":687},"80":{"loc":{"start":{"line":710,"column":4},"end":{"line":710,"column":81}},"type":"if","locations":[{"start":{"line":710,"column":4},"end":{"line":710,"column":81}},{"start":{},"end":{}}],"line":710},"81":{"loc":{"start":{"line":727,"column":4},"end":{"line":729,"column":5}},"type":"if","locations":[{"start":{"line":727,"column":4},"end":{"line":729,"column":5}},{"start":{},"end":{}}],"line":727},"82":{"loc":{"start":{"line":732,"column":4},"end":{"line":732,"column":81}},"type":"if","locations":[{"start":{"line":732,"column":4},"end":{"line":732,"column":81}},{"start":{},"end":{}}],"line":732},"83":{"loc":{"start":{"line":735,"column":4},"end":{"line":740,"column":5}},"type":"if","locations":[{"start":{"line":735,"column":4},"end":{"line":740,"column":5}},{"start":{},"end":{}}],"line":735},"84":{"loc":{"start":{"line":735,"column":8},"end":{"line":735,"column":54}},"type":"binary-expr","locations":[{"start":{"line":735,"column":8},"end":{"line":735,"column":31}},{"start":{"line":735,"column":35},"end":{"line":735,"column":54}}],"line":735},"85":{"loc":{"start":{"line":736,"column":41},"end":{"line":736,"column":88}},"type":"binary-expr","locations":[{"start":{"line":736,"column":41},"end":{"line":736,"column":61}},{"start":{"line":736,"column":65},"end":{"line":736,"column":88}}],"line":736},"86":{"loc":{"start":{"line":737,"column":6},"end":{"line":739,"column":7}},"type":"if","locations":[{"start":{"line":737,"column":6},"end":{"line":739,"column":7}},{"start":{},"end":{}}],"line":737},"87":{"loc":{"start":{"line":758,"column":4},"end":{"line":758,"column":81}},"type":"if","locations":[{"start":{"line":758,"column":4},"end":{"line":758,"column":81}},{"start":{},"end":{}}],"line":758},"88":{"loc":{"start":{"line":759,"column":4},"end":{"line":759,"column":106}},"type":"if","locations":[{"start":{"line":759,"column":4},"end":{"line":759,"column":106}},{"start":{},"end":{}}],"line":759},"89":{"loc":{"start":{"line":766,"column":4},"end":{"line":766,"column":57}},"type":"if","locations":[{"start":{"line":766,"column":4},"end":{"line":766,"column":57}},{"start":{},"end":{}}],"line":766},"90":{"loc":{"start":{"line":798,"column":4},"end":{"line":800,"column":5}},"type":"if","locations":[{"start":{"line":798,"column":4},"end":{"line":800,"column":5}},{"start":{},"end":{}}],"line":798},"91":{"loc":{"start":{"line":798,"column":8},"end":{"line":798,"column":41}},"type":"binary-expr","locations":[{"start":{"line":798,"column":8},"end":{"line":798,"column":13}},{"start":{"line":798,"column":17},"end":{"line":798,"column":41}}],"line":798},"92":{"loc":{"start":{"line":806,"column":4},"end":{"line":808,"column":5}},"type":"if","locations":[{"start":{"line":806,"column":4},"end":{"line":808,"column":5}},{"start":{},"end":{}}],"line":806},"93":{"loc":{"start":{"line":828,"column":4},"end":{"line":830,"column":5}},"type":"if","locations":[{"start":{"line":828,"column":4},"end":{"line":830,"column":5}},{"start":{},"end":{}}],"line":828},"94":{"loc":{"start":{"line":874,"column":0},"end":{"line":914,"column":1}},"type":"if","locations":[{"start":{"line":874,"column":0},"end":{"line":914,"column":1}},{"start":{"line":896,"column":7},"end":{"line":914,"column":1}}],"line":874}},"s":{"0":0,"1":0,"2":0,"3":0,"4":0,"5":0,"6":0,"7":0,"8":0,"9":0,"10":0,"11":0,"12":0,"13":0,"14":0,"15":0,"16":0,"17":0,"18":0,"19":0,"20":0,"21":0,"22":0,"23":0,"24":0,"25":0,"26":0,"27":0,"28":0,"29":0,"30":0,"31":0,"32":0,"33":0,"34":0,"35":0,"36":0,"37":0,"38":0,"39":0,"40":0,"41":0,"42":0,"43":0,"44":0,"45":0,"46":0,"47":0,"48":0,"49":0,"50":0,"51":0,"52":0,"53":0,"54":0,"55":0,"56":0,"57":0,"58":0,"59":0,"60":0,"61":0,"62":0,"63":0,"64":0,"65":0,"66":0,"67":0,"68":0,"69":0,"70":0,"71":0,"72":0,"73":0,"74":0,"75":0,"76":0,"77":0,"78":0,"79":0,"80":0,"81":0,"82":0,"83":0,"84":0,"85":0,"86":0,"87":0,"88":0,"89":0,"90":0,"91":0,"92":0,"93":0,"94":0,"95":0,"96":0,"97":0,"98":0,"99":0,"100":0,"101":0,"102":0,"103":0,"104":0,"105":0,"106":0,"107":0,"108":0,"109":0,"110":0,"111":0,"112":0,"113":0,"114":0,"115":0,"116":0,"117":0,"118":0,"119":0,"120":0,"121":0,"122":0,"123":0,"124":0,"125":0,"126":0,"127":0,"128":0,"129":0,"130":0,"131":0,"132":0,"133":0,"134":0,"135":0,"136":0,"137":0,"138":0,"139":0,"140":0,"141":0,"142":0,"143":0,"144":0,"145":0,"146":0,"147":0,"148":0,"149":0,"150":0,"151":0,"152":0,"153":0,"154":0,"155":0,"156":0,"157":0,"158":0,"159":0,"160":0,"161":0,"162":0,"163":0,"164":0,"165":0,"166":0,"167":0,"168":0,"169":0,"170":0,"171":0,"172":0,"173":0,"174":0,"175":0,"176":0,"177":0,"178":0,"179":0,"180":0,"181":0,"182":0,"183":0,"184":0,"185":0,"186":0,"187":0,"188":0,"189":0,"190":0,"191":0,"192":0,"193":0,"194":0,"195":0,"196":0,"197":0,"198":0,"199":0,"200":0,"201":0,"202":0,"203":0,"204":0,"205":0,"206":0,"207":0,"208":0,"209":0,"210":0,"211":0,"212":0,"213":0,"214":0,"215":0,"216":0,"217":0,"218":0,"219":0,"220":0,"221":0,"222":0,"223":0,"224":0,"225":0,"226":0,"227":0,"228":0,"229":0,"230":0,"231":0,"232":0,"233":0,"234":0,"235":0,"236":0,"237":0,"238":0,"239":0,"240":0,"241":0,"242":0,"243":0,"244":0,"245":0,"246":0,"247":0,"248":0,"249":0,"250":0,"251":0,"252":0,"253":0,"254":0,"255":0,"256":0,"257":0,"258":0,"259":0,"260":0,"261":0,"262":0,"263":0,"264":0,"265":0,"266":0,"267":0,"268":0,"269":0,"270":0,"271":0,"272":0,"273":0,"274":0,"275":0,"276":0,"277":0,"278":0,"279":0,"280":0,"281":0,"282":0,"283":0,"284":0,"285":0,"286":0,"287":0,"288":0,"289":0,"290":0,"291":0,"292":0,"293":0,"294":0,"295":0,"296":0,"297":0,"298":0,"299":0,"300":0,"301":0,"302":0,"303":0,"304":0,"305":0,"306":0,"307":0,"308":0,"309":0,"310":0,"311":0,"312":0,"313":0,"314":0,"315":0,"316":0,"317":0,"318":0,"319":0,"320":0,"321":0,"322":0,"323":0,"324":0,"325":0,"326":0,"327":0,"328":0,"329":0,"330":0,"331":0,"332":0,"333":0,"334":0,"335":0,"336":0,"337":0,"338":0,"339":0,"340":0,"341":0,"342":0,"343":0,"344":0,"345":0,"346":0,"347":0,"348":0,"349":0,"350":0,"351":0,"352":0,"353":0,"354":0,"355":0,"356":0,"357":0,"358":0,"359":0,"360":0,"361":0,"362":0,"363":0,"364":0,"365":0,"366":0,"367":0,"368":0,"369":0,"370":0,"371":0,"372":0,"373":0,"374":0,"375":0,"376":0,"377":0,"378":0,"379":0,"380":0,"381":0,"382":0,"383":0,"384":0,"385":0,"386":0,"387":0,"388":0,"389":0,"390":0,"391":0,"392":0,"393":0,"394":0,"395":0,"396":0,"397":0,"398":0,"399":0,"400":0,"401":0,"402":0,"403":0,"404":0,"405":0,"406":0,"407":0,"408":0,"409":0,"410":0,"411":0,"412":0,"413":0,"414":0,"415":0,"416":0,"417":0,"418":0,"419":0,"420":0,"421":0,"422":0,"423":0,"424":0,"425":0,"426":0,"427":0,"428":0,"429":0,"430":0,"431":0,"432":0,"433":0,"434":0,"435":0,"436":0,"437":0,"438":0,"439":0,"440":0,"441":0,"442":0,"443":0,"444":0,"445":0,"446":0,"447":0,"448":0,"449":0,"450":0,"451":0,"452":0,"453":0,"454":0,"455":0,"456":0,"457":0,"458":0,"459":0,"460":0,"461":0,"462":0,"463":0,"464":0,"465":0,"466":0,"467":0,"468":0,"469":0,"470":0,"471":0,"472":0,"473":0,"474":0,"475":0,"476":0,"477":0,"478":0,"479":0,"480":0,"481":0,"482":0,"483":0,"484":0,"485":0,"486":0,"487":0,"488":0,"489":0,"490":0,"491":0,"492":0,"493":0,"494":0,"495":0,"496":0,"497":0,"498":0,"499":0,"500":0},"f":{"0":0,"1":0,"2":0,"3":0,"4":0,"5":0,"6":0,"7":0,"8":0,"9":0,"10":0,"11":0,"12":0,"13":0,"14":0,"15":0,"16":0,"17":0,"18":0,"19":0,"20":0,"21":0,"22":0,"23":0,"24":0,"25":0,"26":0,"27":0,"28":0,"29":0,"30":0,"31":0,"32":0,"33":0,"34":0,"35":0,"36":0,"37":0,"38":0,"39":0,"40":0,"41":0,"42":0,"43":0,"44":0,"45":0,"46":0,"47":0,"48":0,"49":0,"50":0,"51":0,"52":0,"53":0,"54":0,"55":0,"56":0,"57":0,"58":0,"59":0,"60":0,"61":0,"62":0,"63":0,"64":0,"65":0,"66":0,"67":0,"68":0,"69":0,"70":0,"71":0,"72":0,"73":0,"74":0,"75":0},"b":{"0":[0,0],"1":[0,0],"2":[0,0],"3":[0,0],"4":[0,0],"5":[0,0],"6":[0,0],"7":[0,0],"8":[0,0],"9":[0,0],"10":[0,0],"11":[0,0],"12":[0,0],"13":[0,0],"14":[0,0],"15":[0,0],"16":[0,0,0],"17":[0,0],"18":[0,0],"19":[0,0],"20":[0,0],"21":[0,0],"22":[0,0],"23":[0,0],"24":[0,0],"25":[0,0],"26":[0,0],"27":[0,0],"28":[0,0],"29":[0,0],"30":[0,0],"31":[0,0],"32":[0,0],"33":[0,0],"34":[0,0],"35":[0,0],"36":[0,0],"37":[0,0],"38":[0,0],"39":[0,0,0],"40":[0,0],"41":[0,0],"42":[0,0],"43":[0,0,0],"44":[0,0],"45":[0,0],"46":[0,0],"47":[0,0],"48":[0,0],"49":[0,0],"50":[0,0],"51":[0,0],"52":[0,0],"53":[0,0],"54":[0,0],"55":[0,0],"56":[0,0],"57":[0,0],"58":[0,0],"59":[0,0],"60":[0,0],"61":[0,0],"62":[0,0],"63":[0,0],"64":[0,0],"65":[0,0],"66":[0,0],"67":[0,0],"68":[0,0],"69":[0,0],"70":[0,0],"71":[0,0],"72":[0,0],"73":[0,0],"74":[0,0],"75":[0,0],"76":[0,0],"77":[0,0],"78":[0,0],"79":[0,0],"80":[0,0],"81":[0,0],"82":[0,0],"83":[0,0],"84":[0,0],"85":[0,0],"86":[0,0],"87":[0,0],"88":[0,0],"89":[0,0],"90":[0,0],"91":[0,0],"92":[0,0],"93":[0,0],"94":[0,0]}}
,"/home/bisagn/Documents/Document Development/Testing Suite 2/public/script.js": {"path":"/home/bisagn/Documents/Document Development/Testing Suite 2/public/script.js","statementMap":{"0":{"start":{"line":2,"column":0},"end":{"line":874,"column":5}},"1":{"start":{"line":6,"column":6},"end":{"line":6,"column":52}},"2":{"start":{"line":6,"column":18},"end":{"line":6,"column":51}},"3":{"start":{"line":7,"column":7},"end":{"line":7,"column":68}},"4":{"start":{"line":7,"column":19},"end":{"line":7,"column":67}},"5":{"start":{"line":8,"column":8},"end":{"line":8,"column":54}},"6":{"start":{"line":8,"column":20},"end":{"line":8,"column":53}},"7":{"start":{"line":9,"column":8},"end":{"line":9,"column":77}},"8":{"start":{"line":9,"column":20},"end":{"line":9,"column":76}},"9":{"start":{"line":10,"column":8},"end":{"line":10,"column":125}},"10":{"start":{"line":10,"column":20},"end":{"line":10,"column":124}},"11":{"start":{"line":11,"column":8},"end":{"line":11,"column":107}},"12":{"start":{"line":11,"column":20},"end":{"line":11,"column":106}},"13":{"start":{"line":12,"column":8},"end":{"line":12,"column":135}},"14":{"start":{"line":12,"column":30},"end":{"line":12,"column":134}},"15":{"start":{"line":12,"column":54},"end":{"line":12,"column":63}},"16":{"start":{"line":12,"column":64},"end":{"line":12,"column":80}},"17":{"start":{"line":12,"column":80},"end":{"line":12,"column":132}},"18":{"start":{"line":12,"column":104},"end":{"line":12,"column":121}},"19":{"start":{"line":13,"column":7},"end":{"line":13,"column":104}},"20":{"start":{"line":13,"column":24},"end":{"line":13,"column":34}},"21":{"start":{"line":13,"column":35},"end":{"line":13,"column":103}},"22":{"start":{"line":14,"column":8},"end":{"line":14,"column":127}},"23":{"start":{"line":14,"column":19},"end":{"line":14,"column":126}},"24":{"start":{"line":15,"column":12},"end":{"line":15,"column":125}},"25":{"start":{"line":15,"column":24},"end":{"line":15,"column":124}},"26":{"start":{"line":15,"column":28},"end":{"line":15,"column":104}},"27":{"start":{"line":15,"column":114},"end":{"line":15,"column":123}},"28":{"start":{"line":16,"column":7},"end":{"line":16,"column":253}},"29":{"start":{"line":16,"column":41},"end":{"line":16,"column":68}},"30":{"start":{"line":16,"column":69},"end":{"line":16,"column":129}},"31":{"start":{"line":16,"column":129},"end":{"line":16,"column":145}},"32":{"start":{"line":16,"column":145},"end":{"line":16,"column":174}},"33":{"start":{"line":16,"column":174},"end":{"line":16,"column":184}},"34":{"start":{"line":16,"column":184},"end":{"line":16,"column":252}},"35":{"start":{"line":16,"column":206},"end":{"line":16,"column":234}},"36":{"start":{"line":16,"column":234},"end":{"line":16,"column":245}},"37":{"start":{"line":17,"column":6},"end":{"line":17,"column":150}},"38":{"start":{"line":17,"column":29},"end":{"line":17,"column":149}},"39":{"start":{"line":18,"column":16},"end":{"line":18,"column":146}},"40":{"start":{"line":18,"column":31},"end":{"line":18,"column":51}},"41":{"start":{"line":18,"column":40},"end":{"line":18,"column":51}},"42":{"start":{"line":18,"column":57},"end":{"line":18,"column":81}},"43":{"start":{"line":18,"column":82},"end":{"line":18,"column":145}},"44":{"start":{"line":21,"column":14},"end":{"line":21,"column":18}},"45":{"start":{"line":22,"column":16},"end":{"line":22,"column":20}},"46":{"start":{"line":23,"column":10},"end":{"line":23,"column":14}},"47":{"start":{"line":24,"column":7},"end":{"line":24,"column":114}},"48":{"start":{"line":25,"column":11},"end":{"line":25,"column":15}},"49":{"start":{"line":25,"column":22},"end":{"line":25,"column":26}},"50":{"start":{"line":25,"column":35},"end":{"line":25,"column":39}},"51":{"start":{"line":25,"column":51},"end":{"line":25,"column":55}},"52
[...]
0,"1686":0,"1687":0,"1688":0,"1689":0,"1690":0,"1691":0,"1692":0,"1693":0,"1694":0,"1695":0,"1696":0,"1697":0,"1698":0,"1699":0,"1700":0,"1701":0,"1702":0,"1703":0,"1704":0,"1705":0,"1706":0,"1707":0,"1708":0,"1709":0,"1710":0,"1711":0,"1712":0,"1713":0,"1714":0,"1715":0,"1716":0,"1717":0,"1718":0,"1719":0,"1720":0,"1721":0,"1722":0,"1723":0,"1724":0,"1725":0,"1726":0,"1727":0,"1728":0,"1729":0,"1730":0,"1731":0,"1732":0,"1733":0,"1734":0,"1735":0,"1736":0,"1737":0,"1738":0,"1739":0,"1740":0,"1741":0,"1742":0,"1743":0,"1744":0,"1745":0,"1746":0,"1747":0,"1748":0,"1749":0,"1750":0,"1751":0,"1752":0,"1753":0,"1754":0,"1755":0,"1756":0,"1757":0,"1758":0,"1759":0,"1760":0,"1761":0,"1762":0,"1763":0,"1764":0,"1765":0,"1766":0,"1767":0,"1768":0,"1769":0,"1770":0,"1771":0,"1772":0,"1773":0,"1774":0,"1775":0,"1776":0,"1777":0,"1778":0,"1779":0,"1780":0,"1781":0,"1782":0,"1783":0,"1784":0,"1785":0,"1786":0,"1787":0,"1788":0,"1789":0,"1790":0,"1791":0,"1792":0,"1793":0,"1794":0,"1795":0,"1796":0,"1797":0,"1798":0,"1799":0,"1800":0,"1801":0,"1802":0,"1803":0,"1804":0,"1805":0,"1806":0,"1807":0,"1808":0,"1809":0,"1810":0,"1811":0,"1812":0,"1813":0,"1814":0,"1815":0,"1816":0,"1817":0,"1818":0,"1819":0,"1820":0,"1821":0,"1822":0,"1823":0,"1824":0,"1825":0,"1826":0,"1827":0,"1828":0,"1829":0,"1830":0,"1831":0,"1832":0,"1833":0,"1834":0,"1835":0,"1836":0,"1837":0,"1838":0,"1839":0,"1840":0,"1841":0,"1842":0,"1843":0,"1844":0,"1845":0,"1846":0,"1847":0,"1848":0,"1849":0,"1850":0,"1851":0,"1852":0,"1853":0,"1854":0,"1855":0,"1856":0,"1857":0,"1858":0,"1859":0,"1860":0,"1861":0,"1862":0,"1863":0,"1864":0,"1865":0,"1866":0,"1867":0,"1868":0,"1869":0,"1870":0,"1871":0,"1872":0,"1873":0,"1874":0,"1875":0,"1876":0,"1877":0,"1878":0,"1879":0,"1880":0,"1881":0,"1882":0,"1883":0,"1884":0,"1885":0,"1886":0,"1887":0,"1888":0,"1889":0,"1890":0,"1891":0,"1892":0,"1893":0,"1894":0,"1895":0,"1896":0,"1897":0,"1898":0,"1899":0,"1900":0,"1901":0,"1902":0,"1903":0,"1904":0,"1905":0,"1906":0,"1907":0,"1908":0,"1909":0,"1910":0,"1911":0,"1912":0,"1913":0,"1914":0,"1915":0,"1916":0,"1917":0,"1918":0,"1919":0,"1920":0,"1921":0,"1922":0,"1923":0,"1924":0,"1925":0,"1926":0,"1927":0,"1928":0,"1929":0,"1930":0,"1931":0,"1932":0,"1933":0,"1934":0,"1935":0,"1936":0,"1937":0,"1938":0,"1939":0,"1940":0,"1941":0,"1942":0,"1943":0,"1944":0,"1945":0,"1946":0,"1947":0,"1948":0,"1949":0,"1950":0,"1951":0,"1952":0,"1953":0,"1954":0,"1955":0,"1956":0,"1957":0,"1958":0,"1959":0,"1960":0,"1961":0,"1962":0,"1963":0,"1964":0,"1965":0,"1966":0,"1967":0,"1968":0,"1969":0,"1970":0,"1971":0,"1972":0,"1973":0,"1974":0,"1975":0,"1976":0,"1977":0,"1978":0,"1979":0,"1980":0,"1981":0,"1982":0,"1983":0,"1984":0,"1985":0,"1986":0,"1987":0,"1988":0,"1989":0,"1990":0,"1991":0,"1992":0,"1993":0,"1994":0,"1995":0,"1996":0,"1997":0,"1998":0,"1999":0,"2000":0,"2001":0,"2002":0,"2003":0,"2004":0,"2005":0,"2006":0,"2007":0,"2008":0,"2009":0,"2010":0,"2011":0,"2012":0,"2013":0,"2014":0,"2015":0,"2016":0,"2017":0,"2018":0,"2019":0,"2020":0,"2021":0,"2022":0,"2023":0,"2024":0,"2025":0,"2026":0,"2027":0,"2028":0,"2029":0,"2030":0,"2031":0,"2032":0,"2033":0,"2034":0,"2035":0,"2036":0,"2037":0,"2038":0,"2039":0,"2040":0,"2041":0,"2042":0,"2043":0,"2044":0,"2045":0,"2046":0,"2047":0,"2048":0,"2049":0,"2050":0,"2051":0,"2052":0,"2053":0,"2054":0,"2055":0,"2056":0,"2057":0,"2058":0,"2059":0,"2060":0,"2061":0,"2062":0,"2063":0,"2064":0,"2065":0,"2066":0,"2067":0,"2068":0,"2069":0,"2070":0,"2071":0,"2072":0,"2073":0,"2074":0,"2075":0,"2076":0,"2077":0,"2078":0,"2079":0,"2080":0,"2081":0,"2082":0,"2083":0,"2084":0,"2085":0,"2086":0,"2087":0,"2088":0,"2089":0,"2090":0,"2091":0,"2092":0,"2093":0,"2094":0,"2095":0,"2096":0,"2097":0,"2098":0,"2099":0,"2100":0,"2101":0,"2102":0,"2103":0,"2104":0,"2105":0,"2106":0,"2107":0,"2108":0,"2109":0,"2110":0,"2111":0,"2112":0,"2113":0,"2114":0,"2115":0,"2116":0,"2117":0,"2118":0,"2119":0,"2120":0,"2121":0,"2122":0,"2123":0,"2124":0,"2125":0,"2126":0,"2127":0,"2128":0,"2129":0,"2130":0,"2131":0,"2132":0,"2133":0,"2134":0,"2135":0,"2136":0,"2137":0,"2138":0,"2139":0,"2140":0,"2141":0,"2142":0,"2143":0,"2144":0,"2145":0,"2146":0,"2147":0,"2148":0,"2149":0,"2150":0,"2151":0,"2152":0,"2153":0,"2154":0,"2155":0,"2156":0,"2157":0,"2158":0,"2159":0,"2160":0,"2161":0,"2162":0,"2163":0,"2164":0,"2165":0,"2166":0,"2167":0,"2168":0,"2169":0,"2170":0,"2171":0,"2172":0,"2173":0,"2174":0,"2175":0,"2176":0,"2177":0,"2178":0,"2179":0,"2180":0,"2181":0,"2182":0,"2183":0,"2184":0,"2185":0,"2186":0,"2187":0,"2188":0,"2189":0,"2190":0,"2191":0,"2192":0,"2193":0,"2194":0,"2195":0,"2196":0,"2197":0,"2198":0,"2199":0,"2200":0,"2201":0,"2202":0,"2203":0,"2204":0,"2205":0,"2206":0,"2207":0,"2208":0,"2209":0,"2210":0,"2211":0,"2212":0,"2213":0,"2214":0,"2215":0,"2216":0,"2217":0,"2218":0,"2219":0,"2220":0,"2221":0,"2222":0,"2223":0,"2224":0,"2225":0,"2226":0,"2227":0,"2228":0,"2229":0,"2230":0,"2231":0,"2232":0,"2233":0,"2234":0,"2235":0,"2236":0,"2237":0,"2238":0,"2239":0,"2240":0,"2241":0,"2242":0,"2243":0,"2244":0,"2245":0,"2246":0,"2247":0,"2248":0,"2249":0,"2250":0,"2251":0,"2252":0,"2253":0,"2254":0,"2255":0,"2256":0,"2257":0,"2258":0,"2259":0,"2260":0,"2261":0,"2262":0,"2263":0,"2264":0,"2265":0,"2266":0,"2267":0,"2268":0,"2269":0,"2270":0,"2271":0,"2272":0,"2273":0,"2274":0,"2275":0,"2276":0,"2277":0,"2278":0,"2279":0,"2280":0,"2281":0,"2282":0,"2283":0,"2284":0,"2285":0,"2286":0,"2287":0,"2288":0,"2289":0,"2290":0,"2291":0,"2292":0,"2293":0,"2294":0,"2295":0,"2296":0,"2297":0,"2298":0,"2299":0,"2300":0,"2301":0,"2302":0,"2303":0,"2304":0,"2305":0,"2306":0,"2307":0,"2308":0,"2309":0,"2310":0,"2311":0,"2312":0,"2313":0,"2314":0,"2315":0,"2316":0,"2317":0,"2318":0,"2319":0,"2320":0,"2321":0,"2322":0,"2323":0,"2324":0,"2325":0,"2326":0,"2327":0,"2328":0,"2329":0,"2330":0,"2331":0,"2332":0,"2333":0,"2334":0,"2335":0,"2336":0,"2337":0,"2338":0,"2339":0,"2340":0,"2341":0,"2342":0,"2343":0,"2344":0,"2345":0,"2346":0,"2347":0,"2348":0,"2349":0,"2350":0,"2351":0,"2352":0,"2353":0,"2354":0,"2355":0,"2356":0,"2357":0,"2358":0,"2359":0,"2360":0,"2361":0,"2362":0,"2363":0,"2364":0,"2365":0,"2366":0,"2367":0,"2368":0,"2369":0,"2370":0,"2371":0,"2372":0,"2373":0,"2374":0,"2375":0,"2376":0,"2377":0,"2378":0,"2379":0,"2380":0,"2381":0,"2382":0,"2383":0,"2384":0,"2385":0,"2386":0,"2387":0,"2388":0,"2389":0,"2390":0,"2391":0,"2392":0,"2393":0,"2394":0,"2395":0,"2396":0,"2397":0,"2398":0,"2399":0,"2400":0,"2401":0,"2402":0,"2403":0,"2404":0,"2405":0,"2406":0,"2407":0,"2408":0,"2409":0,"2410":0,"2411":0,"2412":0,"2413":0,"2414":0,"2415":0,"2416":0,"2417":0,"2418":0,"2419":0,"2420":0,"2421":0,"2422":0,"2423":0,"2424":0,"2425":0,"2426":0,"2427":0,"2428":0,"2429":0,"2430":0,"2431":0,"2432":0,"2433":0,"2434":0,"2435":0,"2436":0,"2437":0,"2438":0,"2439":0,"2440":0,"2441":0,"2442":0,"2443":0,"2444":0,"2445":0,"2446":0,"2447":0,"2448":0,"2449":0,"2450":0,"2451":0,"2452":0,"2453":0,"2454":0,"2455":0,"2456":0,"2457":0,"2458":0,"2459":0,"2460":0,"2461":0,"2462":0,"2463":0,"2464":0,"2465":0,"2466":0,"2467":0,"2468":0,"2469":0,"2470":0,"2471":0,"2472":0,"2473":0,"2474":0,"2475":0,"2476":0,"2477":0,"2478":0,"2479":0,"2480":0,"2481":0,"2482":0,"2483":0,"2484":0,"2485":0,"2486":0,"2487":0,"2488":0,"2489":0,"2490":0,"2491":0,"2492":0,"2493":0,"2494":0,"2495":0,"2496":0,"2497":0,"2498":0,"2499":0,"2500":0,"2501":0,"2502":0,"2503":0,"2504":0,"2505":0,"2506":0,"2507":0,"2508":0,"2509":0,"2510":0,"2511":0,"2512":0,"2513":0,"2514":0,"2515":0,"2516":0,"2517":0,"2518":0,"2519":0,"2520":0,"2521":0,"2522":0,"2523":0,"2524":0,"2525":0,"2526":0,"2527":0,"2528":0,"2529":0,"2530":0,"2531":0},"f":{"0":0,"1":0,"2":0,"3":0,"4":0,"5":0,"6":0,"7":0,"8":0,"9":0,"10":0,"11":0,"12":0,"13":0,"14":0,"15":0,"16":0,"17":0,"18":0,"19":0,"20":0,"21":0,"22":0,"23":0,"24":0,"25":0,"26":0,"27":0,"28":0,"29":0,"30":0,"31":0,"32":0,"33":0,"34":0,"35":0,"36":0,"37":0,"38":0,"39":0,"40":0,"41":0,"42":0,"43":0,"44":0,"45":0,"46":0,"47":0,"48":0,"49":0,"50":0,"51":0,"52":0,"53":0,"54":0,"55":0,"56":0,"57":0,"58":0,"59":0,"60":0,"61":0,"62":0,"63":0,"64":0,"65":0,"66":0,"67":0,"68":0,"69":0,"70":0,"71":0,"72":0,"73":0,"74":0,"75":0,"76":0,"77":0,"78":0,"79":0,"80":0,"81":0,"82":0,"83":0,"84":0,"85":0,"86":0,"87":0,"88":0,"89":0,"90":0,"91":0,"92":0,"93":0,"94":0,"95":0,"96":0,"97":0,"98":0,"99":0,"100":0,"101":0,"102":0,"103":0,"104":0,"105":0,"106":0,"107":0,"108":0,"109":0,"110":0,"111":0,"112":0,"113":0,"114":0,"115":0,"116":0,"117":0,"118":0,"119":0,"120":0,"121":0,"122":0,"123":0,"124":0,"125":0,"126":0,"127":0,"128":0,"129":0,"130":0,"131":0,"132":0,"133":0,"134":0,"135":0,"136":0,"137":0,"138":0,"139":0,"140":0,"141":0,"142":0,"143":0,"144":0,"145":0,"146":0,"147":0,"148":0,"149":0,"150":0,"151":0,"152":0,"153":0,"154":0,"155":0,"156":0,"157":0,"158":0,"159":0,"160":0,"161":0,"162":0,"163":0,"164":0,"165":0,"166":0,"167":0,"168":0,"169":0,"170":0,"171":0,"172":0,"173":0,"174":0,"175":0,"176":0,"177":0,"178":0,"179":0,"180":0,"181":0,"182":0,"183":0,"184":0,"185":0,"186":0,"187":0,"188":0,"189":0,"190":0,"191":0,"192":0,"193":0,"194":0,"195":0,"196":0,"197":0,"198":0,"199":0,"200":0,"201":0,"202":0,"203":0,"204":0,"205":0,"206":0,"207":0,"208":0,"209":0,"210":0,"211":0,"212":0,"213":0,"214":0,"215":0,"216":0,"217":0,"218":0,"219":0,"220":0,"221":0,"222":0,"223":0,"224":0,"225":0,"226":0,"227":0,"228":0,"229":0,"230":0,"231":0,"232":0,"233":0,"234":0,"235":0,"236":0,"237":0,"238":0,"239":0,"240":0,"241":0,"242":0,"243":0,"244":0,"245":0,"246":0,"247":0,"248":0,"249":0,"250":0,"251":0,"252":0,"253":0,"254":0,"255":0,"256":0,"257":0,"258":0,"259":0,"260":0,"261":0,"262":0,"263":0,"264":0,"265":0,"266":0,"267":0,"268":0,"269":0,"270":0,"271":0,"272":0,"273":0,"274":0,"275":0,"276":0,"277":0,"278":0,"279":0,"280":0,"281":0,"282":0,"283":0,"284":0,"285":0,"286":0,"287":0,"288":0,"289":0,"290":0,"291":0,"292":0,"293":0,"294":0,"295":0,"296":0,"297":0,"298":0,"299":0,"300":0,"301":0,"302":0,"303":0,"304":0,"305":0,"306":0,"307":0,"308":0,"309":0,"310":0,"311":0,"312":0,"313":0,"314":0,"315":0,"316":0,"317":0,"318":0,"319":0,"320":0,"321":0,"322":0,"323":0,"324":0,"325":0,"326":0,"327":0,"328":0,"329":0,"330":0,"331":0,"332":0,"333":0,"334":0,"335":0,"336":0,"337":0,"338":0,"339":0,"340":0,"341":0,"342":0,"343":0,"344":0,"345":0,"346":0,"347":0,"348":0,"349":0,"350":0,"351":0,"352":0,"353":0,"354":0,"355":0,"356":0,"357":0},"b":{"0":[0,0],"1":[0,0],"2":[0,0],"3":[0,0],"4":[0,0],"5":[0,0],"6":[0,0],"7":[0,0],"8":[0,0],"9":[0,0],"10":[0,0],"11":[0,0],"12":[0,0],"13":[0,0],"14":[0,0],"15":[0,0],"16":[0,0],"17":[0,0],"18":[0,0],"19":[0,0],"20":[0,0],"21":[0,0],"22":[0,0],"23":[0,0],"24":[0,0],"25":[0,0],"26":[0,0],"27":[0,0],"28":[0,0],"29":[0,0],"30":[0,0],"31":[0,0],"32":[0,0],"33":[0,0],"34":[0,0],"35":[0,0],"36":[0,0],"37":[0,0],"38":[0,0],"39":[0,0],"40":[0,0],"41":[0,0],"42":[0,0],"43":[0,0],"44":[0,0],"45":[0,0],"46":[0,0],"47":[0,0],"48":[0,0],"49":[0,0],"50":[0,0],"51":[0,0],"52":[0,0],"53":[0,0],"54":[0,0],"55":[0,0],"56":[0,0],"57":[0,0],"58":[0,0],"59":[0,0],"60":[0,0],"61":[0,0],"62":[0,0],"63":[0,0],"64":[0,0],"65":[0,0],"66":[0,0],"67":[0,0],"68":[0,0],"69":[0,0],"70":[0,0],"71":[0,0],"72":[0,0],"73":[0,0],"74":[0,0],"75":[0,0],"76":[0,0],"77":[0,0],"78":[0,0],"79":[0,0],"80":[0,0,0],"81":[0,0],"82":[0,0,0],"83":[0,0],"84":[0,0],"85":[0,0],"86":[0,0],"87":[0,0],"88":[0,0],"89":[0,0],"90":[0,0],"91":[0,0],"92":[0,0],"93":[0,0],"94":[0,0],"95":[0,0],"96":[0,0],"97":[0,0],"98":[0,0],"99":[0,0],"100":[0,0],"101":[0,0],"102":[0,0],"103":[0,0],"104":[0,0],"105":[0,0],"106":[0,0],"107":[0,0],"108":[0,0],"109":[0,0],"110":[0,0],"111":[0,0],"112":[0,0],"113":[0,0],"114":[0,0],"115":[0,0],"116":[0,0],"117":[0,0],"118":[0,0],"119":[0,0],"120":[0,0],"121":[0,0],"122":[0,0],"123":[0,0],"124":[0,0],"125":[0,0],"126":[0,0,0],"127":[0,0],"128":[0,0],"129":[0,0],"130":[0,0],"131":[0,0],"132":[0,0],"133":[0,0],"134":[0,0,0],"135":[0,0],"136":[0,0],"137":[0,0],"138":[0,0],"139":[0,0],"140":[0,0],"141":[0,0],"142":[0,0],"143":[0,0],"144":[0,0],"145":[0,0],"146":[0,0],"147":[0,0],"148":[0,0],"149":[0,0],"150":[0,0],"151":[0,0],"152":[0,0],"153":[0,0],"154":[0,0],"155":[0,0],"156":[0,0],"157":[0,0],"158":[0,0],"159":[0,0],"160":[0,0],"161":[0,0],"162":[0,0],"163":[0,0],"164":[0,0],"165":[0,0],"166":[0,0],"167":[0,0],"168":[0,0],"169":[0,0],"170":[0,0],"171":[0,0],"172":[0,0],"173":[0,0],"174":[0,0],"175":[0,0],"176":[0,0],"177":[0,0],"178":[0,0],"179":[0,0],"180":[0,0],"181":[0,0],"182":[0,0],"183":[0,0],"184":[0,0],"185":[0,0],"186":[0,0],"187":[0,0],"188":[0,0],"189":[0,0],"190":[0,0],"191":[0,0],"192":[0,0],"193":[0,0],"194":[0,0],"195":[0,0],"196":[0,0],"197":[0,0],"198":[0,0],"199":[0,0],"200":[0,0],"201":[0,0],"202":[0,0],"203":[0,0],"204":[0,0],"205":[0,0],"206":[0,0],"207":[0,0],"208":[0,0],"209":[0,0],"210":[0,0],"211":[0,0],"212":[0,0],"213":[0,0],"214":[0,0],"215":[0,0],"216":[0,0],"217":[0,0],"218":[0,0],"219":[0,0],"220":[0,0],"221":[0,0],"222":[0,0],"223":[0,0],"224":[0,0],"225":[0,0],"226":[0,0],"227":[0,0],"228":[0,0],"229":[0,0],"230":[0,0],"231":[0,0],"232":[0,0],"233":[0,0],"234":[0,0],"235":[0,0],"236":[0,0],"237":[0,0],"238":[0,0],"239":[0,0],"240":[0,0],"241":[0,0],"242":[0,0],"243":[0,0],"244":[0,0],"245":[0,0],"246":[0,0],"247":[0,0],"248":[0,0],"249":[0,0],"250":[0,0],"251":[0,0],"252":[0,0],"253":[0,0],"254":[0,0],"255":[0,0],"256":[0,0],"257":[0,0],"258":[0,0],"259":[0,0],"260":[0,0],"261":[0,0],"262":[0,0,0],"263":[0,0],"264":[0,0],"265":[0,0],"266":[0,0],"267":[0,0],"268":[0,0],"269":[0,0,0],"270":[0,0],"271":[0,0],"272":[0,0],"273":[0,0,0],"274":[0,0],"275":[0,0],"276":[0,0],"277":[0,0],"278":[0,0],"279":[0,0],"280":[0,0],"281":[0,0],"282":[0,0],"283":[0,0],"284":[0,0],"285":[0,0],"286":[0,0],"287":[0,0],"288":[0,0],"289":[0,0],"290":[0,0],"291":[0,0],"292":[0,0],"293":[0,0],"294":[0,0],"295":[0,0],"296":[0,0],"297":[0,0],"298":[0,0],"299":[0,0],"300":[0,0],"301":[0,0],"302":[0,0],"303":[0,0],"304":[0,0],"305":[0,0],"306":[0,0],"307":[0,0],"308":[0,0],"309":[0,0],"310":[0,0],"311":[0,0],"312":[0,0],"313":[0,0],"314":[0,0],"315":[0,0],"316":[0,0],"317":[0,0],"318":[0,0],"319":[0,0],"320":[0,0],"321":[0,0],"322":[0,0],"323":[0,0],"324":[0,0],"325":[0,0],"326":[0,0],"327":[0,0],"328":[0,0],"329":[0,0],"330":[0,0],"331":[0,0],"332":[0,0],"333":[0,0],"334":[0,0],"335":[0,0],"336":[0,0],"337":[0,0],"338":[0,0],"339":[0,0],"340":[0,0],"341":[0,0],"342":[0,0],"343":[0,0],"344":[0,0],"345":[0,0],"346":[0,0],"347":[0,0],"348":[0,0],"349":[0,0],"350":[0,0],"351":[0,0],"352":[0,0],"353":[0,0],"354":[0,0],"355":[0,0],"356":[0,0],"357":[0,0],"358":[0,0],"359":[0,0],"360":[0,0],"361":[0,0],"362":[0,0],"363":[0,0],"364":[0,0],"365":[0,0],"366":[0,0],"367":[0,0],"368":[0,0],"369":[0,0],"370":[0,0],"371":[0,0],"372":[0,0],"373":[0,0],"374":[0,0],"375":[0,0],"376":[0,0],"377":[0,0],"378":[0,0],"379":[0,0],"380":[0,0],"381":[0,0],"382":[0,0],"383":[0,0],"384":[0,0],"385":[0,0],"386":[0,0],"387":[0,0],"388":[0,0],"389":[0,0],"390":[0,0],"391":[0,0],"392":[0,0],"393":[0,0],"394":[0,0],"395":[0,0],"396":[0,0],"397":[0,0],"398":[0,0],"399":[0,0],"400":[0,0],"401":[0,0],"402":[0,0],"403":[0,0],"404":[0,0],"405":[0,0],"406":[0,0],"407":[0,0],"408":[0,0],"409":[0,0],"410":[0,0],"411":[0,0],"412":[0,0],"413":[0,0],"414":[0,0],"415":[0,0],"416":[0,0],"417":[0,0],"418":[0,0],"419":[0,0],"420":[0,0],"421":[0,0],"422":[0,0],"423":[0,0],"424":[0,0],"425":[0,0],"426":[0,0],"427":[0,0],"428":[0,0],"429":[0,0],"430":[0,0],"431":[0,0],"432":[0,0],"433":[0,0],"434":[0,0],"435":[0,0],"436":[0,0],"437":[0,0],"438":[0,0],"439":[0,0],"440":[0,0],"441":[0,0],"442":[0,0],"443":[0,0],"444":[0,0],"445":[0,0],"446":[0,0],"447":[0,0],"448":[0,0],"449":[0,0],"450":[0,0],"451":[0,0],"452":[0,0],"453":[0,0],"454":[0,0],"455":[0,0],"456":[0,0],"457":[0,0],"458":[0,0],"459":[0,0],"460":[0,0],"461":[0,0],"462":[0,0],"463":[0,0],"464":[0,0],"465":[0,0],"466":[0,0],"467":[0,0],"468":[0,0],"469":[0,0],"470":[0,0],"471":[0,0],"472":[0,0],"473":[0,0],"474":[0,0],"475":[0,0],"476":[0,0],"477":[0,0],"478":[0,0],"479":[0,0],"480":[0,0],"481":[0,0],"482":[0,0],"483":[0,0],"484":[0,0],"485":[0,0],"486":[0,0],"487":[0,0],"488":[0,0],"489":[0,0],"490":[0,0],"491":[0,0],"492":[0,0],"493":[0,0],"494":[0,0],"495":[0,0],"496":[0,0],"497":[0,0],"498":[0,0],"499":[0,0],"500":[0,0],"501":[0,0],"502":[0,0],"503":[0,0],"504":[0,0],"505":[0,0],"506":[0,0],"507":[0,0],"508":[0,0],"509":[0,0],"510":[0,0],"511":[0,0],"512":[0,0],"513":[0,0],"514":[0,0],"515":[0,0],"516":[0,0],"517":[0,0],"518":[0,0],"519":[0,0],"520":[0,0],"521":[0,0],"522":[0,0],"523":[0,0],"524":[0,0],"525":[0,0],"526":[0,0],"527":[0,0,0,0,0],"528":[0,0],"529":[0,0],"530":[0,0,0],"531":[0,0],"532":[0,0,0],"533":[0,0],"534":[0,0,0],"535":[0,0,0],"536":[0,0,0],"537":[0,0,0],"538":[0,0],"539":[0,0],"540":[0,0],"541":[0,0],"542":[0,0,0],"543":[0,0],"544":[0,0],"545":[0,0,0,0],"546":[0,0],"547":[0,0],"548":[0,0,0],"549":[0,0,0],"550":[0,0,0,0],"551":[0,0],"552":[0,0,0,0,0,0],"553":[0,0],"554":[0,0],"555":[0,0,0],"556":[0,0],"557":[0,0,0],"558":[0,0],"559":[0,0],"560":[0,0,0],"561":[0,0],"562":[0,0],"563":[0,0],"564":[0,0],"565":[0,0],"566":[0,0],"567":[0,0],"568":[0,0],"569":[0,0],"570":[0,0],"571":[0,0],"572":[0,0],"573":[0,0],"574":[0,0],"575":[0,0],"576":[0,0],"577":[0,0],"578":[0,0],"579":[0,0],"580":[0,0],"581":[0,0],"582":[0,0],"583":[0,0],"584":[0,0],"585":[0,0],"586":[0,0],"587":[0,0],"588":[0,0],"589":[0,0],"590":[0,0],"591":[0,0],"592":[0,0],"593":[0,0],"594":[0,0],"595":[0,0],"596":[0,0],"597":[0,0],"598":[0,0],"599":[0,0],"600":[0,0],"601":[0,0],"602":[0,0],"603":[0,0],"604":[0,0],"605":[0,0],"606":[0,0],"607":[0,0],"608":[0,0],"609":[0,0,0],"610":[0,0],"611":[0,0],"612":[0,0],"613":[0,0],"614":[0,0],"615":[0,0],"616":[0,0],"617":[0,0],"618":[0,0],"619":[0,0],"620":[0,0],"621":[0,0],"622":[0,0],"623":[0,0],"624":[0,0],"625":[0,0],"626":[0,0],"627":[0,0],"628":[0,0],"629":[0,0],"630":[0,0],"631":[0,0],"632":[0,0],"633":[0,0],"634":[0,0],"635":[0,0],"636":[0,0],"637":[0,0],"638":[0,0],"639":[0,0],"640":[0,0],"641":[0,0],"642":[0,0],"643":[0,0],"644":[0,0],"645":[0,0],"646":[0,0],"647":[0,0],"648":[0,0],"649":[0,0],"650":[0,0],"651":[0,0],"652":[0,0],"653":[0,0],"654":[0,0],"655":[0,0],"656":[0,0],"657":[0,0],"658":[0,0],"659":[0,0],"660":[0,0],"661":[0,0],"662":[0,0],"663":[0,0],"664":[0,0],"665":[0,0],"666":[0,0],"667":[0,0],"668":[0,0],"669":[0,0],"670":[0,0],"671":[0,0],"672":[0,0],"673":[0,0],"674":[0,0],"675":[0,0],"676":[0,0],"677":[0,0],"678":[0,0],"679":[0,0],"680":[0,0],"681":[0,0],"682":[0,0],"683":[0,0],"684":[0,0],"685":[0,0],"686":[0,0],"687":[0,0],"688":[0,0],"689":[0,0],"690":[0,0],"691":[0,0],"692":[0,0],"693":[0,0],"694":[0,0],"695":[0,0],"696":[0,0],"697":[0,0],"698":[0,0],"699":[0,0],"700":[0,0],"701":[0,0],"702":[0,0],"703":[0,0],"704":[0,0],"705":[0,0],"706":[0,0],"707":[0,0],"708":[0,0],"709":[0,0],"710":[0,0],"711":[0,0],"712":[0,0],"713":[0,0],"714":[0,0],"715":[0,0],"716":[0,0],"717":[0,0],"718":[0,0],"719":[0,0],"720":[0,0],"721":[0,0],"722":[0,0],"723":[0,0],"724":[0,0],"725":[0,0],"726":[0,0],"727":[0,0],"728":[0,0],"729":[0,0],"730":[0,0],"731":[0,0],"732":[0,0],"733":[0,0],"734":[0,0],"735":[0,0],"736":[0,0],"737":[0,0],"738":[0,0],"739":[0,0],"740":[0,0],"741":[0,0],"742":[0,0],"743":[0,0],"744":[0,0],"745":[0,0],"746":[0,0],"747":[0,0],"748":[0,0],"749":[0,0],"750":[0,0],"751":[0,0],"752":[0,0],"753":[0,0],"754":[0,0],"755":[0,0],"756":[0,0],"757":[0,0],"758":[0,0],"759":[0,0],"760":[0,0],"761":[0,0],"762":[0,0],"763":[0,0],"764":[0,0],"765":[0,0],"766":[0,0],"767":[0,0],"768":[0,0],"769":[0,0],"770":[0,0],"771":[0,0],"772":[0,0],"773":[0,0],"774":[0,0],"775":[0,0],"776":[0,0],"777":[0,0],"778":[0,0,0],"779":[0,0],"780":[0,0],"781":[0,0],"782":[0,0],"783":[0,0],"784":[0,0],"785":[0,0],"786":[0,0],"787":[0,0],"788":[0,0],"789":[0,0],"790":[0,0],"791":[0,0],"792":[0,0],"793":[0,0],"794":[0,0],"795":[0,0],"796":[0,0],"797":[0,0],"798":[0,0],"799":[0,0],"800":[0,0],"801":[0,0],"802":[0,0],"803":[0,0],"804":[0,0]}}
}
