TN:
SF:server.js
FN:68,getJwtSecret
FN:110,(anonymous_1)
FN:119,acquireLock
FN:120,(anonymous_3)
FN:121,(anonymous_4)
FN:133,releaseLock
FN:138,readJSON
FN:154,writeJSON
FN:177,sanitizeInput
FN:182,isValidEmail
FN:187,initUsers
FN:213,getUsers
FN:218,saveUsers
FN:223,getSessions
FN:228,saveSessions
FN:233,cleanExpiredSessions
FN:236,(anonymous_16)
FN:245,getUserDataFile
FN:249,getUserData
FN:253,saveUserData
FN:277,authMiddleware
FN:298,(anonymous_21)
FN:308,(anonymous_22)
FN:317,(anonymous_23)
FN:336,managerOnly
FN:344,validateRegistration
FN:374,(anonymous_26)
FN:381,(anonymous_27)
FN:398,(anonymous_28)
FN:418,(anonymous_29)
FN:428,(anonymous_30)
FN:457,(anonymous_31)
FN:479,(anonymous_32)
FN:481,(anonymous_33)
FN:522,(anonymous_34)
FN:535,(anonymous_35)
FN:536,(anonymous_36)
FN:550,(anonymous_37)
FN:563,(anonymous_38)
FN:567,(anonymous_39)
FN:576,(anonymous_40)
FN:609,(anonymous_41)
FN:611,(anonymous_42)
FN:626,(anonymous_43)
FN:630,(anonymous_44)
FN:631,(anonymous_45)
FN:643,(anonymous_46)
FN:646,(anonymous_47)
FN:664,(anonymous_48)
FN:667,(anonymous_49)
FN:682,(anonymous_50)
FN:685,(anonymous_51)
FN:694,(anonymous_52)
FN:706,(anonymous_53)
FN:709,(anonymous_54)
FN:724,(anonymous_55)
FN:731,(anonymous_56)
FN:736,(anonymous_57)
FN:754,(anonymous_58)
FN:757,(anonymous_59)
FN:761,(anonymous_60)
FN:770,(anonymous_61)
FN:784,(anonymous_62)
FN:795,(anonymous_63)
FN:805,(anonymous_64)
FN:820,(anonymous_65)
FN:825,(anonymous_66)
FN:829,(anonymous_67)
FN:833,(anonymous_68)
FN:851,(anonymous_69)
FN:863,(anonymous_70)
FN:869,(anonymous_71)
FN:879,(anonymous_72)
FN:897,(anonymous_73)
FN:917,(anonymous_74)
FN:922,(anonymous_75)
FNF:76
FNH:0
FNDA:0,getJwtSecret
FNDA:0,(anonymous_1)
FNDA:0,acquireLock
FNDA:0,(anonymous_3)
FNDA:0,(anonymous_4)
FNDA:0,releaseLock
FNDA:0,readJSON
FNDA:0,writeJSON
FNDA:0,sanitizeInput
FNDA:0,isValidEmail
FNDA:0,initUsers
FNDA:0,getUsers
FNDA:0,saveUsers
FNDA:0,getSessions
FNDA:0,saveSessions
FNDA:0,cleanExpiredSessions
FNDA:0,(anonymous_16)
FNDA:0,getUserDataFile
FNDA:0,getUserData
FNDA:0,saveUserData
FNDA:0,authMiddleware
FNDA:0,(anonymous_21)
FNDA:0,(anonymous_22)
FNDA:0,(anonymous_23)
FNDA:0,managerOnly
FNDA:0,validateRegistration
FNDA:0,(anonymous_26)
FNDA:0,(anonymous_27)
FNDA:0,(anonymous_28)
FNDA:0,(anonymous_29)
FNDA:0,(anonymous_30)
FNDA:0,(anonymous_31)
FNDA:0,(anonymous_32)
FNDA:0,(anonymous_33)
FNDA:0,(anonymous_34)
FNDA:0,(anonymous_35)
FNDA:0,(anonymous_36)
FNDA:0,(anonymous_37)
FNDA:0,(anonymous_38)
FNDA:0,(anonymous_39)
FNDA:0,(anonymous_40)
FNDA:0,(anonymous_41)
FNDA:0,(anonymous_42)
FNDA:0,(anonymous_43)
FNDA:0,(anonymous_44)
FNDA:0,(anonymous_45)
FNDA:0,(anonymous_46)
FNDA:0,(anonymous_47)
FNDA:0,(anonymous_48)
FNDA:0,(anonymous_49)
FNDA:0,(anonymous_50)
FNDA:0,(anonymous_51)
FNDA:0,(anonymous_52)
FNDA:0,(anonymous_53)
FNDA:0,(anonymous_54)
FNDA:0,(anonymous_55)
FNDA:0,(anonymous_56)
FNDA:0,(anonymous_57)
FNDA:0,(anonymous_58)
FNDA:0,(anonymous_59)
FNDA:0,(anonymous_60)
FNDA:0,(anonymous_61)
FNDA:0,(anonymous_62)
FNDA:0,(anonymous_63)
FNDA:0,(anonymous_64)
FNDA:0,(anonymous_65)
FNDA:0,(anonymous_66)
FNDA:0,(anonymous_67)
FNDA:0,(anonymous_68)
FNDA:0,(anonymous_69)
FNDA:0,(anonymous_70)
FNDA:0,(anonymous_71)
FNDA:0,(anonymous_72)
FNDA:0,(anonymous_73)
FNDA:0,(anonymous_74)
FNDA:0,(anonymous_75)
DA:2,0
DA:3,0
DA:4,0
DA:5,0
DA:6,0
DA:7,0
DA:8,0
DA:9,0
DA:10,0
DA:11,0
DA:12,0
DA:13,0
DA:14,0
DA:15,0
DA:16,0
DA:19,0
DA:32,0
DA:33,0
DA:36,0
DA:50,0
DA:57,0
DA:59,0
DA:67,0
DA:69,0
DA:70,0
DA:71,0
DA:72,0
DA:73,0
DA:76,0
DA:80,0
DA:81,0
DA:82,0
DA:83,0
DA:84,0
DA:85,0
DA:87,0
DA:89,0
DA:91,0
DA:92,0
DA:93,0
DA:94,0
DA:97,0
DA:98,0
DA:99,0
DA:100,0
DA:103,0
DA:104,0
DA:105,0
DA:106,0
DA:107,0
DA:110,0
DA:111,0
DA:112,0
DA:117,0
DA:120,0
DA:121,0
DA:122,0
DA:123,0
DA:124,0
DA:126,0
DA:129,0
DA:134,0
DA:139,0
DA:140,0
DA:141,0
DA:142,0
DA:143,0
DA:144,0
DA:145,0
DA:148,0
DA:150,0
DA:151,0
DA:155,0
DA:156,0
DA:158,0
DA:159,0
DA:160,0
DA:161,0
DA:165,0
DA:166,0
DA:167,0
DA:168,0
DA:169,0
DA:171,0
DA:172,0
DA:173,0
DA:178,0
DA:179,0
DA:183,0
DA:188,0
DA:189,0
DA:191,0
DA:192,0
DA:193,0
DA:194,0
DA:207,0
DA:208,0
DA:210,0
DA:214,0
DA:215,0
DA:219,0
DA:220,0
DA:224,0
DA:225,0
DA:229,0
DA:230,0
DA:234,0
DA:235,0
DA:236,0
DA:237,0
DA:238,0
DA:239,0
DA:241,0
DA:242,0
DA:246,0
DA:250,0
DA:254,0
DA:258,0
DA:261,0
DA:262,0
DA:268,0
DA:269,0
DA:270,0
DA:271,0
DA:278,0
DA:279,0
DA:280,0
DA:281,0
DA:282,0
DA:286,0
DA:287,0
DA:290,0
DA:291,0
DA:292,0
DA:293,0
DA:297,0
DA:298,0
DA:299,0
DA:300,0
DA:302,0
DA:303,0
DA:307,0
DA:308,0
DA:309,0
DA:310,0
DA:314,0
DA:315,0
DA:316,0
DA:317,0
DA:318,0
DA:319,0
DA:323,0
DA:324,0
DA:326,0
DA:327,0
DA:328,0
DA:329,0
DA:331,0
DA:332,0
DA:337,0
DA:338,0
DA:340,0
DA:345,0
DA:346,0
DA:348,0
DA:349,0
DA:351,0
DA:352,0
DA:354,0
DA:355,0
DA:359,0
DA:360,0
DA:361,0
DA:364,0
DA:365,0
DA:368,0
DA:374,0
DA:375,0
DA:376,0
DA:377,0
DA:378,0
DA:380,0
DA:381,0
DA:382,0
DA:383,0
DA:386,0
DA:387,0
DA:398,0
DA:401,0
DA:402,0
DA:404,0
DA:406,0
DA:412,0
DA:413,0
DA:418,0
DA:419,0
DA:420,0
DA:422,0
DA:423,0
DA:426,0
DA:427,0
DA:428,0
DA:430,0
DA:432,0
DA:435,0
DA:436,0
DA:437,0
DA:440,0
DA:441,0
DA:443,0
DA:444,0
DA:446,0
DA:447,0
DA:451,0
DA:452,0
DA:455,0
DA:456,0
DA:457,0
DA:459,0
DA:460,0
DA:461,0
DA:468,0
DA:479,0
DA:480,0
DA:481,0
DA:485,0
DA:486,0
DA:489,0
DA:492,0
DA:500,0
DA:502,0
DA:516,0
DA:517,0
DA:522,0
DA:523,0
DA:524,0
DA:525,0
DA:526,0
DA:527,0
DA:531,0
DA:532,0
DA:533,0
DA:534,0
DA:535,0
DA:536,0
DA:537,0
DA:545,0
DA:546,0
DA:550,0
DA:551,0
DA:552,0
DA:563,0
DA:564,0
DA:565,0
DA:566,0
DA:567,0
DA:568,0
DA:570,0
DA:571,0
DA:572,0
DA:573,0
DA:575,0
DA:576,0
DA:579,0
DA:580,0
DA:581,0
DA:583,0
DA:584,0
DA:585,0
DA:587,0
DA:588,0
DA:590,0
DA:593,0
DA:594,0
DA:596,0
DA:601,0
DA:602,0
DA:609,0
DA:610,0
DA:611,0
DA:618,0
DA:620,0
DA:621,0
DA:626,0
DA:627,0
DA:628,0
DA:629,0
DA:630,0
DA:631,0
DA:635,0
DA:637,0
DA:638,0
DA:643,0
DA:644,0
DA:645,0
DA:646,0
DA:647,0
DA:648,0
DA:650,0
DA:651,0
DA:652,0
DA:653,0
DA:655,0
DA:656,0
DA:658,0
DA:659,0
DA:664,0
DA:665,0
DA:666,0
DA:667,0
DA:668,0
DA:670,0
DA:671,0
DA:673,0
DA:674,0
DA:676,0
DA:677,0
DA:682,0
DA:683,0
DA:684,0
DA:685,0
DA:686,0
DA:687,0
DA:689,0
DA:690,0
DA:693,0
DA:694,0
DA:695,0
DA:697,0
DA:698,0
DA:700,0
DA:701,0
DA:706,0
DA:707,0
DA:708,0
DA:709,0
DA:710,0
DA:712,0
DA:713,0
DA:715,0
DA:716,0
DA:718,0
DA:719,0
DA:724,0
DA:725,0
DA:726,0
DA:727,0
DA:728,0
DA:730,0
DA:731,0
DA:732,0
DA:735,0
DA:736,0
DA:737,0
DA:738,0
DA:742,0
DA:743,0
DA:745,0
DA:746,0
DA:748,0
DA:749,0
DA:754,0
DA:755,0
DA:756,0
DA:757,0
DA:758,0
DA:759,0
DA:761,0
DA:762,0
DA:765,0
DA:766,0
DA:769,0
DA:770,0
DA:771,0
DA:773,0
DA:774,0
DA:776,0
DA:777,0
DA:784,0
DA:785,0
DA:786,0
DA:787,0
DA:789,0
DA:790,0
DA:795,0
DA:796,0
DA:797,0
DA:798,0
DA:799,0
DA:803,0
DA:804,0
DA:805,0
DA:806,0
DA:807,0
DA:810,0
DA:811,0
DA:812,0
DA:814,0
DA:815,0
DA:820,0
DA:821,0
DA:822,0
DA:823,0
DA:825,0
DA:826,0
DA:828,0
DA:829,0
DA:833,0
DA:843,0
DA:845,0
DA:846,0
DA:851,0
DA:852,0
DA:863,0
DA:864,0
DA:865,0
DA:869,0
DA:870,0
DA:874,0
DA:875,0
DA:879,0
DA:880,0
DA:881,0
DA:882,0
DA:883,0
DA:884,0
DA:885,0
DA:886,0
DA:887,0
DA:888,0
DA:889,0
DA:890,0
DA:891,0
DA:892,0
DA:893,0
DA:894,0
DA:897,0
DA:898,0
DA:899,0
DA:900,0
DA:901,0
DA:902,0
DA:903,0
DA:904,0
DA:905,0
DA:906,0
DA:907,0
DA:908,0
DA:909,0
DA:910,0
DA:911,0
DA:912,0
DA:917,0
DA:918,0
DA:919,0
DA:922,0
DA:923,0
DA:924,0
LF:458
LH:0
BRDA:20,0,0,0
BRDA:20,0,1,0
BRDA:33,1,0,0
BRDA:33,1,1,0
BRDA:69,2,0,0
BRDA:69,2,1,0
BRDA:71,3,0,0
BRDA:71,3,1,0
BRDA:73,4,0,0
BRDA:73,4,1,0
BRDA:73,5,0,0
BRDA:73,5,1,0
BRDA:97,6,0,0
BRDA:97,6,1,0
BRDA:98,7,0,0
BRDA:98,7,1,0
BRDA:99,8,0,0
BRDA:99,8,1,0
BRDA:111,9,0,0
BRDA:111,9,1,0
BRDA:122,10,0,0
BRDA:122,10,1,0
BRDA:141,11,0,0
BRDA:141,11,1,0
BRDA:151,12,0,0
BRDA:151,12,1,0
BRDA:158,13,0,0
BRDA:158,13,1,0
BRDA:158,14,0,0
BRDA:158,14,1,0
BRDA:178,15,0,0
BRDA:178,15,1,0
BRDA:183,16,0,0
BRDA:183,16,1,0
BRDA:183,16,2,0
BRDA:189,17,0,0
BRDA:189,17,1,0
BRDA:191,18,0,0
BRDA:191,18,1,0
BRDA:215,19,0,0
BRDA:215,19,1,0
BRDA:219,20,0,0
BRDA:219,20,1,0
BRDA:225,21,0,0
BRDA:225,21,1,0
BRDA:229,22,0,0
BRDA:229,22,1,0
BRDA:238,23,0,0
BRDA:238,23,1,0
BRDA:239,24,0,0
BRDA:239,24,1,0
BRDA:263,25,0,0
BRDA:263,25,1,0
BRDA:279,26,0,0
BRDA:279,26,1,0
BRDA:281,27,0,0
BRDA:281,27,1,0
BRDA:281,28,0,0
BRDA:281,28,1,0
BRDA:286,29,0,0
BRDA:286,29,1,0
BRDA:292,30,0,0
BRDA:292,30,1,0
BRDA:299,31,0,0
BRDA:299,31,1,0
BRDA:302,32,0,0
BRDA:302,32,1,0
BRDA:308,33,0,0
BRDA:308,33,1,0
BRDA:309,34,0,0
BRDA:309,34,1,0
BRDA:315,35,0,0
BRDA:315,35,1,0
BRDA:316,36,0,0
BRDA:316,36,1,0
BRDA:337,37,0,0
BRDA:337,37,1,0
BRDA:348,38,0,0
BRDA:348,38,1,0
BRDA:348,39,0,0
BRDA:348,39,1,0
BRDA:348,39,2,0
BRDA:351,40,0,0
BRDA:351,40,1,0
BRDA:351,41,0,0
BRDA:351,41,1,0
BRDA:354,42,0,0
BRDA:354,42,1,0
BRDA:354,43,0,0
BRDA:354,43,1,0
BRDA:354,43,2,0
BRDA:360,44,0,0
BRDA:360,44,1,0
BRDA:364,45,0,0
BRDA:364,45,1,0
BRDA:382,46,0,0
BRDA:382,46,1,0
BRDA:422,47,0,0
BRDA:422,47,1,0
BRDA:422,48,0,0
BRDA:422,48,1,0
BRDA:430,49,0,0
BRDA:430,49,1,0
BRDA:436,50,0,0
BRDA:436,50,1,0
BRDA:440,51,0,0
BRDA:440,51,1,0
BRDA:443,52,0,0
BRDA:443,52,1,0
BRDA:446,53,0,0
BRDA:446,53,1,0
BRDA:460,54,0,0
BRDA:460,54,1,0
BRDA:472,55,0,0
BRDA:472,55,1,0
BRDA:475,56,0,0
BRDA:475,56,1,0
BRDA:480,57,0,0
BRDA:480,57,1,0
BRDA:481,58,0,0
BRDA:481,58,1,0
BRDA:485,59,0,0
BRDA:485,59,1,0
BRDA:496,60,0,0
BRDA:496,60,1,0
BRDA:524,61,0,0
BRDA:524,61,1,0
BRDA:526,62,0,0
BRDA:526,62,1,0
BRDA:526,63,0,0
BRDA:526,63,1,0
BRDA:531,64,0,0
BRDA:531,64,1,0
BRDA:534,65,0,0
BRDA:534,65,1,0
BRDA:568,66,0,0
BRDA:568,66,1,0
BRDA:570,67,0,0
BRDA:570,67,1,0
BRDA:572,68,0,0
BRDA:572,68,1,0
BRDA:572,69,0,0
BRDA:572,69,1,0
BRDA:579,70,0,0
BRDA:579,70,1,0
BRDA:580,71,0,0
BRDA:580,71,1,0
BRDA:584,72,0,0
BRDA:584,72,1,0
BRDA:587,73,0,0
BRDA:587,73,1,0
BRDA:587,74,0,0
BRDA:587,74,1,0
BRDA:647,75,0,0
BRDA:647,75,1,0
BRDA:648,76,0,0
BRDA:648,76,1,0
BRDA:668,77,0,0
BRDA:668,77,1,0
BRDA:686,78,0,0
BRDA:686,78,1,0
BRDA:687,79,0,0
BRDA:687,79,1,0
BRDA:710,80,0,0
BRDA:710,80,1,0
BRDA:727,81,0,0
BRDA:727,81,1,0
BRDA:732,82,0,0
BRDA:732,82,1,0
BRDA:735,83,0,0
BRDA:735,83,1,0
BRDA:735,84,0,0
BRDA:735,84,1,0
BRDA:736,85,0,0
BRDA:736,85,1,0
BRDA:737,86,0,0
BRDA:737,86,1,0
BRDA:758,87,0,0
BRDA:758,87,1,0
BRDA:759,88,0,0
BRDA:759,88,1,0
BRDA:766,89,0,0
BRDA:766,89,1,0
BRDA:798,90,0,0
BRDA:798,90,1,0
BRDA:798,91,0,0
BRDA:798,91,1,0
BRDA:806,92,0,0
BRDA:806,92,1,0
BRDA:828,93,0,0
BRDA:828,93,1,0
BRDA:874,94,0,0
BRDA:874,94,1,0
BRF:193
BRH:0
end_of_record
TN:
SF:public/script.js
FN:2,(anonymous_0)
FN:6,(anonymous_1)
FN:7,(anonymous_2)
FN:8,(anonymous_3)
FN:9,(anonymous_4)
FN:10,(anonymous_5)
FN:11,(anonymous_6)
FN:12,(anonymous_7)
FN:12,(anonymous_8)
FN:12,(anonymous_9)
FN:13,(anonymous_10)
FN:14,(anonymous_11)
FN:15,(anonymous_12)
FN:16,(anonymous_13)
FN:16,(anonymous_14)
FN:17,(anonymous_15)
FN:18,(anonymous_16)
FN:32,hideAllScreens
FN:38,showScreen
FN:44,showLoading
FN:45,hideLoading
FN:50,saveToken
FN:51,loadToken
FN:52,clearAuth
FN:53,draftKey
FN:54,saveDraft
FN:56,normalizeText
FN:57,autoNormalizeInputs
FN:57,(anonymous_28)
FN:57,(anonymous_29)
FN:58,killSessionOnLeave
FN:61,getDraft
FN:62,clearDraft
FN:63,resetIdleTimer
FN:63,(anonymous_34)
FN:63,(anonymous_35)
FN:64,startIdleMonitor
FN:64,(anonymous_37)
FN:65,stopIdleMonitor
FN:65,(anonymous_39)
FN:67,api
FN:74,(anonymous_41)
FN:96,showAuthInfo
FN:102,hideAuthInfo
FN:105,checkPassStrength
FN:113,fieldWrapper
FN:114,showFieldError
FN:115,clearFieldError
FN:116,clearFormErrors
FN:117,validateText
FN:118,validateEmail
FN:119,validateSelect
FN:120,validateNumber
FN:121,validateDate
FN:124,updateUserUI
FN:135,(anonymous_55)
FN:138,(anonymous_56)
FN:142,loadPendingCount
FN:148,wireAuth
FN:150,(anonymous_59)
FN:151,(anonymous_60)
FN:153,(anonymous_61)
FN:166,(anonymous_62)
FN:178,(anonymous_63)
FN:190,(anonymous_64)
FN:204,(anonymous_65)
FN:263,(anonymous_66)
FN:307,(anonymous_67)
FN:501,save
FN:507,(anonymous_69)
FN:513,applyTheme
FN:514,toggleTheme
FN:517,switchView
FN:518,(anonymous_73)
FN:523,(anonymous_74)
FN:533,setMod
FN:533,(anonymous_76)
FN:534,switchMod
FN:534,(anonymous_78)
FN:535,curCats
FN:535,(anonymous_80)
FN:538,popProj
FN:538,(anonymous_82)
FN:539,updProjDisp
FN:539,(anonymous_84)
FN:540,popCyc
FN:540,(anonymous_86)
FN:540,(anonymous_87)
FN:541,newProj
FN:542,editProj
FN:542,(anonymous_90)
FN:543,saveProj
FN:543,(anonymous_92)
FN:544,delProj
FN:545,newCyc
FN:545,(anonymous_95)
FN:545,(anonymous_96)
FN:546,editCyc
FN:546,(anonymous_98)
FN:547,saveCyc
FN:547,(anonymous_100)
FN:548,delCyc
FN:549,saveTest
FN:549,(anonymous_103)
FN:552,compStats
FN:552,(anonymous_105)
FN:552,(anonymous_106)
FN:553,updStats
FN:553,S
FN:553,seg
FN:553,(anonymous_110)
FN:553,(anonymous_111)
FN:556,matchT
FN:557,hl
FN:558,popCatFlt
FN:558,(anonymous_115)
FN:559,popAddCats
FN:559,(anonymous_117)
FN:560,render
FN:560,(anonymous_119)
FN:560,(anonymous_120)
FN:560,(anonymous_121)
FN:561,findT
FN:562,setSt
FN:562,(anonymous_124)
FN:563,(anonymous_125)
FN:564,openM
FN:564,(anonymous_127)
FN:564,(anonymous_128)
FN:565,closeM
FN:565,(anonymous_130)
FN:566,setButtonTitles
FN:574,(anonymous_132)
FN:582,getAutoTopics
FN:582,(anonymous_134)
FN:582,(anonymous_135)
FN:582,(anonymous_136)
FN:583,computeAutoProgress
FN:583,(anonymous_138)
FN:584,toggleAuTopic
FN:584,(anonymous_140)
FN:585,openRestorePrompt
FN:586,restorePreviousDraft
FN:587,discardPreviousDraft
FN:588,closeAll
FN:588,(anonymous_145)
FN:588,(anonymous_146)
FN:589,openAddM
FN:590,openEditM
FN:591,confirmDel
FN:592,execDel
FN:592,(anonymous_151)
FN:592,(anonymous_152)
FN:592,(anonymous_153)
FN:592,(anonymous_154)
FN:592,(anonymous_155)
FN:592,(anonymous_156)
FN:594,renderHist
FN:594,(anonymous_158)
FN:594,(anonymous_159)
FN:594,(anonymous_160)
FN:595,renderPort
FN:595,(anonymous_162)
FN:595,(anonymous_163)
FN:596,savePo
FN:596,(anonymous_165)
FN:597,(anonymous_166)
FN:597,(anonymous_167)
FN:598,(anonymous_168)
FN:599,renderAuto
FN:599,(anonymous_170)
FN:599,(anonymous_171)
FN:599,(anonymous_172)
FN:600,saveAu
FN:600,(anonymous_174)
FN:600,(anonymous_175)
FN:601,(anonymous_176)
FN:601,(anonymous_177)
FN:601,(anonymous_178)
FN:602,(anonymous_179)
FN:603,renderSheet
FN:603,(anonymous_181)
FN:604,saveSh
FN:604,(anonymous_183)
FN:605,(anonymous_184)
FN:605,(anonymous_185)
FN:606,(anonymous_186)
FN:607,renderWs
FN:607,(anonymous_188)
FN:607,(anonymous_189)
FN:608,saveWs
FN:608,(anonymous_191)
FN:609,(anonymous_192)
FN:609,(anonymous_193)
FN:610,(anonymous_194)
FN:612,renderUsers
FN:620,(anonymous_196)
FN:632,(anonymous_197)
FN:652,(anonymous_198)
FN:653,(anonymous_199)
FN:654,(anonymous_200)
FN:655,(anonymous_201)
FN:656,(anonymous_202)
FN:657,(anonymous_203)
FN:660,openProfile
FN:670,saveProfile
FN:690,styledTable
FN:690,(anonymous_207)
FN:691,styledWord
FN:692,exportXLSX
FN:692,(anonymous_210)
FN:692,(anonymous_211)
FN:693,exportCSV
FN:693,(anonymous_213)
FN:693,(anonymous_214)
FN:694,exportWord
FN:694,(anonymous_216)
FN:694,(anonymous_217)
FN:695,exportHTML
FN:695,(anonymous_219)
FN:695,(anonymous_220)
FN:697,shExpXLSX
FN:697,(anonymous_222)
FN:698,shExpCSV
FN:698,(anonymous_224)
FN:699,shExpWord
FN:699,(anonymous_226)
FN:700,shExpHTML
FN:700,(anonymous_228)
FN:701,wsExpXLSX
FN:701,(anonymous_230)
FN:702,wsExpCSV
FN:702,(anonymous_232)
FN:703,wsExpWord
FN:703,(anonymous_234)
FN:704,wsExpHTML
FN:704,(anonymous_236)
FN:707,importJSON
FN:707,(anonymous_238)
FN:707,(anonymous_239)
FN:708,importXLSX
FN:708,(anonymous_241)
FN:709,importCSV
FN:709,(anonymous_243)
FN:709,(anonymous_244)
FN:709,(anonymous_245)
FN:710,parseCSVLine
FN:711,processImport
FN:711,(anonymous_248)
FN:711,(anonymous_249)
FN:711,(anonymous_250)
FN:711,(anonymous_251)
FN:712,importWord
FN:712,(anonymous_253)
FN:712,(anonymous_254)
FN:712,(anonymous_255)
FN:715,updTmr
FN:716,toggleTmr
FN:716,(anonymous_258)
FN:717,rstTmr
FN:718,toast
FN:718,(anonymous_261)
FN:718,(anonymous_262)
FN:718,(anonymous_263)
FN:718,(anonymous_264)
FN:719,openSB
FN:720,closeSB
FN:721,toggleUD
FN:722,closeUD
FN:723,resetAll
FN:723,(anonymous_270)
FN:723,(anonymous_271)
FN:726,setupDragDrop
FN:726,(anonymous_273)
FN:726,(anonymous_274)
FN:726,(anonymous_275)
FN:726,(anonymous_276)
FN:727,handleFile
FN:730,loadAppData
FN:750,(anonymous_279)
FN:755,wireApp
FN:760,(anonymous_281)
FN:763,(anonymous_282)
FN:763,(anonymous_283)
FN:764,(anonymous_284)
FN:764,(anonymous_285)
FN:765,(anonymous_286)
FN:767,(anonymous_287)
FN:768,(anonymous_288)
FN:769,(anonymous_289)
FN:770,(anonymous_290)
FN:771,(anonymous_291)
FN:772,(anonymous_292)
FN:773,(anonymous_293)
FN:774,(anonymous_294)
FN:775,(anonymous_295)
FN:776,(anonymous_296)
FN:777,(anonymous_297)
FN:779,(anonymous_298)
FN:781,(anonymous_299)
FN:782,(anonymous_300)
FN:783,(anonymous_301)
FN:785,(anonymous_302)
FN:788,(anonymous_303)
FN:788,(anonymous_304)
FN:789,(anonymous_305)
FN:790,(anonymous_306)
FN:791,(anonymous_307)
FN:792,(anonymous_308)
FN:792,(anonymous_309)
FN:793,(anonymous_310)
FN:793,(anonymous_311)
FN:794,(anonymous_312)
FN:794,(anonymous_313)
FN:794,(anonymous_314)
FN:796,(anonymous_315)
FN:800,(anonymous_316)
FN:801,(anonymous_317)
FN:802,(anonymous_318)
FN:803,(anonymous_319)
FN:804,(anonymous_320)
FN:805,(anonymous_321)
FN:806,(anonymous_322)
FN:807,(anonymous_323)
FN:808,(anonymous_324)
FN:809,(anonymous_325)
FN:810,(anonymous_326)
FN:811,(anonymous_327)
FN:812,(anonymous_328)
FN:813,(anonymous_329)
FN:814,(anonymous_330)
FN:815,(anonymous_331)
FN:816,(anonymous_332)
FN:817,(anonymous_333)
FN:818,(anonymous_334)
FN:820,(anonymous_335)
FN:821,(anonymous_336)
FN:823,(anonymous_337)
FN:823,(anonymous_338)
FN:823,(anonymous_339)
FN:823,(anonymous_340)
FN:825,(anonymous_341)
FN:827,(anonymous_342)
FN:828,(anonymous_343)
FN:829,(anonymous_344)
FN:830,(anonymous_345)
FN:830,(anonymous_346)
FN:830,(anonymous_347)
FN:833,(anonymous_348)
FN:833,(anonymous_349)
FN:834,(anonymous_350)
FN:835,(anonymous_351)
FN:836,(anonymous_352)
FN:842,(anonymous_353)
FN:865,(anonymous_354)
FN:865,(anonymous_355)
FN:870,(anonymous_356)
FN:874,init
FN:883,(anonymous_358)
FNF:359
FNH:0
FNDA:0,(anonymous_0)
FNDA:0,(anonymous_1)
FNDA:0,(anonymous_2)
FNDA:0,(anonymous_3)
FNDA:0,(anonymous_4)
FNDA:0,(anonymous_5)
FNDA:0,(anonymous_6)
FNDA:0,(anonymous_7)
FNDA:0,(anonymous_8)
FNDA:0,(anonymous_9)
FNDA:0,(anonymous_10)
FNDA:0,(anonymous_11)
FNDA:0,(anonymous_12)
FNDA:0,(anonymous_13)
FNDA:0,(anonymous_14)
FNDA:0,(anonymous_15)
FNDA:0,(anonymous_16)
FNDA:0,hideAllScreens
FNDA:0,showScreen
FNDA:0,showLoading
FNDA:0,hideLoading
FNDA:0,saveToken
FNDA:0,loadToken
FNDA:0,clearAuth
FNDA:0,draftKey
FNDA:0,saveDraft
FNDA:0,normalizeText
FNDA:0,autoNormalizeInputs
FNDA:0,(anonymous_28)
FNDA:0,(anonymous_29)
FNDA:0,killSessionOnLeave
FNDA:0,getDraft
FNDA:0,clearDraft
FNDA:0,resetIdleTimer
FNDA:0,(anonymous_34)
FNDA:0,(anonymous_35)
FNDA:0,startIdleMonitor
FNDA:0,(anonymous_37)
FNDA:0,stopIdleMonitor
FNDA:0,(anonymous_39)
FNDA:0,api
FNDA:0,(anonymous_41)
FNDA:0,showAuthInfo
FNDA:0,hideAuthInfo
FNDA:0,checkPassStrength
FNDA:0,fieldWrapper
FNDA:0,showFieldError
FNDA:0,clearFieldError
FNDA:0,clearFormErrors
FNDA:0,validateText
FNDA:0,validateEmail
FNDA:0,validateSelect
FNDA:0,validateNumber
FNDA:0,validateDate
FNDA:0,updateUserUI
FNDA:0,(anonymous_55)
FNDA:0,(anonymous_56)
FNDA:0,loadPendingCount
FNDA:0,wireAuth
FNDA:0,(anonymous_59)
FNDA:0,(anonymous_60)
FNDA:0,(anonymous_61)
FNDA:0,(anonymous_62)
FNDA:0,(anonymous_63)
FNDA:0,(anonymous_64)
FNDA:0,(anonymous_65)
FNDA:0,(anonymous_66)
FNDA:0,(anonymous_67)
FNDA:0,save
FNDA:0,(anonymous_69)
FNDA:0,applyTheme
FNDA:0,toggleTheme
FNDA:0,switchView
FNDA:0,(anonymous_73)
FNDA:0,(anonymous_74)
FNDA:0,setMod
FNDA:0,(anonymous_76)
FNDA:0,switchMod
FNDA:0,(anonymous_78)
FNDA:0,curCats
FNDA:0,(anonymous_80)
FNDA:0,popProj
FNDA:0,(anonymous_82)
FNDA:0,updProjDisp
FNDA:0,(anonymous_84)
FNDA:0,popCyc
FNDA:0,(anonymous_86)
FNDA:0,(anonymous_87)
FNDA:0,newProj
FNDA:0,editProj
FNDA:0,(anonymous_90)
FNDA:0,saveProj
FNDA:0,(anonymous_92)
FNDA:0,delProj
FNDA:0,newCyc
FNDA:0,(anonymous_95)
FNDA:0,(anonymous_96)
FNDA:0,editCyc
FNDA:0,(anonymous_98)
FNDA:0,saveCyc
FNDA:0,(anonymous_100)
FNDA:0,delCyc
FNDA:0,saveTest
FNDA:0,(anonymous_103)
FNDA:0,compStats
FNDA:0,(anonymous_105)
FNDA:0,(anonymous_106)
FNDA:0,updStats
FNDA:0,S
FNDA:0,seg
FNDA:0,(anonymous_110)
FNDA:0,(anonymous_111)
FNDA:0,matchT
FNDA:0,hl
FNDA:0,popCatFlt
FNDA:0,(anonymous_115)
FNDA:0,popAddCats
FNDA:0,(anonymous_117)
FNDA:0,render
FNDA:0,(anonymous_119)
FNDA:0,(anonymous_120)
FNDA:0,(anonymous_121)
FNDA:0,findT
FNDA:0,setSt
FNDA:0,(anonymous_124)
FNDA:0,(anonymous_125)
FNDA:0,openM
FNDA:0,(anonymous_127)
FNDA:0,(anonymous_128)
FNDA:0,closeM
FNDA:0,(anonymous_130)
FNDA:0,setButtonTitles
FNDA:0,(anonymous_132)
FNDA:0,getAutoTopics
FNDA:0,(anonymous_134)
FNDA:0,(anonymous_135)
FNDA:0,(anonymous_136)
FNDA:0,computeAutoProgress
FNDA:0,(anonymous_138)
FNDA:0,toggleAuTopic
FNDA:0,(anonymous_140)
FNDA:0,openRestorePrompt
FNDA:0,restorePreviousDraft
FNDA:0,discardPreviousDraft
FNDA:0,closeAll
FNDA:0,(anonymous_145)
FNDA:0,(anonymous_146)
FNDA:0,openAddM
FNDA:0,openEditM
FNDA:0,confirmDel
FNDA:0,execDel
FNDA:0,(anonymous_151)
FNDA:0,(anonymous_152)
FNDA:0,(anonymous_153)
FNDA:0,(anonymous_154)
FNDA:0,(anonymous_155)
FNDA:0,(anonymous_156)
FNDA:0,renderHist
FNDA:0,(anonymous_158)
FNDA:0,(anonymous_159)
FNDA:0,(anonymous_160)
FNDA:0,renderPort
FNDA:0,(anonymous_162)
FNDA:0,(anonymous_163)
FNDA:0,savePo
FNDA:0,(anonymous_165)
FNDA:0,(anonymous_166)
FNDA:0,(anonymous_167)
FNDA:0,(anonymous_168)
FNDA:0,renderAuto
FNDA:0,(anonymous_170)
FNDA:0,(anonymous_171)
FNDA:0,(anonymous_172)
FNDA:0,saveAu
FNDA:0,(anonymous_174)
FNDA:0,(anonymous_175)
FNDA:0,(anonymous_176)
FNDA:0,(anonymous_177)
FNDA:0,(anonymous_178)
FNDA:0,(anonymous_179)
FNDA:0,renderSheet
FNDA:0,(anonymous_181)
FNDA:0,saveSh
FNDA:0,(anonymous_183)
FNDA:0,(anonymous_184)
FNDA:0,(anonymous_185)
FNDA:0,(anonymous_186)
FNDA:0,renderWs
FNDA:0,(anonymous_188)
FNDA:0,(anonymous_189)
FNDA:0,saveWs
FNDA:0,(anonymous_191)
FNDA:0,(anonymous_192)
FNDA:0,(anonymous_193)
FNDA:0,(anonymous_194)
FNDA:0,renderUsers
FNDA:0,(anonymous_196)
FNDA:0,(anonymous_197)
FNDA:0,(anonymous_198)
FNDA:0,(anonymous_199)
FNDA:0,(anonymous_200)
FNDA:0,(anonymous_201)
FNDA:0,(anonymous_202)
FNDA:0,(anonymous_203)
FNDA:0,openProfile
FNDA:0,saveProfile
FNDA:0,styledTable
FNDA:0,(anonymous_207)
FNDA:0,styledWord
FNDA:0,exportXLSX
FNDA:0,(anonymous_210)
FNDA:0,(anonymous_211)
FNDA:0,exportCSV
FNDA:0,(anonymous_213)
FNDA:0,(anonymous_214)
FNDA:0,exportWord
FNDA:0,(anonymous_216)
FNDA:0,(anonymous_217)
FNDA:0,exportHTML
FNDA:0,(anonymous_219)
FNDA:0,(anonymous_220)
FNDA:0,shExpXLSX
FNDA:0,(anonymous_222)
FNDA:0,shExpCSV
FNDA:0,(anonymous_224)
FNDA:0,shExpWord
FNDA:0,(anonymous_226)
FNDA:0,shExpHTML
FNDA:0,(anonymous_228)
FNDA:0,wsExpXLSX
FNDA:0,(anonymous_230)
FNDA:0,wsExpCSV
FNDA:0,(anonymous_232)
FNDA:0,wsExpWord
FNDA:0,(anonymous_234)
FNDA:0,wsExpHTML
FNDA:0,(anonymous_236)
FNDA:0,importJSON
FNDA:0,(anonymous_238)
FNDA:0,(anonymous_239)
FNDA:0,importXLSX
FNDA:0,(anonymous_241)
FNDA:0,importCSV
FNDA:0,(anonymous_243)
FNDA:0,(anonymous_244)
FNDA:0,(anonymous_245)
FNDA:0,parseCSVLine
FNDA:0,processImport
FNDA:0,(anonymous_248)
FNDA:0,(anonymous_249)
FNDA:0,(anonymous_250)
FNDA:0,(anonymous_251)
FNDA:0,importWord
FNDA:0,(anonymous_253)
FNDA:0,(anonymous_254)
FNDA:0,(anonymous_255)
FNDA:0,updTmr
FNDA:0,toggleTmr
FNDA:0,(anonymous_258)
FNDA:0,rstTmr
FNDA:0,toast
FNDA:0,(anonymous_261)
FNDA:0,(anonymous_262)
FNDA:0,(anonymous_263)
FNDA:0,(anonymous_264)
FNDA:0,openSB
FNDA:0,closeSB
FNDA:0,toggleUD
FNDA:0,closeUD
FNDA:0,resetAll
FNDA:0,(anonymous_270)
FNDA:0,(anonymous_271)
FNDA:0,setupDragDrop
FNDA:0,(anonymous_273)
FNDA:0,(anonymous_274)
FNDA:0,(anonymous_275)
FNDA:0,(anonymous_276)
FNDA:0,handleFile
FNDA:0,loadAppData
FNDA:0,(anonymous_279)
FNDA:0,wireApp
FNDA:0,(anonymous_281)
FNDA:0,(anonymous_282)
FNDA:0,(anonymous_283)
FNDA:0,(anonymous_284)
FNDA:0,(anonymous_285)
FNDA:0,(anonymous_286)
FNDA:0,(anonymous_287)
FNDA:0,(anonymous_288)
FNDA:0,(anonymous_289)
FNDA:0,(anonymous_290)
FNDA:0,(anonymous_291)
FNDA:0,(anonymous_292)
FNDA:0,(anonymous_293)
FNDA:0,(anonymous_294)
FNDA:0,(anonymous_295)
FNDA:0,(anonymous_296)
FNDA:0,(anonymous_297)
FNDA:0,(anonymous_298)
FNDA:0,(anonymous_299)
FNDA:0,(anonymous_300)
FNDA:0,(anonymous_301)
FNDA:0,(anonymous_302)
FNDA:0,(anonymous_303)
FNDA:0,(anonymous_304)
FNDA:0,(anonymous_305)
FNDA:0,(anonymous_306)
FNDA:0,(anonymous_307)
FNDA:0,(anonymous_308)
FNDA:0,(anonymous_309)
FNDA:0,(anonymous_310)
FNDA:0,(anonymous_311)
FNDA:0,(anonymous_312)
FNDA:0,(anonymous_313)
FNDA:0,(anonymous_314)
FNDA:0,(anonymous_315)
FNDA:0,(anonymous_316)
FNDA:0,(anonymous_317)
FNDA:0,(anonymous_318)
FNDA:0,(anonymous_319)
FNDA:0,(anonymous_320)
FNDA:0,(anonymous_321)
FNDA:0,(anonymous_322)
FNDA:0,(anonymous_323)
FNDA:0,(anonymous_324)
FNDA:0,(anonymous_325)
FNDA:0,(anonymous_326)
FNDA:0,(anonymous_327)
FNDA:0,(anonymous_328)
FNDA:0,(anonymous_329)
FNDA:0,(anonymous_330)
FNDA:0,(anonymous_331)
FNDA:0,(anonymous_332)
FNDA:0,(anonymous_333)
FNDA:0,(anonymous_334)
FNDA:0,(anonymous_335)
FNDA:0,(anonymous_336)
FNDA:0,(anonymous_337)
FNDA:0,(anonymous_338)
FNDA:0,(anonymous_339)
FNDA:0,(anonymous_340)
FNDA:0,(anonymous_341)
FNDA:0,(anonymous_342)
FNDA:0,(anonymous_343)
FNDA:0,(anonymous_344)
FNDA:0,(anonymous_345)
FNDA:0,(anonymous_346)
FNDA:0,(anonymous_347)
FNDA:0,(anonymous_348)
FNDA:0,(anonymous_349)
FNDA:0,(anonymous_350)
FNDA:0,(anonymous_351)
FNDA:0,(anonymous_352)
FNDA:0,(anonymous_353)
FNDA:0,(anonymous_354)
FNDA:0,(anonymous_355)
FNDA:0,(anonymous_356)
FNDA:0,init
FNDA:0,(anonymous_358)
DA:2,0
DA:6,0
DA:7,0
DA:8,0
DA:9,0
DA:10,0
DA:11,0
DA:12,0
DA:13,0
DA:14,0
DA:15,0
DA:16,0
DA:17,0
DA:18,0
DA:21,0
DA:22,0
DA:23,0
DA:24,0
DA:25,0
DA:26,0
DA:27,0
DA:28,0
DA:29,0
DA:33,0
DA:34,0
DA:35,0
DA:36,0
DA:39,0
DA:40,0
DA:41,0
DA:42,0
DA:44,0
DA:45,0
DA:48,0
DA:49,0
DA:50,0
DA:51,0
DA:52,0
DA:53,0
DA:54,0
DA:56,0
DA:57,0
DA:58,0
DA:59,0
DA:60,0
DA:61,0
DA:62,0
DA:63,0
DA:64,0
DA:65,0
DA:68,0
DA:70,0
DA:71,0
DA:72,0
DA:73,0
DA:74,0
DA:75,0
DA:76,0
DA:78,0
DA:79,0
DA:80,0
DA:81,0
DA:82,0
DA:83,0
DA:85,0
DA:86,0
DA:88,0
DA:90,0
DA:97,0
DA:98,0
DA:99,0
DA:100,0
DA:102,0
DA:106,0
DA:107,0
DA:108,0
DA:109,0
DA:110,0
DA:111,0
DA:113,0
DA:114,0
DA:115,0
DA:116,0
DA:117,0
DA:118,0
DA:119,0
DA:120,0
DA:121,0
DA:125,0
DA:126,0
DA:127,0
DA:128,0
DA:129,0
DA:130,0
DA:135,0
DA:136,0
DA:137,0
DA:138,0
DA:139,0
DA:143,0
DA:144,0
DA:150,0
DA:151,0
DA:152,0
DA:153,0
DA:154,0
DA:155,0
DA:156,0
DA:157,0
DA:158,0
DA:159,0
DA:164,0
DA:165,0
DA:166,0
DA:167,0
DA:168,0
DA:169,0
DA:170,0
DA:171,0
DA:176,0
DA:177,0
DA:178,0
DA:179,0
DA:180,0
DA:181,0
DA:182,0
DA:183,0
DA:188,0
DA:189,0
DA:190,0
DA:191,0
DA:192,0
DA:193,0
DA:194,0
DA:195,0
DA:196,0
DA:197,0
DA:202,0
DA:203,0
DA:204,0
DA:205,0
DA:206,0
DA:207,0
DA:209,0
DA:210,0
DA:211,0
DA:213,0
DA:214,0
DA:215,0
DA:216,0
DA:217,0
DA:219,0
DA:221,0
DA:223,0
DA:229,0
DA:231,0
DA:232,0
DA:233,0
DA:235,0
DA:236,0
DA:237,0
DA:238,0
DA:240,0
DA:241,0
DA:242,0
DA:243,0
DA:246,0
DA:247,0
DA:248,0
DA:249,0
DA:250,0
DA:251,0
DA:253,0
DA:254,0
DA:255,0
DA:261,0
DA:262,0
DA:263,0
DA:264,0
DA:265,0
DA:266,0
DA:268,0
DA:269,0
DA:270,0
DA:271,0
DA:273,0
DA:274,0
DA:275,0
DA:276,0
DA:277,0
DA:278,0
DA:279,0
DA:281,0
DA:283,0
DA:290,0
DA:292,0
DA:293,0
DA:295,0
DA:296,0
DA:297,0
DA:299,0
DA:305,0
DA:306,0
DA:307,0
DA:308,0
DA:309,0
DA:310,0
DA:315,0
DA:498,0
DA:502,0
DA:503,0
DA:504,0
DA:506,0
DA:507,0
DA:508,0
DA:513,0
DA:514,0
DA:518,0
DA:520,0
DA:521,0
DA:523,0
DA:524,0
DA:525,0
DA:526,0
DA:527,0
DA:528,0
DA:529,0
DA:533,0
DA:534,0
DA:535,0
DA:538,0
DA:539,0
DA:540,0
DA:541,0
DA:542,0
DA:543,0
DA:544,0
DA:545,0
DA:546,0
DA:547,0
DA:548,0
DA:549,0
DA:552,0
DA:553,0
DA:556,0
DA:557,0
DA:558,0
DA:559,0
DA:560,0
DA:561,0
DA:562,0
DA:563,0
DA:564,0
DA:565,0
DA:567,0
DA:574,0
DA:575,0
DA:576,0
DA:577,0
DA:578,0
DA:579,0
DA:582,0
DA:583,0
DA:584,0
DA:585,0
DA:586,0
DA:587,0
DA:588,0
DA:589,0
DA:590,0
DA:591,0
DA:592,0
DA:594,0
DA:595,0
DA:596,0
DA:597,0
DA:598,0
DA:599,0
DA:600,0
DA:601,0
DA:602,0
DA:603,0
DA:604,0
DA:605,0
DA:606,0
DA:607,0
DA:608,0
DA:609,0
DA:610,0
DA:613,0
DA:614,0
DA:615,0
DA:616,0
DA:617,0
DA:618,0
DA:619,0
DA:620,0
DA:621,0
DA:626,0
DA:627,0
DA:628,0
DA:629,0
DA:630,0
DA:631,0
DA:632,0
DA:633,0
DA:634,0
DA:635,0
DA:636,0
DA:638,0
DA:640,0
DA:642,0
DA:644,0
DA:647,0
DA:648,0
DA:652,0
DA:653,0
DA:654,0
DA:655,0
DA:656,0
DA:657,0
DA:661,0
DA:662,0
DA:663,0
DA:664,0
DA:665,0
DA:666,0
DA:667,0
DA:668,0
DA:671,0
DA:672,0
DA:673,0
DA:674,0
DA:675,0
DA:676,0
DA:677,0
DA:678,0
DA:679,0
DA:680,0
DA:681,0
DA:682,0
DA:683,0
DA:684,0
DA:685,0
DA:686,0
DA:690,0
DA:691,0
DA:692,0
DA:693,0
DA:694,0
DA:695,0
DA:697,0
DA:698,0
DA:699,0
DA:700,0
DA:701,0
DA:702,0
DA:703,0
DA:704,0
DA:707,0
DA:708,0
DA:709,0
DA:710,0
DA:711,0
DA:712,0
DA:715,0
DA:716,0
DA:717,0
DA:718,0
DA:719,0
DA:720,0
DA:721,0
DA:722,0
DA:723,0
DA:726,0
DA:727,0
DA:731,0
DA:732,0
DA:733,0
DA:734,0
DA:735,0
DA:736,0
DA:737,0
DA:738,0
DA:739,0
DA:742,0
DA:743,0
DA:744,0
DA:745,0
DA:746,0
DA:747,0
DA:748,0
DA:749,0
DA:750,0
DA:751,0
DA:756,0
DA:757,0
DA:758,0
DA:759,0
DA:760,0
DA:761,0
DA:762,0
DA:763,0
DA:764,0
DA:765,0
DA:766,0
DA:767,0
DA:768,0
DA:769,0
DA:770,0
DA:771,0
DA:772,0
DA:773,0
DA:774,0
DA:775,0
DA:776,0
DA:777,0
DA:778,0
DA:779,0
DA:780,0
DA:781,0
DA:782,0
DA:783,0
DA:784,0
DA:785,0
DA:786,0
DA:787,0
DA:788,0
DA:789,0
DA:790,0
DA:791,0
DA:792,0
DA:793,0
DA:794,0
DA:795,0
DA:796,0
DA:797,0
DA:798,0
DA:799,0
DA:800,0
DA:801,0
DA:802,0
DA:803,0
DA:804,0
DA:805,0
DA:806,0
DA:807,0
DA:808,0
DA:809,0
DA:810,0
DA:811,0
DA:812,0
DA:813,0
DA:814,0
DA:815,0
DA:816,0
DA:817,0
DA:818,0
DA:819,0
DA:820,0
DA:821,0
DA:822,0
DA:823,0
DA:824,0
DA:825,0
DA:826,0
DA:827,0
DA:828,0
DA:829,0
DA:830,0
DA:831,0
DA:832,0
DA:833,0
DA:834,0
DA:835,0
DA:836,0
DA:840,0
DA:841,0
DA:842,0
DA:843,0
DA:844,0
DA:845,0
DA:846,0
DA:847,0
DA:848,0
DA:849,0
DA:850,0
DA:851,0
DA:852,0
DA:853,0
DA:854,0
DA:855,0
DA:856,0
DA:858,0
DA:859,0
DA:860,0
DA:861,0
DA:865,0
DA:866,0
DA:867,0
DA:868,0
DA:869,0
DA:870,0
DA:875,0
DA:876,0
DA:877,0
DA:880,0
DA:881,0
DA:882,0
DA:883,0
DA:884,0
DA:885,0
DA:886,0
DA:887,0
DA:889,0
DA:890,0
DA:891,0
DA:892,0
DA:894,0
DA:896,0
DA:897,0
DA:898,0
DA:899,0
DA:900,0
DA:904,0
DA:905,0
DA:907,0
DA:908,0
DA:909,0
DA:910,0
DA:913,0
DA:914,0
DA:916,0
DA:917,0
DA:918,0
DA:919,0
DA:921,0
DA:922,0
DA:923,0
DA:924,0
DA:928,0
DA:929,0
DA:930,0
DA:931,0
DA:932,0
DA:933,0
DA:934,0
DA:937,0
LF:548
LH:0
BRDA:11,0,0,0
BRDA:11,0,1,0
BRDA:12,1,0,0
BRDA:12,1,1,0
BRDA:17,2,0,0
BRDA:17,2,1,0
BRDA:17,3,0,0
BRDA:17,3,1,0
BRDA:18,4,0,0
BRDA:18,4,1,0
BRDA:18,5,0,0
BRDA:18,5,1,0
BRDA:33,6,0,0
BRDA:33,6,1,0
BRDA:34,7,0,0
BRDA:34,7,1,0
BRDA:35,8,0,0
BRDA:35,8,1,0
BRDA:40,9,0,0
BRDA:40,9,1,0
BRDA:40,10,0,0
BRDA:40,10,1,0
BRDA:41,11,0,0
BRDA:41,11,1,0
BRDA:41,12,0,0
BRDA:41,12,1,0
BRDA:42,13,0,0
BRDA:42,13,1,0
BRDA:42,14,0,0
BRDA:42,14,1,0
BRDA:44,15,0,0
BRDA:44,15,1,0
BRDA:45,16,0,0
BRDA:45,16,1,0
BRDA:51,17,0,0
BRDA:51,17,1,0
BRDA:54,18,0,0
BRDA:54,18,1,0
BRDA:54,19,0,0
BRDA:54,19,1,0
BRDA:56,20,0,0
BRDA:56,20,1,0
BRDA:57,21,0,0
BRDA:57,21,1,0
BRDA:57,22,0,0
BRDA:57,22,1,0
BRDA:58,23,0,0
BRDA:58,23,1,0
BRDA:58,24,0,0
BRDA:58,24,1,0
BRDA:58,25,0,0
BRDA:58,25,1,0
BRDA:61,26,0,0
BRDA:61,26,1,0
BRDA:61,27,0,0
BRDA:61,27,1,0
BRDA:62,28,0,0
BRDA:62,28,1,0
BRDA:62,29,0,0
BRDA:62,29,1,0
BRDA:63,30,0,0
BRDA:63,30,1,0
BRDA:63,31,0,0
BRDA:63,31,1,0
BRDA:70,32,0,0
BRDA:70,32,1,0
BRDA:79,33,0,0
BRDA:79,33,1,0
BRDA:85,34,0,0
BRDA:85,34,1,0
BRDA:86,35,0,0
BRDA:86,35,1,0
BRDA:86,36,0,0
BRDA:86,36,1,0
BRDA:90,37,0,0
BRDA:90,37,1,0
BRDA:97,38,0,0
BRDA:97,38,1,0
BRDA:99,39,0,0
BRDA:99,39,1,0
BRDA:102,40,0,0
BRDA:102,40,1,0
BRDA:106,41,0,0
BRDA:106,41,1,0
BRDA:108,42,0,0
BRDA:108,42,1,0
BRDA:108,43,0,0
BRDA:108,43,1,0
BRDA:109,44,0,0
BRDA:109,44,1,0
BRDA:109,45,0,0
BRDA:109,45,1,0
BRDA:110,46,0,0
BRDA:110,46,1,0
BRDA:113,47,0,0
BRDA:113,47,1,0
BRDA:113,48,0,0
BRDA:113,48,1,0
BRDA:114,49,0,0
BRDA:114,49,1,0
BRDA:114,50,0,0
BRDA:114,50,1,0
BRDA:114,51,0,0
BRDA:114,51,1,0
BRDA:115,52,0,0
BRDA:115,52,1,0
BRDA:115,53,0,0
BRDA:115,53,1,0
BRDA:115,54,0,0
BRDA:115,54,1,0
BRDA:116,55,0,0
BRDA:116,55,1,0
BRDA:117,56,0,0
BRDA:117,56,1,0
BRDA:117,57,0,0
BRDA:117,57,1,0
BRDA:117,58,0,0
BRDA:117,58,1,0
BRDA:117,59,0,0
BRDA:117,59,1,0
BRDA:117,60,0,0
BRDA:117,60,1,0
BRDA:117,61,0,0
BRDA:117,61,1,0
BRDA:117,62,0,0
BRDA:117,62,1,0
BRDA:117,63,0,0
BRDA:117,63,1,0
BRDA:118,64,0,0
BRDA:118,64,1,0
BRDA:118,65,0,0
BRDA:118,65,1,0
BRDA:118,66,0,0
BRDA:118,66,1,0
BRDA:118,67,0,0
BRDA:118,67,1,0
BRDA:119,68,0,0
BRDA:119,68,1,0
BRDA:119,69,0,0
BRDA:119,69,1,0
BRDA:119,70,0,0
BRDA:119,70,1,0
BRDA:120,71,0,0
BRDA:120,71,1,0
BRDA:120,72,0,0
BRDA:120,72,1,0
BRDA:120,73,0,0
BRDA:120,73,1,0
BRDA:120,74,0,0
BRDA:120,74,1,0
BRDA:120,75,0,0
BRDA:120,75,1,0
BRDA:120,76,0,0
BRDA:120,76,1,0
BRDA:120,77,0,0
BRDA:120,77,1,0
BRDA:120,78,0,0
BRDA:120,78,1,0
BRDA:120,79,0,0
BRDA:120,79,1,0
BRDA:120,80,0,0
BRDA:120,80,1,0
BRDA:120,81,0,0
BRDA:120,81,1,0
BRDA:120,82,0,0
BRDA:120,82,1,0
BRDA:120,82,2,0
BRDA:120,83,0,0
BRDA:120,83,1,0
BRDA:120,84,0,0
BRDA:120,84,1,0
BRDA:120,84,2,0
BRDA:121,85,0,0
BRDA:121,85,1,0
BRDA:121,86,0,0
BRDA:121,86,1,0
BRDA:121,87,0,0
BRDA:121,87,1,0
BRDA:125,88,0,0
BRDA:125,88,1,0
BRDA:126,89,0,0
BRDA:126,89,1,0
BRDA:127,90,0,0
BRDA:127,90,1,0
BRDA:128,91,0,0
BRDA:128,91,1,0
BRDA:129,92,0,0
BRDA:129,92,1,0
BRDA:135,93,0,0
BRDA:135,93,1,0
BRDA:136,94,0,0
BRDA:136,94,1,0
BRDA:139,95,0,0
BRDA:139,95,1,0
BRDA:144,96,0,0
BRDA:144,96,1,0
BRDA:144,97,0,0
BRDA:144,97,1,0
BRDA:144,98,0,0
BRDA:144,98,1,0
BRDA:157,99,0,0
BRDA:157,99,1,0
BRDA:157,100,0,0
BRDA:157,100,1,0
BRDA:158,101,0,0
BRDA:158,101,1,0
BRDA:158,102,0,0
BRDA:158,102,1,0
BRDA:165,103,0,0
BRDA:165,103,1,0
BRDA:168,104,0,0
BRDA:168,104,1,0
BRDA:170,105,0,0
BRDA:170,105,1,0
BRDA:171,106,0,0
BRDA:171,106,1,0
BRDA:177,107,0,0
BRDA:177,107,1,0
BRDA:180,108,0,0
BRDA:180,108,1,0
BRDA:182,109,0,0
BRDA:182,109,1,0
BRDA:183,110,0,0
BRDA:183,110,1,0
BRDA:189,111,0,0
BRDA:189,111,1,0
BRDA:196,112,0,0
BRDA:196,112,1,0
BRDA:197,113,0,0
BRDA:197,113,1,0
BRDA:203,114,0,0
BRDA:203,114,1,0
BRDA:213,115,0,0
BRDA:213,115,1,0
BRDA:215,116,0,0
BRDA:215,116,1,0
BRDA:216,117,0,0
BRDA:216,117,1,0
BRDA:217,118,0,0
BRDA:217,118,1,0
BRDA:219,119,0,0
BRDA:219,119,1,0
BRDA:219,120,0,0
BRDA:219,120,1,0
BRDA:221,121,0,0
BRDA:221,121,1,0
BRDA:229,122,0,0
BRDA:229,122,1,0
BRDA:231,123,0,0
BRDA:231,123,1,0
BRDA:235,124,0,0
BRDA:235,124,1,0
BRDA:237,125,0,0
BRDA:237,125,1,0
BRDA:240,126,0,0
BRDA:240,126,1,0
BRDA:254,127,0,0
BRDA:254,127,1,0
BRDA:254,128,0,0
BRDA:254,128,1,0
BRDA:254,128,2,0
BRDA:255,129,0,0
BRDA:255,129,1,0
BRDA:262,130,0,0
BRDA:262,130,1,0
BRDA:274,131,0,0
BRDA:274,131,1,0
BRDA:275,132,0,0
BRDA:275,132,1,0
BRDA:276,133,0,0
BRDA:276,133,1,0
BRDA:277,134,0,0
BRDA:277,134,1,0
BRDA:278,135,0,0
BRDA:278,135,1,0
BRDA:278,136,0,0
BRDA:278,136,1,0
BRDA:278,136,2,0
BRDA:279,137,0,0
BRDA:279,137,1,0
BRDA:281,138,0,0
BRDA:281,138,1,0
BRDA:290,139,0,0
BRDA:290,139,1,0
BRDA:292,140,0,0
BRDA:292,140,1,0
BRDA:295,141,0,0
BRDA:295,141,1,0
BRDA:295,142,0,0
BRDA:295,142,1,0
BRDA:295,143,0,0
BRDA:295,143,1,0
BRDA:295,144,0,0
BRDA:295,144,1,0
BRDA:296,145,0,0
BRDA:296,145,1,0
BRDA:297,146,0,0
BRDA:297,146,1,0
BRDA:299,147,0,0
BRDA:299,147,1,0
BRDA:306,148,0,0
BRDA:306,148,1,0
BRDA:502,149,0,0
BRDA:502,149,1,0
BRDA:508,150,0,0
BRDA:508,150,1,0
BRDA:514,151,0,0
BRDA:514,151,1,0
BRDA:514,152,0,0
BRDA:514,152,1,0
BRDA:520,153,0,0
BRDA:520,153,1,0
BRDA:520,154,0,0
BRDA:520,154,1,0
BRDA:520,154,2,0
BRDA:525,155,0,0
BRDA:525,155,1,0
BRDA:527,156,0,0
BRDA:527,156,1,0
BRDA:527,157,0,0
BRDA:527,157,1,0
BRDA:528,158,0,0
BRDA:528,158,1,0
BRDA:528,159,0,0
BRDA:528,159,1,0
BRDA:528,160,0,0
BRDA:528,160,1,0
BRDA:529,161,0,0
BRDA:529,161,1,0
BRDA:529,162,0,0
BRDA:529,162,1,0
BRDA:529,163,0,0
BRDA:529,163,1,0
BRDA:533,164,0,0
BRDA:533,164,1,0
BRDA:534,165,0,0
BRDA:534,165,1,0
BRDA:534,166,0,0
BRDA:534,166,1,0
BRDA:538,167,0,0
BRDA:538,167,1,0
BRDA:539,168,0,0
BRDA:539,168,1,0
BRDA:539,169,0,0
BRDA:539,169,1,0
BRDA:540,170,0,0
BRDA:540,170,1,0
BRDA:540,171,0,0
BRDA:540,171,1,0
BRDA:540,172,0,0
BRDA:540,172,1,0
BRDA:540,173,0,0
BRDA:540,173,1,0
BRDA:542,174,0,0
BRDA:542,174,1,0
BRDA:542,175,0,0
BRDA:542,175,1,0
BRDA:543,176,0,0
BRDA:543,176,1,0
BRDA:543,177,0,0
BRDA:543,177,1,0
BRDA:543,178,0,0
BRDA:543,178,1,0
BRDA:543,179,0,0
BRDA:543,179,1,0
BRDA:543,180,0,0
BRDA:543,180,1,0
BRDA:544,181,0,0
BRDA:544,181,1,0
BRDA:545,182,0,0
BRDA:545,182,1,0
BRDA:546,183,0,0
BRDA:546,183,1,0
BRDA:546,184,0,0
BRDA:546,184,1,0
BRDA:547,185,0,0
BRDA:547,185,1,0
BRDA:547,186,0,0
BRDA:547,186,1,0
BRDA:547,187,0,0
BRDA:547,187,1,0
BRDA:547,188,0,0
BRDA:547,188,1,0
BRDA:547,189,0,0
BRDA:547,189,1,0
BRDA:547,190,0,0
BRDA:547,190,1,0
BRDA:548,191,0,0
BRDA:548,191,1,0
BRDA:548,192,0,0
BRDA:548,192,1,0
BRDA:549,193,0,0
BRDA:549,193,1,0
BRDA:549,194,0,0
BRDA:549,194,1,0
BRDA:549,195,0,0
BRDA:549,195,1,0
BRDA:549,196,0,0
BRDA:549,196,1,0
BRDA:549,197,0,0
BRDA:549,197,1,0
BRDA:549,198,0,0
BRDA:549,198,1,0
BRDA:549,199,0,0
BRDA:549,199,1,0
BRDA:549,200,0,0
BRDA:549,200,1,0
BRDA:549,201,0,0
BRDA:549,201,1,0
BRDA:549,202,0,0
BRDA:549,202,1,0
BRDA:549,203,0,0
BRDA:549,203,1,0
BRDA:549,204,0,0
BRDA:549,204,1,0
BRDA:549,205,0,0
BRDA:549,205,1,0
BRDA:549,206,0,0
BRDA:549,206,1,0
BRDA:549,207,0,0
BRDA:549,207,1,0
BRDA:552,208,0,0
BRDA:552,208,1,0
BRDA:552,209,0,0
BRDA:552,209,1,0
BRDA:552,210,0,0
BRDA:552,210,1,0
BRDA:552,211,0,0
BRDA:552,211,1,0
BRDA:552,212,0,0
BRDA:552,212,1,0
BRDA:552,213,0,0
BRDA:552,213,1,0
BRDA:552,214,0,0
BRDA:552,214,1,0
BRDA:553,215,0,0
BRDA:553,215,1,0
BRDA:553,216,0,0
BRDA:553,216,1,0
BRDA:553,217,0,0
BRDA:553,217,1,0
BRDA:553,218,0,0
BRDA:553,218,1,0
BRDA:553,219,0,0
BRDA:553,219,1,0
BRDA:556,220,0,0
BRDA:556,220,1,0
BRDA:556,221,0,0
BRDA:556,221,1,0
BRDA:556,222,0,0
BRDA:556,222,1,0
BRDA:556,223,0,0
BRDA:556,223,1,0
BRDA:556,224,0,0
BRDA:556,224,1,0
BRDA:556,225,0,0
BRDA:556,225,1,0
BRDA:556,226,0,0
BRDA:556,226,1,0
BRDA:557,227,0,0
BRDA:557,227,1,0
BRDA:558,228,0,0
BRDA:558,228,1,0
BRDA:558,229,0,0
BRDA:558,229,1,0
BRDA:558,230,0,0
BRDA:558,230,1,0
BRDA:559,231,0,0
BRDA:559,231,1,0
BRDA:559,232,0,0
BRDA:559,232,1,0
BRDA:560,233,0,0
BRDA:560,233,1,0
BRDA:560,234,0,0
BRDA:560,234,1,0
BRDA:560,235,0,0
BRDA:560,235,1,0
BRDA:560,236,0,0
BRDA:560,236,1,0
BRDA:560,237,0,0
BRDA:560,237,1,0
BRDA:560,238,0,0
BRDA:560,238,1,0
BRDA:560,239,0,0
BRDA:560,239,1,0
BRDA:560,240,0,0
BRDA:560,240,1,0
BRDA:560,241,0,0
BRDA:560,241,1,0
BRDA:560,242,0,0
BRDA:560,242,1,0
BRDA:560,243,0,0
BRDA:560,243,1,0
BRDA:560,244,0,0
BRDA:560,244,1,0
BRDA:560,245,0,0
BRDA:560,245,1,0
BRDA:561,246,0,0
BRDA:561,246,1,0
BRDA:562,247,0,0
BRDA:562,247,1,0
BRDA:562,248,0,0
BRDA:562,248,1,0
BRDA:562,249,0,0
BRDA:562,249,1,0
BRDA:562,250,0,0
BRDA:562,250,1,0
BRDA:562,251,0,0
BRDA:562,251,1,0
BRDA:562,252,0,0
BRDA:562,252,1,0
BRDA:562,253,0,0
BRDA:562,253,1,0
BRDA:562,254,0,0
BRDA:562,254,1,0
BRDA:562,255,0,0
BRDA:562,255,1,0
BRDA:562,256,0,0
BRDA:562,256,1,0
BRDA:562,257,0,0
BRDA:562,257,1,0
BRDA:562,258,0,0
BRDA:562,258,1,0
BRDA:562,259,0,0
BRDA:562,259,1,0
BRDA:562,260,0,0
BRDA:562,260,1,0
BRDA:563,261,0,0
BRDA:563,261,1,0
BRDA:564,262,0,0
BRDA:564,262,1,0
BRDA:565,263,0,0
BRDA:565,263,1,0
BRDA:565,264,0,0
BRDA:565,264,1,0
BRDA:575,265,0,0
BRDA:575,265,1,0
BRDA:575,266,0,0
BRDA:575,266,1,0
BRDA:576,267,0,0
BRDA:576,267,1,0
BRDA:576,267,2,0
BRDA:577,268,0,0
BRDA:577,268,1,0
BRDA:579,269,0,0
BRDA:579,269,1,0
BRDA:582,270,0,0
BRDA:582,270,1,0
BRDA:582,271,0,0
BRDA:582,271,1,0
BRDA:582,272,0,0
BRDA:582,272,1,0
BRDA:583,273,0,0
BRDA:583,273,1,0
BRDA:583,274,0,0
BRDA:583,274,1,0
BRDA:583,274,2,0
BRDA:583,275,0,0
BRDA:583,275,1,0
BRDA:583,276,0,0
BRDA:583,276,1,0
BRDA:584,277,0,0
BRDA:584,277,1,0
BRDA:584,278,0,0
BRDA:584,278,1,0
BRDA:584,278,2,0
BRDA:585,279,0,0
BRDA:585,279,1,0
BRDA:585,280,0,0
BRDA:585,280,1,0
BRDA:585,281,0,0
BRDA:585,281,1,0
BRDA:586,282,0,0
BRDA:586,282,1,0
BRDA:588,283,0,0
BRDA:588,283,1,0
BRDA:590,284,0,0
BRDA:590,284,1,0
BRDA:591,285,0,0
BRDA:591,285,1,0
BRDA:592,286,0,0
BRDA:592,286,1,0
BRDA:592,287,0,0
BRDA:592,287,1,0
BRDA:592,288,0,0
BRDA:592,288,1,0
BRDA:592,289,0,0
BRDA:592,289,1,0
BRDA:592,290,0,0
BRDA:592,290,1,0
BRDA:592,291,0,0
BRDA:592,291,1,0
BRDA:592,292,0,0
BRDA:592,292,1,0
BRDA:592,293,0,0
BRDA:592,293,1,0
BRDA:592,294,0,0
BRDA:592,294,1,0
BRDA:592,295,0,0
BRDA:592,295,1,0
BRDA:592,296,0,0
BRDA:592,296,1,0
BRDA:594,297,0,0
BRDA:594,297,1,0
BRDA:594,298,0,0
BRDA:594,298,1,0
BRDA:594,299,0,0
BRDA:594,299,1,0
BRDA:594,300,0,0
BRDA:594,300,1,0
BRDA:595,301,0,0
BRDA:595,301,1,0
BRDA:595,302,0,0
BRDA:595,302,1,0
BRDA:595,303,0,0
BRDA:595,303,1,0
BRDA:595,304,0,0
BRDA:595,304,1,0
BRDA:595,305,0,0
BRDA:595,305,1,0
BRDA:595,306,0,0
BRDA:595,306,1,0
BRDA:596,307,0,0
BRDA:596,307,1,0
BRDA:596,308,0,0
BRDA:596,308,1,0
BRDA:596,309,0,0
BRDA:596,309,1,0
BRDA:596,310,0,0
BRDA:596,310,1,0
BRDA:596,311,0,0
BRDA:596,311,1,0
BRDA:596,312,0,0
BRDA:596,312,1,0
BRDA:596,313,0,0
BRDA:596,313,1,0
BRDA:596,314,0,0
BRDA:596,314,1,0
BRDA:596,315,0,0
BRDA:596,315,1,0
BRDA:596,316,0,0
BRDA:596,316,1,0
BRDA:596,317,0,0
BRDA:596,317,1,0
BRDA:596,318,0,0
BRDA:596,318,1,0
BRDA:596,319,0,0
BRDA:596,319,1,0
BRDA:597,320,0,0
BRDA:597,320,1,0
BRDA:597,321,0,0
BRDA:597,321,1,0
BRDA:597,322,0,0
BRDA:597,322,1,0
BRDA:597,323,0,0
BRDA:597,323,1,0
BRDA:599,324,0,0
BRDA:599,324,1,0
BRDA:599,325,0,0
BRDA:599,325,1,0
BRDA:599,326,0,0
BRDA:599,326,1,0
BRDA:599,327,0,0
BRDA:599,327,1,0
BRDA:599,328,0,0
BRDA:599,328,1,0
BRDA:599,329,0,0
BRDA:599,329,1,0
BRDA:599,330,0,0
BRDA:599,330,1,0
BRDA:599,331,0,0
BRDA:599,331,1,0
BRDA:599,332,0,0
BRDA:599,332,1,0
BRDA:599,333,0,0
BRDA:599,333,1,0
BRDA:600,334,0,0
BRDA:600,334,1,0
BRDA:600,335,0,0
BRDA:600,335,1,0
BRDA:600,336,0,0
BRDA:600,336,1,0
BRDA:600,337,0,0
BRDA:600,337,1,0
BRDA:600,338,0,0
BRDA:600,338,1,0
BRDA:600,339,0,0
BRDA:600,339,1,0
BRDA:600,340,0,0
BRDA:600,340,1,0
BRDA:600,341,0,0
BRDA:600,341,1,0
BRDA:600,342,0,0
BRDA:600,342,1,0
BRDA:600,343,0,0
BRDA:600,343,1,0
BRDA:600,344,0,0
BRDA:600,344,1,0
BRDA:600,345,0,0
BRDA:600,345,1,0
BRDA:600,346,0,0
BRDA:600,346,1,0
BRDA:600,347,0,0
BRDA:600,347,1,0
BRDA:600,348,0,0
BRDA:600,348,1,0
BRDA:600,349,0,0
BRDA:600,349,1,0
BRDA:600,350,0,0
BRDA:600,350,1,0
BRDA:600,351,0,0
BRDA:600,351,1,0
BRDA:601,352,0,0
BRDA:601,352,1,0
BRDA:601,353,0,0
BRDA:601,353,1,0
BRDA:601,354,0,0
BRDA:601,354,1,0
BRDA:601,355,0,0
BRDA:601,355,1,0
BRDA:601,356,0,0
BRDA:601,356,1,0
BRDA:603,357,0,0
BRDA:603,357,1,0
BRDA:603,358,0,0
BRDA:603,358,1,0
BRDA:603,359,0,0
BRDA:603,359,1,0
BRDA:603,360,0,0
BRDA:603,360,1,0
BRDA:603,361,0,0
BRDA:603,361,1,0
BRDA:603,362,0,0
BRDA:603,362,1,0
BRDA:603,363,0,0
BRDA:603,363,1,0
BRDA:603,364,0,0
BRDA:603,364,1,0
BRDA:603,365,0,0
BRDA:603,365,1,0
BRDA:604,366,0,0
BRDA:604,366,1,0
BRDA:604,367,0,0
BRDA:604,367,1,0
BRDA:604,368,0,0
BRDA:604,368,1,0
BRDA:604,369,0,0
BRDA:604,369,1,0
BRDA:604,370,0,0
BRDA:604,370,1,0
BRDA:604,371,0,0
BRDA:604,371,1,0
BRDA:604,372,0,0
BRDA:604,372,1,0
BRDA:604,373,0,0
BRDA:604,373,1,0
BRDA:604,374,0,0
BRDA:604,374,1,0
BRDA:604,375,0,0
BRDA:604,375,1,0
BRDA:604,376,0,0
BRDA:604,376,1,0
BRDA:604,377,0,0
BRDA:604,377,1,0
BRDA:604,378,0,0
BRDA:604,378,1,0
BRDA:604,379,0,0
BRDA:604,379,1,0
BRDA:604,380,0,0
BRDA:604,380,1,0
BRDA:604,381,0,0
BRDA:604,381,1,0
BRDA:605,382,0,0
BRDA:605,382,1,0
BRDA:605,383,0,0
BRDA:605,383,1,0
BRDA:605,384,0,0
BRDA:605,384,1,0
BRDA:605,385,0,0
BRDA:605,385,1,0
BRDA:605,386,0,0
BRDA:605,386,1,0
BRDA:605,387,0,0
BRDA:605,387,1,0
BRDA:605,388,0,0
BRDA:605,388,1,0
BRDA:605,389,0,0
BRDA:605,389,1,0
BRDA:607,390,0,0
BRDA:607,390,1,0
BRDA:607,391,0,0
BRDA:607,391,1,0
BRDA:607,392,0,0
BRDA:607,392,1,0
BRDA:607,393,0,0
BRDA:607,393,1,0
BRDA:608,394,0,0
BRDA:608,394,1,0
BRDA:608,395,0,0
BRDA:608,395,1,0
BRDA:608,396,0,0
BRDA:608,396,1,0
BRDA:608,397,0,0
BRDA:608,397,1,0
BRDA:608,398,0,0
BRDA:608,398,1,0
BRDA:608,399,0,0
BRDA:608,399,1,0
BRDA:608,400,0,0
BRDA:608,400,1,0
BRDA:608,401,0,0
BRDA:608,401,1,0
BRDA:608,402,0,0
BRDA:608,402,1,0
BRDA:608,403,0,0
BRDA:608,403,1,0
BRDA:609,404,0,0
BRDA:609,404,1,0
BRDA:609,405,0,0
BRDA:609,405,1,0
BRDA:613,406,0,0
BRDA:613,406,1,0
BRDA:613,407,0,0
BRDA:613,407,1,0
BRDA:617,408,0,0
BRDA:617,408,1,0
BRDA:617,409,0,0
BRDA:617,409,1,0
BRDA:618,410,0,0
BRDA:618,410,1,0
BRDA:619,411,0,0
BRDA:619,411,1,0
BRDA:619,412,0,0
BRDA:619,412,1,0
BRDA:621,413,0,0
BRDA:621,413,1,0
BRDA:621,414,0,0
BRDA:621,414,1,0
BRDA:629,415,0,0
BRDA:629,415,1,0
BRDA:629,416,0,0
BRDA:629,416,1,0
BRDA:630,417,0,0
BRDA:630,417,1,0
BRDA:632,418,0,0
BRDA:632,418,1,0
BRDA:633,419,0,0
BRDA:633,419,1,0
BRDA:635,420,0,0
BRDA:635,420,1,0
BRDA:636,421,0,0
BRDA:636,421,1,0
BRDA:638,422,0,0
BRDA:638,422,1,0
BRDA:648,423,0,0
BRDA:648,423,1,0
BRDA:648,424,0,0
BRDA:648,424,1,0
BRDA:648,425,0,0
BRDA:648,425,1,0
BRDA:652,426,0,0
BRDA:652,426,1,0
BRDA:652,427,0,0
BRDA:652,427,1,0
BRDA:652,428,0,0
BRDA:652,428,1,0
BRDA:653,429,0,0
BRDA:653,429,1,0
BRDA:653,430,0,0
BRDA:653,430,1,0
BRDA:653,431,0,0
BRDA:653,431,1,0
BRDA:654,432,0,0
BRDA:654,432,1,0
BRDA:654,433,0,0
BRDA:654,433,1,0
BRDA:654,434,0,0
BRDA:654,434,1,0
BRDA:655,435,0,0
BRDA:655,435,1,0
BRDA:655,436,0,0
BRDA:655,436,1,0
BRDA:655,437,0,0
BRDA:655,437,1,0
BRDA:656,438,0,0
BRDA:656,438,1,0
BRDA:656,439,0,0
BRDA:656,439,1,0
BRDA:657,440,0,0
BRDA:657,440,1,0
BRDA:657,441,0,0
BRDA:657,441,1,0
BRDA:657,442,0,0
BRDA:657,442,1,0
BRDA:657,443,0,0
BRDA:657,443,1,0
BRDA:661,444,0,0
BRDA:661,444,1,0
BRDA:662,445,0,0
BRDA:662,445,1,0
BRDA:662,446,0,0
BRDA:662,446,1,0
BRDA:663,447,0,0
BRDA:663,447,1,0
BRDA:663,448,0,0
BRDA:663,448,1,0
BRDA:664,449,0,0
BRDA:664,449,1,0
BRDA:664,450,0,0
BRDA:664,450,1,0
BRDA:665,451,0,0
BRDA:665,451,1,0
BRDA:666,452,0,0
BRDA:666,452,1,0
BRDA:667,453,0,0
BRDA:667,453,1,0
BRDA:667,454,0,0
BRDA:667,454,1,0
BRDA:671,455,0,0
BRDA:671,455,1,0
BRDA:672,456,0,0
BRDA:672,456,1,0
BRDA:675,457,0,0
BRDA:675,457,1,0
BRDA:676,458,0,0
BRDA:676,458,1,0
BRDA:676,459,0,0
BRDA:676,459,1,0
BRDA:676,460,0,0
BRDA:676,460,1,0
BRDA:676,461,0,0
BRDA:676,461,1,0
BRDA:677,462,0,0
BRDA:677,462,1,0
BRDA:679,463,0,0
BRDA:679,463,1,0
BRDA:679,464,0,0
BRDA:679,464,1,0
BRDA:683,465,0,0
BRDA:683,465,1,0
BRDA:686,466,0,0
BRDA:686,466,1,0
BRDA:690,467,0,0
BRDA:690,467,1,0
BRDA:691,468,0,0
BRDA:691,468,1,0
BRDA:692,469,0,0
BRDA:692,469,1,0
BRDA:692,470,0,0
BRDA:692,470,1,0
BRDA:692,471,0,0
BRDA:692,471,1,0
BRDA:693,472,0,0
BRDA:693,472,1,0
BRDA:693,473,0,0
BRDA:693,473,1,0
BRDA:694,474,0,0
BRDA:694,474,1,0
BRDA:695,475,0,0
BRDA:695,475,1,0
BRDA:697,476,0,0
BRDA:697,476,1,0
BRDA:697,477,0,0
BRDA:697,477,1,0
BRDA:697,478,0,0
BRDA:697,478,1,0
BRDA:697,479,0,0
BRDA:697,479,1,0
BRDA:697,480,0,0
BRDA:697,480,1,0
BRDA:697,481,0,0
BRDA:697,481,1,0
BRDA:697,482,0,0
BRDA:697,482,1,0
BRDA:697,483,0,0
BRDA:697,483,1,0
BRDA:698,484,0,0
BRDA:698,484,1,0
BRDA:698,485,0,0
BRDA:698,485,1,0
BRDA:698,486,0,0
BRDA:698,486,1,0
BRDA:698,487,0,0
BRDA:698,487,1,0
BRDA:698,488,0,0
BRDA:698,488,1,0
BRDA:698,489,0,0
BRDA:698,489,1,0
BRDA:698,490,0,0
BRDA:698,490,1,0
BRDA:699,491,0,0
BRDA:699,491,1,0
BRDA:699,492,0,0
BRDA:699,492,1,0
BRDA:699,493,0,0
BRDA:699,493,1,0
BRDA:699,494,0,0
BRDA:699,494,1,0
BRDA:699,495,0,0
BRDA:699,495,1,0
BRDA:699,496,0,0
BRDA:699,496,1,0
BRDA:699,497,0,0
BRDA:699,497,1,0
BRDA:699,498,0,0
BRDA:699,498,1,0
BRDA:700,499,0,0
BRDA:700,499,1,0
BRDA:700,500,0,0
BRDA:700,500,1,0
BRDA:700,501,0,0
BRDA:700,501,1,0
BRDA:700,502,0,0
BRDA:700,502,1,0
BRDA:700,503,0,0
BRDA:700,503,1,0
BRDA:700,504,0,0
BRDA:700,504,1,0
BRDA:700,505,0,0
BRDA:700,505,1,0
BRDA:700,506,0,0
BRDA:700,506,1,0
BRDA:701,507,0,0
BRDA:701,507,1,0
BRDA:701,508,0,0
BRDA:701,508,1,0
BRDA:701,509,0,0
BRDA:701,509,1,0
BRDA:702,510,0,0
BRDA:702,510,1,0
BRDA:702,511,0,0
BRDA:702,511,1,0
BRDA:703,512,0,0
BRDA:703,512,1,0
BRDA:703,513,0,0
BRDA:703,513,1,0
BRDA:703,514,0,0
BRDA:703,514,1,0
BRDA:704,515,0,0
BRDA:704,515,1,0
BRDA:704,516,0,0
BRDA:704,516,1,0
BRDA:704,517,0,0
BRDA:704,517,1,0
BRDA:707,518,0,0
BRDA:707,518,1,0
BRDA:707,519,0,0
BRDA:707,519,1,0
BRDA:707,520,0,0
BRDA:707,520,1,0
BRDA:708,521,0,0
BRDA:708,521,1,0
BRDA:708,522,0,0
BRDA:708,522,1,0
BRDA:709,523,0,0
BRDA:709,523,1,0
BRDA:709,524,0,0
BRDA:709,524,1,0
BRDA:710,525,0,0
BRDA:710,525,1,0
BRDA:710,526,0,0
BRDA:710,526,1,0
BRDA:710,527,0,0
BRDA:710,527,1,0
BRDA:710,528,0,0
BRDA:710,528,1,0
BRDA:710,529,0,0
BRDA:710,529,1,0
BRDA:710,530,0,0
BRDA:710,530,1,0
BRDA:711,531,0,0
BRDA:711,531,1,0
BRDA:711,532,0,0
BRDA:711,532,1,0
BRDA:711,532,2,0
BRDA:711,532,3,0
BRDA:711,532,4,0
BRDA:711,533,0,0
BRDA:711,533,1,0
BRDA:711,534,0,0
BRDA:711,534,1,0
BRDA:711,535,0,0
BRDA:711,535,1,0
BRDA:711,535,2,0
BRDA:711,536,0,0
BRDA:711,536,1,0
BRDA:711,537,0,0
BRDA:711,537,1,0
BRDA:711,537,2,0
BRDA:711,538,0,0
BRDA:711,538,1,0
BRDA:711,539,0,0
BRDA:711,539,1,0
BRDA:711,539,2,0
BRDA:711,540,0,0
BRDA:711,540,1,0
BRDA:711,540,2,0
BRDA:711,541,0,0
BRDA:711,541,1,0
BRDA:711,541,2,0
BRDA:711,542,0,0
BRDA:711,542,1,0
BRDA:711,542,2,0
BRDA:711,543,0,0
BRDA:711,543,1,0
BRDA:711,544,0,0
BRDA:711,544,1,0
BRDA:711,545,0,0
BRDA:711,545,1,0
BRDA:711,546,0,0
BRDA:711,546,1,0
BRDA:711,547,0,0
BRDA:711,547,1,0
BRDA:711,547,2,0
BRDA:711,548,0,0
BRDA:711,548,1,0
BRDA:711,549,0,0
BRDA:711,549,1,0
BRDA:711,550,0,0
BRDA:711,550,1,0
BRDA:711,550,2,0
BRDA:711,550,3,0
BRDA:711,551,0,0
BRDA:711,551,1,0
BRDA:711,552,0,0
BRDA:711,552,1,0
BRDA:711,553,0,0
BRDA:711,553,1,0
BRDA:711,553,2,0
BRDA:711,554,0,0
BRDA:711,554,1,0
BRDA:711,554,2,0
BRDA:711,555,0,0
BRDA:711,555,1,0
BRDA:711,555,2,0
BRDA:711,555,3,0
BRDA:711,556,0,0
BRDA:711,556,1,0
BRDA:711,557,0,0
BRDA:711,557,1,0
BRDA:711,557,2,0
BRDA:711,557,3,0
BRDA:711,557,4,0
BRDA:711,557,5,0
BRDA:711,558,0,0
BRDA:711,558,1,0
BRDA:711,559,0,0
BRDA:711,559,1,0
BRDA:711,560,0,0
BRDA:711,560,1,0
BRDA:711,560,2,0
BRDA:711,561,0,0
BRDA:711,561,1,0
BRDA:711,562,0,0
BRDA:711,562,1,0
BRDA:711,562,2,0
BRDA:711,563,0,0
BRDA:711,563,1,0
BRDA:711,564,0,0
BRDA:711,564,1,0
BRDA:711,565,0,0
BRDA:711,565,1,0
BRDA:711,565,2,0
BRDA:711,566,0,0
BRDA:711,566,1,0
BRDA:711,567,0,0
BRDA:711,567,1,0
BRDA:711,568,0,0
BRDA:711,568,1,0
BRDA:711,569,0,0
BRDA:711,569,1,0
BRDA:712,570,0,0
BRDA:712,570,1,0
BRDA:712,571,0,0
BRDA:712,571,1,0
BRDA:712,572,0,0
BRDA:712,572,1,0
BRDA:712,573,0,0
BRDA:712,573,1,0
BRDA:712,574,0,0
BRDA:712,574,1,0
BRDA:712,575,0,0
BRDA:712,575,1,0
BRDA:715,576,0,0
BRDA:715,576,1,0
BRDA:715,577,0,0
BRDA:715,577,1,0
BRDA:716,578,0,0
BRDA:716,578,1,0
BRDA:716,579,0,0
BRDA:716,579,1,0
BRDA:716,580,0,0
BRDA:716,580,1,0
BRDA:716,581,0,0
BRDA:716,581,1,0
BRDA:717,582,0,0
BRDA:717,582,1,0
BRDA:718,583,0,0
BRDA:718,583,1,0
BRDA:718,584,0,0
BRDA:718,584,1,0
BRDA:718,585,0,0
BRDA:718,585,1,0
BRDA:719,586,0,0
BRDA:719,586,1,0
BRDA:719,587,0,0
BRDA:719,587,1,0
BRDA:720,588,0,0
BRDA:720,588,1,0
BRDA:720,589,0,0
BRDA:720,589,1,0
BRDA:721,590,0,0
BRDA:721,590,1,0
BRDA:722,591,0,0
BRDA:722,591,1,0
BRDA:723,592,0,0
BRDA:723,592,1,0
BRDA:723,593,0,0
BRDA:723,593,1,0
BRDA:723,594,0,0
BRDA:723,594,1,0
BRDA:726,595,0,0
BRDA:726,595,1,0
BRDA:726,596,0,0
BRDA:726,596,1,0
BRDA:726,597,0,0
BRDA:726,597,1,0
BRDA:727,598,0,0
BRDA:727,598,1,0
BRDA:727,599,0,0
BRDA:727,599,1,0
BRDA:727,600,0,0
BRDA:727,600,1,0
BRDA:727,601,0,0
BRDA:727,601,1,0
BRDA:727,602,0,0
BRDA:727,602,1,0
BRDA:727,603,0,0
BRDA:727,603,1,0
BRDA:727,604,0,0
BRDA:727,604,1,0
BRDA:732,605,0,0
BRDA:732,605,1,0
BRDA:732,606,0,0
BRDA:732,606,1,0
BRDA:733,607,0,0
BRDA:733,607,1,0
BRDA:735,608,0,0
BRDA:735,608,1,0
BRDA:735,609,0,0
BRDA:735,609,1,0
BRDA:736,610,0,0
BRDA:736,610,1,0
BRDA:737,611,0,0
BRDA:737,611,1,0
BRDA:737,612,0,0
BRDA:737,612,1,0
BRDA:738,613,0,0
BRDA:738,613,1,0
BRDA:738,614,0,0
BRDA:738,614,1,0
BRDA:738,614,2,0
BRDA:742,615,0,0
BRDA:742,615,1,0
BRDA:742,616,0,0
BRDA:742,616,1,0
BRDA:743,617,0,0
BRDA:743,617,1,0
BRDA:743,618,0,0
BRDA:743,618,1,0
BRDA:744,619,0,0
BRDA:744,619,1,0
BRDA:745,620,0,0
BRDA:745,620,1,0
BRDA:745,621,0,0
BRDA:745,621,1,0
BRDA:746,622,0,0
BRDA:746,622,1,0
BRDA:746,623,0,0
BRDA:746,623,1,0
BRDA:747,624,0,0
BRDA:747,624,1,0
BRDA:747,625,0,0
BRDA:747,625,1,0
BRDA:748,626,0,0
BRDA:748,626,1,0
BRDA:748,627,0,0
BRDA:748,627,1,0
BRDA:749,628,0,0
BRDA:749,628,1,0
BRDA:749,629,0,0
BRDA:749,629,1,0
BRDA:749,630,0,0
BRDA:749,630,1,0
BRDA:749,631,0,0
BRDA:749,631,1,0
BRDA:749,632,0,0
BRDA:749,632,1,0
BRDA:749,633,0,0
BRDA:749,633,1,0
BRDA:750,634,0,0
BRDA:750,634,1,0
BRDA:750,635,0,0
BRDA:750,635,1,0
BRDA:756,636,0,0
BRDA:756,636,1,0
BRDA:760,637,0,0
BRDA:760,637,1,0
BRDA:761,638,0,0
BRDA:761,638,1,0
BRDA:762,639,0,0
BRDA:762,639,1,0
BRDA:765,640,0,0
BRDA:765,640,1,0
BRDA:766,641,0,0
BRDA:766,641,1,0
BRDA:767,642,0,0
BRDA:767,642,1,0
BRDA:768,643,0,0
BRDA:768,643,1,0
BRDA:769,644,0,0
BRDA:769,644,1,0
BRDA:770,645,0,0
BRDA:770,645,1,0
BRDA:771,646,0,0
BRDA:771,646,1,0
BRDA:772,647,0,0
BRDA:772,647,1,0
BRDA:773,648,0,0
BRDA:773,648,1,0
BRDA:773,649,0,0
BRDA:773,649,1,0
BRDA:774,650,0,0
BRDA:774,650,1,0
BRDA:775,651,0,0
BRDA:775,651,1,0
BRDA:776,652,0,0
BRDA:776,652,1,0
BRDA:777,653,0,0
BRDA:777,653,1,0
BRDA:778,654,0,0
BRDA:778,654,1,0
BRDA:779,655,0,0
BRDA:779,655,1,0
BRDA:779,656,0,0
BRDA:779,656,1,0
BRDA:779,657,0,0
BRDA:779,657,1,0
BRDA:779,658,0,0
BRDA:779,658,1,0
BRDA:780,659,0,0
BRDA:780,659,1,0
BRDA:781,660,0,0
BRDA:781,660,1,0
BRDA:782,661,0,0
BRDA:782,661,1,0
BRDA:783,662,0,0
BRDA:783,662,1,0
BRDA:784,663,0,0
BRDA:784,663,1,0
BRDA:784,664,0,0
BRDA:784,664,1,0
BRDA:784,665,0,0
BRDA:784,665,1,0
BRDA:784,666,0,0
BRDA:784,666,1,0
BRDA:785,667,0,0
BRDA:785,667,1,0
BRDA:785,668,0,0
BRDA:785,668,1,0
BRDA:786,669,0,0
BRDA:786,669,1,0
BRDA:786,670,0,0
BRDA:786,670,1,0
BRDA:786,671,0,0
BRDA:786,671,1,0
BRDA:786,672,0,0
BRDA:786,672,1,0
BRDA:787,673,0,0
BRDA:787,673,1,0
BRDA:787,674,0,0
BRDA:787,674,1,0
BRDA:788,675,0,0
BRDA:788,675,1,0
BRDA:788,676,0,0
BRDA:788,676,1,0
BRDA:788,677,0,0
BRDA:788,677,1,0
BRDA:788,678,0,0
BRDA:788,678,1,0
BRDA:788,679,0,0
BRDA:788,679,1,0
BRDA:789,680,0,0
BRDA:789,680,1,0
BRDA:790,681,0,0
BRDA:790,681,1,0
BRDA:791,682,0,0
BRDA:791,682,1,0
BRDA:792,683,0,0
BRDA:792,683,1,0
BRDA:793,684,0,0
BRDA:793,684,1,0
BRDA:794,685,0,0
BRDA:794,685,1,0
BRDA:794,686,0,0
BRDA:794,686,1,0
BRDA:795,687,0,0
BRDA:795,687,1,0
BRDA:796,688,0,0
BRDA:796,688,1,0
BRDA:796,689,0,0
BRDA:796,689,1,0
BRDA:797,690,0,0
BRDA:797,690,1,0
BRDA:798,691,0,0
BRDA:798,691,1,0
BRDA:799,692,0,0
BRDA:799,692,1,0
BRDA:800,693,0,0
BRDA:800,693,1,0
BRDA:800,694,0,0
BRDA:800,694,1,0
BRDA:801,695,0,0
BRDA:801,695,1,0
BRDA:801,696,0,0
BRDA:801,696,1,0
BRDA:802,697,0,0
BRDA:802,697,1,0
BRDA:802,698,0,0
BRDA:802,698,1,0
BRDA:803,699,0,0
BRDA:803,699,1,0
BRDA:803,700,0,0
BRDA:803,700,1,0
BRDA:804,701,0,0
BRDA:804,701,1,0
BRDA:804,702,0,0
BRDA:804,702,1,0
BRDA:805,703,0,0
BRDA:805,703,1,0
BRDA:805,704,0,0
BRDA:805,704,1,0
BRDA:805,705,0,0
BRDA:805,705,1,0
BRDA:805,706,0,0
BRDA:805,706,1,0
BRDA:806,707,0,0
BRDA:806,707,1,0
BRDA:807,708,0,0
BRDA:807,708,1,0
BRDA:807,709,0,0
BRDA:807,709,1,0
BRDA:808,710,0,0
BRDA:808,710,1,0
BRDA:809,711,0,0
BRDA:809,711,1,0
BRDA:809,712,0,0
BRDA:809,712,1,0
BRDA:810,713,0,0
BRDA:810,713,1,0
BRDA:810,714,0,0
BRDA:810,714,1,0
BRDA:811,715,0,0
BRDA:811,715,1,0
BRDA:811,716,0,0
BRDA:811,716,1,0
BRDA:811,717,0,0
BRDA:811,717,1,0
BRDA:811,718,0,0
BRDA:811,718,1,0
BRDA:811,719,0,0
BRDA:811,719,1,0
BRDA:811,720,0,0
BRDA:811,720,1,0
BRDA:812,721,0,0
BRDA:812,721,1,0
BRDA:813,722,0,0
BRDA:813,722,1,0
BRDA:813,723,0,0
BRDA:813,723,1,0
BRDA:814,724,0,0
BRDA:814,724,1,0
BRDA:815,725,0,0
BRDA:815,725,1,0
BRDA:815,726,0,0
BRDA:815,726,1,0
BRDA:816,727,0,0
BRDA:816,727,1,0
BRDA:816,728,0,0
BRDA:816,728,1,0
BRDA:817,729,0,0
BRDA:817,729,1,0
BRDA:817,730,0,0
BRDA:817,730,1,0
BRDA:817,731,0,0
BRDA:817,731,1,0
BRDA:817,732,0,0
BRDA:817,732,1,0
BRDA:817,733,0,0
BRDA:817,733,1,0
BRDA:817,734,0,0
BRDA:817,734,1,0
BRDA:818,735,0,0
BRDA:818,735,1,0
BRDA:819,736,0,0
BRDA:819,736,1,0
BRDA:820,737,0,0
BRDA:820,737,1,0
BRDA:821,738,0,0
BRDA:821,738,1,0
BRDA:822,739,0,0
BRDA:822,739,1,0
BRDA:823,740,0,0
BRDA:823,740,1,0
BRDA:823,741,0,0
BRDA:823,741,1,0
BRDA:823,742,0,0
BRDA:823,742,1,0
BRDA:823,743,0,0
BRDA:823,743,1,0
BRDA:824,744,0,0
BRDA:824,744,1,0
BRDA:825,745,0,0
BRDA:825,745,1,0
BRDA:825,746,0,0
BRDA:825,746,1,0
BRDA:825,747,0,0
BRDA:825,747,1,0
BRDA:825,748,0,0
BRDA:825,748,1,0
BRDA:826,749,0,0
BRDA:826,749,1,0
BRDA:827,750,0,0
BRDA:827,750,1,0
BRDA:827,751,0,0
BRDA:827,751,1,0
BRDA:827,752,0,0
BRDA:827,752,1,0
BRDA:828,753,0,0
BRDA:828,753,1,0
BRDA:829,754,0,0
BRDA:829,754,1,0
BRDA:830,755,0,0
BRDA:830,755,1,0
BRDA:830,756,0,0
BRDA:830,756,1,0
BRDA:832,757,0,0
BRDA:832,757,1,0
BRDA:833,758,0,0
BRDA:833,758,1,0
BRDA:833,759,0,0
BRDA:833,759,1,0
BRDA:833,760,0,0
BRDA:833,760,1,0
BRDA:833,761,0,0
BRDA:833,761,1,0
BRDA:833,762,0,0
BRDA:833,762,1,0
BRDA:833,763,0,0
BRDA:833,763,1,0
BRDA:833,764,0,0
BRDA:833,764,1,0
BRDA:833,765,0,0
BRDA:833,765,1,0
BRDA:833,766,0,0
BRDA:833,766,1,0
BRDA:833,767,0,0
BRDA:833,767,1,0
BRDA:833,768,0,0
BRDA:833,768,1,0
BRDA:833,769,0,0
BRDA:833,769,1,0
BRDA:833,770,0,0
BRDA:833,770,1,0
BRDA:833,771,0,0
BRDA:833,771,1,0
BRDA:833,772,0,0
BRDA:833,772,1,0
BRDA:833,773,0,0
BRDA:833,773,1,0
BRDA:833,774,0,0
BRDA:833,774,1,0
BRDA:833,775,0,0
BRDA:833,775,1,0
BRDA:833,776,0,0
BRDA:833,776,1,0
BRDA:834,777,0,0
BRDA:834,777,1,0
BRDA:834,778,0,0
BRDA:834,778,1,0
BRDA:834,779,0,0
BRDA:834,779,1,0
BRDA:835,780,0,0
BRDA:835,780,1,0
BRDA:835,781,0,0
BRDA:835,781,1,0
BRDA:836,782,0,0
BRDA:836,782,1,0
BRDA:836,783,0,0
BRDA:836,783,1,0
BRDA:836,783,2,0
BRDA:841,784,0,0
BRDA:841,784,1,0
BRDA:844,785,0,0
BRDA:844,785,1,0
BRDA:847,786,0,0
BRDA:847,786,1,0
BRDA:847,787,0,0
BRDA:847,787,1,0
BRDA:848,788,0,0
BRDA:848,788,1,0
BRDA:849,789,0,0
BRDA:849,789,1,0
BRDA:850,790,0,0
BRDA:850,790,1,0
BRDA:851,791,0,0
BRDA:851,791,1,0
BRDA:852,792,0,0
BRDA:852,792,1,0
BRDA:853,793,0,0
BRDA:853,793,1,0
BRDA:854,794,0,0
BRDA:854,794,1,0
BRDA:858,795,0,0
BRDA:858,795,1,0
BRDA:859,796,0,0
BRDA:859,796,1,0
BRDA:865,797,0,0
BRDA:865,797,1,0
BRDA:865,798,0,0
BRDA:865,798,1,0
BRDA:865,799,0,0
BRDA:865,799,1,0
BRDA:865,800,0,0
BRDA:865,800,1,0
BRDA:865,801,0,0
BRDA:865,801,1,0
BRDA:865,802,0,0
BRDA:865,802,1,0
BRDA:865,803,0,0
BRDA:865,803,1,0
BRDA:865,804,0,0
BRDA:865,804,1,0
BRDA:865,805,0,0
BRDA:865,805,1,0
BRDA:865,806,0,0
BRDA:865,806,1,0
BRDA:865,807,0,0
BRDA:865,807,1,0
BRDA:865,808,0,0
BRDA:865,808,1,0
BRDA:865,809,0,0
BRDA:865,809,1,0
BRDA:865,810,0,0
BRDA:865,810,1,0
BRDA:865,811,0,0
BRDA:865,811,1,0
BRDA:866,812,0,0
BRDA:866,812,1,0
BRDA:867,813,0,0
BRDA:867,813,1,0
BRDA:870,814,0,0
BRDA:870,814,1,0
BRDA:870,815,0,0
BRDA:870,815,1,0
BRDA:889,816,0,0
BRDA:889,816,1,0
BRDA:897,817,0,0
BRDA:897,817,1,0
BRDA:907,818,0,0
BRDA:907,818,1,0
BRDA:907,819,0,0
BRDA:907,819,1,0
BRDA:916,820,0,0
BRDA:916,820,1,0
BRDA:918,821,0,0
BRDA:918,821,1,0
BRDA:921,822,0,0
BRDA:921,822,1,0
BRF:1679
BRH:0
end_of_record
